This file contains any messages produced by compilers while
running configure, to aid debugging if configure makes a mistake.

It was created by rtems-cpukit configure 4.10.2, which was
generated by GNU Autoconf 2.68.  Invocation command line was

  $ ../../../../../rtems-4.10/c/src/../../cpukit/configure --prefix=/opt/rtems-4.10 --host=sparc-rtems4.10 --build=i686-pc-linux-gnu --target=sparc-rtems4.10 --disable-itron --disable-tests --enable-cxx --disable-docs --enable-multiprocessing --enable-drvmgr --with-target-subdir=sparc-rtems4.10 --exec-prefix=/opt/rtems-4.10/sparc-rtems4.10 --includedir=/opt/rtems-4.10/sparc-rtems4.10/include build_alias=i686-pc-linux-gnu host_alias=sparc-rtems4.10 target_alias=sparc-rtems4.10 --with-project-root=../../ --with-project-top=../../ RTEMS_BSP=leon3 RTEMS_CPU_MODEL=leon3 RTEMS_BSP_FAMILY=leon3 CFLAGS=-mcpu=cypress -msoft-float -O2 -g -Wall -Wimplicit-function-declaration -Wstrict-prototypes -Wnested-externs --with-project-root=../../../leon3/ --includedir=/opt/rtems-4.10/sparc-rtems4.10/leon3/lib/include --libdir=/opt/rtems-4.10/sparc-rtems4.10/leon3/lib --cache-file=/dev/null --srcdir=../../../../../rtems-4.10/c/src/../../cpukit

## --------- ##
## Platform. ##
## --------- ##

hostname = ubuntu
uname -m = i686
uname -r = 3.13.0-32-generic
uname -s = Linux
uname -v = #57-Ubuntu SMP Tue Jul 15 03:51:12 UTC 2014

/usr/bin/uname -p = unknown
/bin/uname -X     = unknown

/bin/arch              = unknown
/usr/bin/arch -k       = unknown
/usr/convex/getsysinfo = unknown
/usr/bin/hostinfo      = unknown
/bin/machine           = unknown
/usr/bin/oslevel       = unknown
/bin/universe          = unknown

PATH: /usr/local/sbin
PATH: /usr/local/bin
PATH: /usr/sbin
PATH: /usr/bin
PATH: /sbin
PATH: /bin
PATH: /usr/games
PATH: /usr/local/games
PATH: /opt/sparc-linux/usr/bin
PATH: /opt/rtems-4.10/bin
PATH: /opt/mkprom2


## ----------- ##
## Core tests. ##
## ----------- ##

configure:2552: checking for gmake
configure:2582: result: no
configure:2552: checking for make
configure:2568: found /usr/bin/make
configure:2579: result: make
configure:2667: checking build system type
configure:2681: result: i686-pc-linux-gnu
configure:2701: checking host system type
configure:2714: result: sparc-unknown-rtems4.10
configure:2735: checking rtems target cpu
configure:2746: result: sparc
configure:2766: checking for a BSD-compatible install
configure:2834: result: /usr/bin/install -c
configure:2845: checking whether build environment is sane
configure:2895: result: yes
configure:2944: checking for sparc-rtems4.10-strip
configure:2960: found /opt/rtems-4.10/bin/sparc-rtems4.10-strip
configure:2971: result: sparc-rtems4.10-strip
configure:3036: checking for a thread-safe mkdir -p
configure:3075: result: /bin/mkdir -p
configure:3088: checking for gawk
configure:3118: result: no
configure:3088: checking for mawk
configure:3104: found /usr/bin/mawk
configure:3115: result: mawk
configure:3126: checking whether make sets $(MAKE)
configure:3148: result: yes
configure:3211: checking whether to enable maintainer-specific portions of Makefiles
configure:3220: result: no
configure:3396: checking if cpu sparc is supported
configure:3399: result: yes
configure:3417: checking for style of include used by make
configure:3445: result: GNU
configure:3478: checking for sparc-rtems4.10-gcc
configure:3494: found /opt/rtems-4.10/bin/sparc-rtems4.10-gcc
configure:3505: result: sparc-rtems4.10-gcc
configure:3524: checking for sparc-rtems4.10-gcc
configure:3551: result: sparc-rtems4.10-gcc
configure:3820: checking for C compiler version
configure:3829: sparc-rtems4.10-gcc --version >&5
sparc-rtems4.10-gcc (GCC) 4.4.7
Copyright (C) 2010 Free Software Foundation, Inc.
This is free software; see the source for copying conditions.  There is NO
warranty; not even for MERCHANTABILITY or FITNESS FOR A PARTICULAR PURPOSE.

configure:3840: $? = 0
configure:3829: sparc-rtems4.10-gcc -v >&5
Using built-in specs.
Target: sparc-rtems4.10
Configured with: ../gcc-4.4.7/configure --target=sparc-rtems4.10 --with-gnu-as --with-gnu-ld --with-newlib --verbose --enable-threads --enable-languages=c,c++ --prefix=/opt/rtems-4.10 --with-gmp=/usr/local/gmp-4.3.2 --with-mpfr=/usr/local/mpfr-2.4.2 --with-mpc=/usr/local/mpc-0.8.1
Thread model: rtems
gcc version 4.4.7 (GCC) 
configure:3840: $? = 0
configure:3829: sparc-rtems4.10-gcc -V >&5
sparc-rtems4.10-gcc: '-V' option must have argument
configure:3840: $? = 1
configure:3829: sparc-rtems4.10-gcc -qversion >&5
sparc-rtems4.10-gcc: unrecognized option '-qversion'
sparc-rtems4.10-gcc: no input files
configure:3840: $? = 1
configure:3860: checking whether the C compiler works
configure:3882: sparc-rtems4.10-gcc -mcpu=cypress -msoft-float -O2 -g -Wall -Wimplicit-function-declaration -Wstrict-prototypes -Wnested-externs   conftest.c  >&5
conftest.c:12: warning: function declaration isn't a prototype
/opt/rtems-4.10/lib/gcc/sparc-rtems4.10/4.4.7/../../../../sparc-rtems4.10/bin/ld: warning: cannot find entry symbol _start; defaulting to 00010074
configure:3886: $? = 0
configure:3934: result: yes
configure:3937: checking for C compiler default output file name
configure:3939: result: a.out
configure:3945: checking for suffix of executables
configure:3952: sparc-rtems4.10-gcc -o conftest -mcpu=cypress -msoft-float -O2 -g -Wall -Wimplicit-function-declaration -Wstrict-prototypes -Wnested-externs   conftest.c  >&5
conftest.c:12: warning: function declaration isn't a prototype
/opt/rtems-4.10/lib/gcc/sparc-rtems4.10/4.4.7/../../../../sparc-rtems4.10/bin/ld: warning: cannot find entry symbol _start; defaulting to 00010074
configure:3956: $? = 0
configure:3978: result: 
configure:4000: checking whether we are cross compiling
configure:4038: result: yes
configure:4043: checking for suffix of object files
configure:4065: sparc-rtems4.10-gcc -c -mcpu=cypress -msoft-float -O2 -g -Wall -Wimplicit-function-declaration -Wstrict-prototypes -Wnested-externs  conftest.c >&5
conftest.c:12: warning: function declaration isn't a prototype
configure:4069: $? = 0
configure:4090: result: o
configure:4094: checking whether we are using the GNU C compiler
configure:4113: sparc-rtems4.10-gcc -c -mcpu=cypress -msoft-float -O2 -g -Wall -Wimplicit-function-declaration -Wstrict-prototypes -Wnested-externs  conftest.c >&5
conftest.c:12: warning: function declaration isn't a prototype
configure:4113: $? = 0
configure:4122: result: yes
configure:4131: checking whether sparc-rtems4.10-gcc accepts -g
configure:4151: sparc-rtems4.10-gcc -c -g  conftest.c >&5
configure:4151: $? = 0
configure:4192: result: yes
configure:4209: checking for sparc-rtems4.10-gcc option to accept ISO C89
configure:4273: sparc-rtems4.10-gcc  -c -mcpu=cypress -msoft-float -O2 -g -Wall -Wimplicit-function-declaration -Wstrict-prototypes -Wnested-externs  conftest.c >&5
conftest.c:17: warning: function declaration isn't a prototype
conftest.c:54: warning: function declaration isn't a prototype
configure:4273: $? = 0
configure:4286: result: none needed
configure:4308: checking dependency style of sparc-rtems4.10-gcc
configure:4418: result: gcc3
configure:4438: checking how to run the C preprocessor
configure:4469: sparc-rtems4.10-gcc -E  conftest.c
configure:4469: $? = 0
configure:4483: sparc-rtems4.10-gcc -E  conftest.c
conftest.c:9:28: error: ac_nonexistent.h: No such file or directory
configure:4483: $? = 1
configure: failed program was:
| /* confdefs.h */
| #define PACKAGE_NAME "rtems-cpukit"
| #define PACKAGE_TARNAME "rtems-cpukit"
| #define PACKAGE_VERSION "4.10.2"
| #define PACKAGE_STRING "rtems-cpukit 4.10.2"
| #define PACKAGE_BUGREPORT "http://www.rtems.org/bugzilla"
| #define PACKAGE_URL ""
| /* end confdefs.h.  */
| #include <ac_nonexistent.h>
configure:4508: result: sparc-rtems4.10-gcc -E
configure:4528: sparc-rtems4.10-gcc -E  conftest.c
configure:4528: $? = 0
configure:4542: sparc-rtems4.10-gcc -E  conftest.c
conftest.c:9:28: error: ac_nonexistent.h: No such file or directory
configure:4542: $? = 1
configure: failed program was:
| /* confdefs.h */
| #define PACKAGE_NAME "rtems-cpukit"
| #define PACKAGE_TARNAME "rtems-cpukit"
| #define PACKAGE_VERSION "4.10.2"
| #define PACKAGE_STRING "rtems-cpukit 4.10.2"
| #define PACKAGE_BUGREPORT "http://www.rtems.org/bugzilla"
| #define PACKAGE_URL ""
| /* end confdefs.h.  */
| #include <ac_nonexistent.h>
configure:4573: checking whether sparc-rtems4.10-gcc accepts --pipe
configure:4589: result: yes
configure:4620: checking dependency style of sparc-rtems4.10-gcc --pipe
configure:4728: result: gcc3
configure:4753: checking for sparc-rtems4.10-ar
configure:4769: found /opt/rtems-4.10/bin/sparc-rtems4.10-ar
configure:4781: result: sparc-rtems4.10-ar
configure:4797: checking for sparc-rtems4.10-ranlib
configure:4813: found /opt/rtems-4.10/bin/sparc-rtems4.10-ranlib
configure:4825: result: sparc-rtems4.10-ranlib
configure:4836: checking whether sparc-rtems4.10-gcc --pipe and cc understand -c and -o together
configure:4867: sparc-rtems4.10-gcc --pipe -c conftest.c -o conftest2.o >&5
configure:4871: $? = 0
configure:4877: sparc-rtems4.10-gcc --pipe -c conftest.c -o conftest2.o >&5
configure:4881: $? = 0
configure:4892: cc -c conftest.c >&5
configure:4896: $? = 0
configure:4904: cc -c conftest.c -o conftest2.o >&5
configure:4908: $? = 0
configure:4914: cc -c conftest.c -o conftest2.o >&5
configure:4918: $? = 0
configure:4936: result: yes
configure:4964: checking for sparc-rtems4.10-ranlib
configure:4991: result: sparc-rtems4.10-ranlib
configure:5055: checking for RTEMS newlib
configure:5072: sparc-rtems4.10-gcc --pipe -o conftest -mcpu=cypress -msoft-float -O2 -g -Wall -Wimplicit-function-declaration -Wstrict-prototypes -Wnested-externs   conftest.c  >&5
conftest.c:9: warning: function declaration isn't a prototype
conftest.c:12: warning: function declaration isn't a prototype
/opt/rtems-4.10/lib/gcc/sparc-rtems4.10/4.4.7/../../../../sparc-rtems4.10/bin/ld: warning: cannot find entry symbol _start; defaulting to 00010074
configure:5072: $? = 0
configure:5101: result: yes
configure:5122: checking for strsep
configure:5122: sparc-rtems4.10-gcc --pipe -o conftest -mcpu=cypress -msoft-float -O2 -g -Wall -Wimplicit-function-declaration -Wstrict-prototypes -Wnested-externs   conftest.c  >&5
conftest.c:33: warning: function declaration isn't a prototype
conftest.c:43: warning: function declaration isn't a prototype
/opt/rtems-4.10/lib/gcc/sparc-rtems4.10/4.4.7/../../../../sparc-rtems4.10/bin/ld: warning: cannot find entry symbol _start; defaulting to 00010074
configure:5122: $? = 0
configure:5122: result: yes
configure:5122: checking for strcasecmp
configure:5122: sparc-rtems4.10-gcc --pipe -o conftest -mcpu=cypress -msoft-float -O2 -g -Wall -Wimplicit-function-declaration -Wstrict-prototypes -Wnested-externs   conftest.c  >&5
conftest.c:34: warning: function declaration isn't a prototype
conftest.c:34: warning: conflicting types for built-in function 'strcasecmp'
conftest.c:44: warning: function declaration isn't a prototype
/opt/rtems-4.10/lib/gcc/sparc-rtems4.10/4.4.7/../../../../sparc-rtems4.10/bin/ld: warning: cannot find entry symbol _start; defaulting to 00010074
configure:5122: $? = 0
configure:5122: result: yes
configure:5122: checking for snprintf
configure:5122: sparc-rtems4.10-gcc --pipe -o conftest -mcpu=cypress -msoft-float -O2 -g -Wall -Wimplicit-function-declaration -Wstrict-prototypes -Wnested-externs   conftest.c  >&5
conftest.c:35: warning: function declaration isn't a prototype
conftest.c:35: warning: conflicting types for built-in function 'snprintf'
conftest.c:45: warning: function declaration isn't a prototype
/opt/rtems-4.10/lib/gcc/sparc-rtems4.10/4.4.7/../../../../sparc-rtems4.10/bin/ld: warning: cannot find entry symbol _start; defaulting to 00010074
configure:5122: $? = 0
configure:5122: result: yes
configure:5134: checking for strdup
configure:5134: sparc-rtems4.10-gcc --pipe -o conftest -mcpu=cypress -msoft-float -O2 -g -Wall -Wimplicit-function-declaration -Wstrict-prototypes -Wnested-externs   conftest.c  >&5
conftest.c:36: warning: function declaration isn't a prototype
conftest.c:36: warning: conflicting types for built-in function 'strdup'
conftest.c:46: warning: function declaration isn't a prototype
/opt/rtems-4.10/lib/gcc/sparc-rtems4.10/4.4.7/../../../../sparc-rtems4.10/bin/ld: warning: cannot find entry symbol _start; defaulting to 00010074
configure:5134: $? = 0
configure:5134: result: yes
configure:5134: checking for strndup
configure:5134: sparc-rtems4.10-gcc --pipe -o conftest -mcpu=cypress -msoft-float -O2 -g -Wall -Wimplicit-function-declaration -Wstrict-prototypes -Wnested-externs   conftest.c  >&5
conftest.c:37: warning: function declaration isn't a prototype
conftest.c:37: warning: conflicting types for built-in function 'strndup'
conftest.c:47: warning: function declaration isn't a prototype
/opt/rtems-4.10/lib/gcc/sparc-rtems4.10/4.4.7/../../../../sparc-rtems4.10/bin/ld: warning: cannot find entry symbol _start; defaulting to 00010074
configure:5134: $? = 0
configure:5134: result: yes
configure:5134: checking for strncasecmp
configure:5134: sparc-rtems4.10-gcc --pipe -o conftest -mcpu=cypress -msoft-float -O2 -g -Wall -Wimplicit-function-declaration -Wstrict-prototypes -Wnested-externs   conftest.c  >&5
conftest.c:38: warning: function declaration isn't a prototype
conftest.c:38: warning: conflicting types for built-in function 'strncasecmp'
conftest.c:48: warning: function declaration isn't a prototype
/opt/rtems-4.10/lib/gcc/sparc-rtems4.10/4.4.7/../../../../sparc-rtems4.10/bin/ld: warning: cannot find entry symbol _start; defaulting to 00010074
configure:5134: $? = 0
configure:5134: result: yes
configure:5146: checking for bcopy
configure:5146: sparc-rtems4.10-gcc --pipe -o conftest -mcpu=cypress -msoft-float -O2 -g -Wall -Wimplicit-function-declaration -Wstrict-prototypes -Wnested-externs   conftest.c  >&5
conftest.c:39: warning: function declaration isn't a prototype
conftest.c:39: warning: conflicting types for built-in function 'bcopy'
conftest.c:49: warning: function declaration isn't a prototype
/opt/rtems-4.10/lib/gcc/sparc-rtems4.10/4.4.7/../../../../sparc-rtems4.10/bin/ld: warning: cannot find entry symbol _start; defaulting to 00010074
configure:5146: $? = 0
configure:5146: result: yes
configure:5146: checking for bcmp
configure:5146: sparc-rtems4.10-gcc --pipe -o conftest -mcpu=cypress -msoft-float -O2 -g -Wall -Wimplicit-function-declaration -Wstrict-prototypes -Wnested-externs   conftest.c  >&5
conftest.c:40: warning: function declaration isn't a prototype
conftest.c:40: warning: conflicting types for built-in function 'bcmp'
conftest.c:50: warning: function declaration isn't a prototype
/opt/rtems-4.10/lib/gcc/sparc-rtems4.10/4.4.7/../../../../sparc-rtems4.10/bin/ld: warning: cannot find entry symbol _start; defaulting to 00010074
configure:5146: $? = 0
configure:5146: result: yes
configure:5158: checking for isascii
configure:5158: sparc-rtems4.10-gcc --pipe -o conftest -mcpu=cypress -msoft-float -O2 -g -Wall -Wimplicit-function-declaration -Wstrict-prototypes -Wnested-externs   conftest.c  >&5
conftest.c:41: warning: function declaration isn't a prototype
conftest.c:41: warning: conflicting types for built-in function 'isascii'
conftest.c:51: warning: function declaration isn't a prototype
/opt/rtems-4.10/lib/gcc/sparc-rtems4.10/4.4.7/../../../../sparc-rtems4.10/bin/ld: warning: cannot find entry symbol _start; defaulting to 00010074
configure:5158: $? = 0
configure:5158: result: yes
configure:5158: checking for fileno
configure:5158: sparc-rtems4.10-gcc --pipe -o conftest -mcpu=cypress -msoft-float -O2 -g -Wall -Wimplicit-function-declaration -Wstrict-prototypes -Wnested-externs   conftest.c  >&5
conftest.c:42: warning: function declaration isn't a prototype
conftest.c:52: warning: function declaration isn't a prototype
/opt/rtems-4.10/lib/gcc/sparc-rtems4.10/4.4.7/../../../../sparc-rtems4.10/bin/ld: warning: cannot find entry symbol _start; defaulting to 00010074
configure:5158: $? = 0
configure:5158: result: yes
configure:5176: checking for sleep
configure:5176: sparc-rtems4.10-gcc --pipe -o conftest -mcpu=cypress -msoft-float -O2 -g -Wall -Wimplicit-function-declaration -Wstrict-prototypes -Wnested-externs   conftest.c  >&5
conftest.c:43: warning: function declaration isn't a prototype
conftest.c:53: warning: function declaration isn't a prototype
/opt/rtems-4.10/lib/gcc/sparc-rtems4.10/4.4.7/../../../../sparc-rtems4.10/bin/ld: warning: cannot find entry symbol _start; defaulting to 00010074
configure:5176: $? = 0
configure:5176: result: yes
configure:5176: checking for usleep
configure:5176: sparc-rtems4.10-gcc --pipe -o conftest -mcpu=cypress -msoft-float -O2 -g -Wall -Wimplicit-function-declaration -Wstrict-prototypes -Wnested-externs   conftest.c  >&5
conftest.c:44: warning: function declaration isn't a prototype
conftest.c:54: warning: function declaration isn't a prototype
/opt/rtems-4.10/lib/gcc/sparc-rtems4.10/4.4.7/../../../../sparc-rtems4.10/bin/ld: warning: cannot find entry symbol _start; defaulting to 00010074
configure:5176: $? = 0
configure:5176: result: yes
configure:5176: checking for opendir
configure:5176: sparc-rtems4.10-gcc --pipe -o conftest -mcpu=cypress -msoft-float -O2 -g -Wall -Wimplicit-function-declaration -Wstrict-prototypes -Wnested-externs   conftest.c  >&5
conftest.c:45: warning: function declaration isn't a prototype
conftest.c:55: warning: function declaration isn't a prototype
/opt/rtems-4.10/lib/gcc/sparc-rtems4.10/4.4.7/../../../../sparc-rtems4.10/bin/ld: warning: cannot find entry symbol _start; defaulting to 00010074
configure:5176: $? = 0
configure:5176: result: yes
configure:5176: checking for closedir
configure:5176: sparc-rtems4.10-gcc --pipe -o conftest -mcpu=cypress -msoft-float -O2 -g -Wall -Wimplicit-function-declaration -Wstrict-prototypes -Wnested-externs   conftest.c  >&5
conftest.c:46: warning: function declaration isn't a prototype
conftest.c:56: warning: function declaration isn't a prototype
/opt/rtems-4.10/lib/gcc/sparc-rtems4.10/4.4.7/../../../../sparc-rtems4.10/bin/ld: warning: cannot find entry symbol _start; defaulting to 00010074
configure:5176: $? = 0
configure:5176: result: yes
configure:5176: checking for readdir
configure:5176: sparc-rtems4.10-gcc --pipe -o conftest -mcpu=cypress -msoft-float -O2 -g -Wall -Wimplicit-function-declaration -Wstrict-prototypes -Wnested-externs   conftest.c  >&5
conftest.c:47: warning: function declaration isn't a prototype
conftest.c:57: warning: function declaration isn't a prototype
/opt/rtems-4.10/lib/gcc/sparc-rtems4.10/4.4.7/../../../../sparc-rtems4.10/bin/ld: warning: cannot find entry symbol _start; defaulting to 00010074
configure:5176: $? = 0
configure:5176: result: yes
configure:5176: checking for readdir_r
configure:5176: sparc-rtems4.10-gcc --pipe -o conftest -mcpu=cypress -msoft-float -O2 -g -Wall -Wimplicit-function-declaration -Wstrict-prototypes -Wnested-externs   conftest.c  >&5
conftest.c:48: warning: function declaration isn't a prototype
conftest.c:58: warning: function declaration isn't a prototype
/opt/rtems-4.10/lib/gcc/sparc-rtems4.10/4.4.7/../../../../sparc-rtems4.10/bin/ld: warning: cannot find entry symbol _start; defaulting to 00010074
configure:5176: $? = 0
configure:5176: result: yes
configure:5176: checking for rewinddir
configure:5176: sparc-rtems4.10-gcc --pipe -o conftest -mcpu=cypress -msoft-float -O2 -g -Wall -Wimplicit-function-declaration -Wstrict-prototypes -Wnested-externs   conftest.c  >&5
conftest.c:49: warning: function declaration isn't a prototype
conftest.c:59: warning: function declaration isn't a prototype
/opt/rtems-4.10/lib/gcc/sparc-rtems4.10/4.4.7/../../../../sparc-rtems4.10/bin/ld: warning: cannot find entry symbol _start; defaulting to 00010074
configure:5176: $? = 0
configure:5176: result: yes
configure:5176: checking for scandir
configure:5176: sparc-rtems4.10-gcc --pipe -o conftest -mcpu=cypress -msoft-float -O2 -g -Wall -Wimplicit-function-declaration -Wstrict-prototypes -Wnested-externs   conftest.c  >&5
conftest.c:50: warning: function declaration isn't a prototype
conftest.c:60: warning: function declaration isn't a prototype
/opt/rtems-4.10/lib/gcc/sparc-rtems4.10/4.4.7/../../../../sparc-rtems4.10/bin/ld: warning: cannot find entry symbol _start; defaulting to 00010074
configure:5176: $? = 0
configure:5176: result: yes
configure:5176: checking for seekdir
configure:5176: sparc-rtems4.10-gcc --pipe -o conftest -mcpu=cypress -msoft-float -O2 -g -Wall -Wimplicit-function-declaration -Wstrict-prototypes -Wnested-externs   conftest.c  >&5
conftest.c:51: warning: function declaration isn't a prototype
conftest.c:61: warning: function declaration isn't a prototype
/opt/rtems-4.10/lib/gcc/sparc-rtems4.10/4.4.7/../../../../sparc-rtems4.10/bin/ld: warning: cannot find entry symbol _start; defaulting to 00010074
configure:5176: $? = 0
configure:5176: result: yes
configure:5176: checking for telldir
configure:5176: sparc-rtems4.10-gcc --pipe -o conftest -mcpu=cypress -msoft-float -O2 -g -Wall -Wimplicit-function-declaration -Wstrict-prototypes -Wnested-externs   conftest.c  >&5
conftest.c:52: warning: function declaration isn't a prototype
conftest.c:62: warning: function declaration isn't a prototype
/opt/rtems-4.10/lib/gcc/sparc-rtems4.10/4.4.7/../../../../sparc-rtems4.10/bin/ld: warning: cannot find entry symbol _start; defaulting to 00010074
configure:5176: $? = 0
configure:5176: result: yes
configure:5176: checking for isatty
configure:5176: sparc-rtems4.10-gcc --pipe -o conftest -mcpu=cypress -msoft-float -O2 -g -Wall -Wimplicit-function-declaration -Wstrict-prototypes -Wnested-externs   conftest.c  >&5
conftest.c:53: warning: function declaration isn't a prototype
conftest.c:63: warning: function declaration isn't a prototype
/opt/rtems-4.10/lib/gcc/sparc-rtems4.10/4.4.7/../../../../sparc-rtems4.10/bin/ld: warning: cannot find entry symbol _start; defaulting to 00010074
configure:5176: $? = 0
configure:5176: result: yes
configure:5187: checking for creat
configure:5187: sparc-rtems4.10-gcc --pipe -o conftest -mcpu=cypress -msoft-float -O2 -g -Wall -Wimplicit-function-declaration -Wstrict-prototypes -Wnested-externs   conftest.c  >&5
conftest.c:54: warning: function declaration isn't a prototype
conftest.c:64: warning: function declaration isn't a prototype
/opt/rtems-4.10/lib/gcc/sparc-rtems4.10/4.4.7/../../../../sparc-rtems4.10/bin/ld: warning: cannot find entry symbol _start; defaulting to 00010074
configure:5187: $? = 0
configure:5187: result: yes
configure:5198: checking for __assert
configure:5198: sparc-rtems4.10-gcc --pipe -o conftest -mcpu=cypress -msoft-float -O2 -g -Wall -Wimplicit-function-declaration -Wstrict-prototypes -Wnested-externs   conftest.c  >&5
conftest.c:55: warning: function declaration isn't a prototype
conftest.c:65: warning: function declaration isn't a prototype
/opt/rtems-4.10/lib/gcc/sparc-rtems4.10/4.4.7/../../../../sparc-rtems4.10/bin/ld: warning: cannot find entry symbol _start; defaulting to 00010074
configure:5198: $? = 0
configure:5198: result: yes
configure:5210: checking for execl
configure:5210: sparc-rtems4.10-gcc --pipe -o conftest -mcpu=cypress -msoft-float -O2 -g -Wall -Wimplicit-function-declaration -Wstrict-prototypes -Wnested-externs   conftest.c  >&5
conftest.c:56: warning: function declaration isn't a prototype
conftest.c:56: warning: conflicting types for built-in function 'execl'
conftest.c:66: warning: function declaration isn't a prototype
/opt/rtems-4.10/lib/gcc/sparc-rtems4.10/4.4.7/../../../../sparc-rtems4.10/bin/ld: warning: cannot find entry symbol _start; defaulting to 00010074
configure:5210: $? = 0
configure:5210: result: yes
configure:5210: checking for execlp
configure:5210: sparc-rtems4.10-gcc --pipe -o conftest -mcpu=cypress -msoft-float -O2 -g -Wall -Wimplicit-function-declaration -Wstrict-prototypes -Wnested-externs   conftest.c  >&5
conftest.c:57: warning: function declaration isn't a prototype
conftest.c:57: warning: conflicting types for built-in function 'execlp'
conftest.c:67: warning: function declaration isn't a prototype
/opt/rtems-4.10/lib/gcc/sparc-rtems4.10/4.4.7/../../../../sparc-rtems4.10/bin/ld: warning: cannot find entry symbol _start; defaulting to 00010074
configure:5210: $? = 0
configure:5210: result: yes
configure:5210: checking for execle
configure:5210: sparc-rtems4.10-gcc --pipe -o conftest -mcpu=cypress -msoft-float -O2 -g -Wall -Wimplicit-function-declaration -Wstrict-prototypes -Wnested-externs   conftest.c  >&5
conftest.c:58: warning: function declaration isn't a prototype
conftest.c:58: warning: conflicting types for built-in function 'execle'
conftest.c:68: warning: function declaration isn't a prototype
/opt/rtems-4.10/lib/gcc/sparc-rtems4.10/4.4.7/../../../../sparc-rtems4.10/bin/ld: warning: cannot find entry symbol _start; defaulting to 00010074
configure:5210: $? = 0
configure:5210: result: yes
configure:5210: checking for execv
configure:5210: sparc-rtems4.10-gcc --pipe -o conftest -mcpu=cypress -msoft-float -O2 -g -Wall -Wimplicit-function-declaration -Wstrict-prototypes -Wnested-externs   conftest.c  >&5
conftest.c:59: warning: function declaration isn't a prototype
conftest.c:59: warning: conflicting types for built-in function 'execv'
conftest.c:69: warning: function declaration isn't a prototype
/opt/rtems-4.10/lib/gcc/sparc-rtems4.10/4.4.7/../../../../sparc-rtems4.10/bin/ld: warning: cannot find entry symbol _start; defaulting to 00010074
configure:5210: $? = 0
configure:5210: result: yes
configure:5210: checking for execvp
configure:5210: sparc-rtems4.10-gcc --pipe -o conftest -mcpu=cypress -msoft-float -O2 -g -Wall -Wimplicit-function-declaration -Wstrict-prototypes -Wnested-externs   conftest.c  >&5
conftest.c:60: warning: function declaration isn't a prototype
conftest.c:60: warning: conflicting types for built-in function 'execvp'
conftest.c:70: warning: function declaration isn't a prototype
/opt/rtems-4.10/lib/gcc/sparc-rtems4.10/4.4.7/../../../../sparc-rtems4.10/bin/ld: warning: cannot find entry symbol _start; defaulting to 00010074
configure:5210: $? = 0
configure:5210: result: yes
configure:5210: checking for execve
configure:5210: sparc-rtems4.10-gcc --pipe -o conftest -mcpu=cypress -msoft-float -O2 -g -Wall -Wimplicit-function-declaration -Wstrict-prototypes -Wnested-externs   conftest.c  >&5
conftest.c:61: warning: function declaration isn't a prototype
conftest.c:61: warning: conflicting types for built-in function 'execve'
conftest.c:71: warning: function declaration isn't a prototype
/opt/rtems-4.10/lib/gcc/sparc-rtems4.10/4.4.7/../../../../sparc-rtems4.10/bin/ld: warning: cannot find entry symbol _start; defaulting to 00010074
configure:5210: $? = 0
configure:5210: result: yes
configure:5222: checking for regcomp
configure:5222: sparc-rtems4.10-gcc --pipe -o conftest -mcpu=cypress -msoft-float -O2 -g -Wall -Wimplicit-function-declaration -Wstrict-prototypes -Wnested-externs   conftest.c  >&5
conftest.c:62: warning: function declaration isn't a prototype
conftest.c:72: warning: function declaration isn't a prototype
/opt/rtems-4.10/lib/gcc/sparc-rtems4.10/4.4.7/../../../../sparc-rtems4.10/bin/ld: warning: cannot find entry symbol _start; defaulting to 00010074
configure:5222: $? = 0
configure:5222: result: yes
configure:5222: checking for regexec
configure:5222: sparc-rtems4.10-gcc --pipe -o conftest -mcpu=cypress -msoft-float -O2 -g -Wall -Wimplicit-function-declaration -Wstrict-prototypes -Wnested-externs   conftest.c  >&5
conftest.c:63: warning: function declaration isn't a prototype
conftest.c:73: warning: function declaration isn't a prototype
/opt/rtems-4.10/lib/gcc/sparc-rtems4.10/4.4.7/../../../../sparc-rtems4.10/bin/ld: warning: cannot find entry symbol _start; defaulting to 00010074
configure:5222: $? = 0
configure:5222: result: yes
configure:5222: checking for regerror
configure:5222: sparc-rtems4.10-gcc --pipe -o conftest -mcpu=cypress -msoft-float -O2 -g -Wall -Wimplicit-function-declaration -Wstrict-prototypes -Wnested-externs   conftest.c  >&5
conftest.c:64: warning: function declaration isn't a prototype
conftest.c:74: warning: function declaration isn't a prototype
/opt/rtems-4.10/lib/gcc/sparc-rtems4.10/4.4.7/../../../../sparc-rtems4.10/bin/ld: warning: cannot find entry symbol _start; defaulting to 00010074
configure:5222: $? = 0
configure:5222: result: yes
configure:5222: checking for regfree
configure:5222: sparc-rtems4.10-gcc --pipe -o conftest -mcpu=cypress -msoft-float -O2 -g -Wall -Wimplicit-function-declaration -Wstrict-prototypes -Wnested-externs   conftest.c  >&5
conftest.c:65: warning: function declaration isn't a prototype
conftest.c:75: warning: function declaration isn't a prototype
/opt/rtems-4.10/lib/gcc/sparc-rtems4.10/4.4.7/../../../../sparc-rtems4.10/bin/ld: warning: cannot find entry symbol _start; defaulting to 00010074
configure:5222: $? = 0
configure:5222: result: yes
configure:5232: checking whether flockfile is declared
configure:5232: sparc-rtems4.10-gcc --pipe -c -mcpu=cypress -msoft-float -O2 -g -Wall -Wimplicit-function-declaration -Wstrict-prototypes -Wnested-externs  conftest.c >&5
conftest.c:47: warning: function declaration isn't a prototype
configure:5232: $? = 0
configure:5232: result: yes
configure:5246: checking for flockfile
configure:5246: sparc-rtems4.10-gcc --pipe -o conftest -mcpu=cypress -msoft-float -O2 -g -Wall -Wimplicit-function-declaration -Wstrict-prototypes -Wnested-externs   conftest.c  >&5
conftest.c:67: warning: function declaration isn't a prototype
conftest.c:77: warning: function declaration isn't a prototype
/opt/rtems-4.10/lib/gcc/sparc-rtems4.10/4.4.7/../../../../sparc-rtems4.10/bin/ld: warning: cannot find entry symbol _start; defaulting to 00010074
/tmp/ccjFHJen.o: In function `main':
/opt/rtems-4.10/tool/build-rtems/sparc-rtems4.10/c/leon3/cpukit/conftest.c:78: undefined reference to `flockfile'
collect2: ld returned 1 exit status
configure:5246: $? = 1
configure: failed program was:
| /* confdefs.h */
| #define PACKAGE_NAME "rtems-cpukit"
| #define PACKAGE_TARNAME "rtems-cpukit"
| #define PACKAGE_VERSION "4.10.2"
| #define PACKAGE_STRING "rtems-cpukit 4.10.2"
| #define PACKAGE_BUGREPORT "http://www.rtems.org/bugzilla"
| #define PACKAGE_URL ""
| #define RTEMS_NEWLIB 1
| #define HAVE_STRSEP 1
| #define HAVE_STRCASECMP 1
| #define HAVE_SNPRINTF 1
| #define HAVE_STRDUP 1
| #define HAVE_STRNDUP 1
| #define HAVE_STRNCASECMP 1
| #define HAVE_BCOPY 1
| #define HAVE_BCMP 1
| #define HAVE_ISASCII 1
| #define HAVE_FILENO 1
| #define HAVE_SLEEP 1
| #define HAVE_USLEEP 1
| #define HAVE_OPENDIR 1
| #define HAVE_CLOSEDIR 1
| #define HAVE_READDIR 1
| #define HAVE_READDIR_R 1
| #define HAVE_REWINDDIR 1
| #define HAVE_SCANDIR 1
| #define HAVE_SEEKDIR 1
| #define HAVE_TELLDIR 1
| #define HAVE_ISATTY 1
| #define HAVE_CREAT 1
| #define HAVE___ASSERT 1
| #define HAVE_EXECL 1
| #define HAVE_EXECLP 1
| #define HAVE_EXECLE 1
| #define HAVE_EXECV 1
| #define HAVE_EXECVP 1
| #define HAVE_EXECVE 1
| #define HAVE_REGCOMP 1
| #define HAVE_REGEXEC 1
| #define HAVE_REGERROR 1
| #define HAVE_REGFREE 1
| #define HAVE_DECL_FLOCKFILE 1
| /* end confdefs.h.  */
| /* Define flockfile to an innocuous variant, in case <limits.h> declares flockfile.
|    For example, HP-UX 11i <limits.h> declares gettimeofday.  */
| #define flockfile innocuous_flockfile
| 
| /* System header to define __stub macros and hopefully few prototypes,
|     which can conflict with char flockfile (); below.
|     Prefer <limits.h> to <assert.h> if __STDC__ is defined, since
|     <limits.h> exists even on freestanding compilers.  */
| 
| #ifdef __STDC__
| # include <limits.h>
| #else
| # include <assert.h>
| #endif
| 
| #undef flockfile
| 
| /* Override any GCC internal prototype to avoid an error.
|    Use char because int might match the return type of a GCC
|    builtin and then its argument prototype would still apply.  */
| #ifdef __cplusplus
| extern "C"
| #endif
| char flockfile ();
| /* The GNU C library defines this for functions which it implements
|     to always fail with ENOSYS.  Some functions are actually named
|     something starting with __ and the normal name is an alias.  */
| #if defined __stub_flockfile || defined __stub___flockfile
| choke me
| #endif
| 
| int
| main ()
| {
| return flockfile ();
|   ;
|   return 0;
| }
configure:5246: result: no
configure:5257: checking whether funlockfile is declared
configure:5257: sparc-rtems4.10-gcc --pipe -c -mcpu=cypress -msoft-float -O2 -g -Wall -Wimplicit-function-declaration -Wstrict-prototypes -Wnested-externs  conftest.c >&5
conftest.c:48: warning: function declaration isn't a prototype
configure:5257: $? = 0
configure:5257: result: yes
configure:5271: checking for funlockfile
configure:5271: sparc-rtems4.10-gcc --pipe -o conftest -mcpu=cypress -msoft-float -O2 -g -Wall -Wimplicit-function-declaration -Wstrict-prototypes -Wnested-externs   conftest.c  >&5
conftest.c:68: warning: function declaration isn't a prototype
conftest.c:78: warning: function declaration isn't a prototype
/opt/rtems-4.10/lib/gcc/sparc-rtems4.10/4.4.7/../../../../sparc-rtems4.10/bin/ld: warning: cannot find entry symbol _start; defaulting to 00010074
/tmp/ccFXsOsE.o: In function `main':
/opt/rtems-4.10/tool/build-rtems/sparc-rtems4.10/c/leon3/cpukit/conftest.c:79: undefined reference to `funlockfile'
collect2: ld returned 1 exit status
configure:5271: $? = 1
configure: failed program was:
| /* confdefs.h */
| #define PACKAGE_NAME "rtems-cpukit"
| #define PACKAGE_TARNAME "rtems-cpukit"
| #define PACKAGE_VERSION "4.10.2"
| #define PACKAGE_STRING "rtems-cpukit 4.10.2"
| #define PACKAGE_BUGREPORT "http://www.rtems.org/bugzilla"
| #define PACKAGE_URL ""
| #define RTEMS_NEWLIB 1
| #define HAVE_STRSEP 1
| #define HAVE_STRCASECMP 1
| #define HAVE_SNPRINTF 1
| #define HAVE_STRDUP 1
| #define HAVE_STRNDUP 1
| #define HAVE_STRNCASECMP 1
| #define HAVE_BCOPY 1
| #define HAVE_BCMP 1
| #define HAVE_ISASCII 1
| #define HAVE_FILENO 1
| #define HAVE_SLEEP 1
| #define HAVE_USLEEP 1
| #define HAVE_OPENDIR 1
| #define HAVE_CLOSEDIR 1
| #define HAVE_READDIR 1
| #define HAVE_READDIR_R 1
| #define HAVE_REWINDDIR 1
| #define HAVE_SCANDIR 1
| #define HAVE_SEEKDIR 1
| #define HAVE_TELLDIR 1
| #define HAVE_ISATTY 1
| #define HAVE_CREAT 1
| #define HAVE___ASSERT 1
| #define HAVE_EXECL 1
| #define HAVE_EXECLP 1
| #define HAVE_EXECLE 1
| #define HAVE_EXECV 1
| #define HAVE_EXECVP 1
| #define HAVE_EXECVE 1
| #define HAVE_REGCOMP 1
| #define HAVE_REGEXEC 1
| #define HAVE_REGERROR 1
| #define HAVE_REGFREE 1
| #define HAVE_DECL_FLOCKFILE 1
| #define HAVE_DECL_FUNLOCKFILE 1
| /* end confdefs.h.  */
| /* Define funlockfile to an innocuous variant, in case <limits.h> declares funlockfile.
|    For example, HP-UX 11i <limits.h> declares gettimeofday.  */
| #define funlockfile innocuous_funlockfile
| 
| /* System header to define __stub macros and hopefully few prototypes,
|     which can conflict with char funlockfile (); below.
|     Prefer <limits.h> to <assert.h> if __STDC__ is defined, since
|     <limits.h> exists even on freestanding compilers.  */
| 
| #ifdef __STDC__
| # include <limits.h>
| #else
| # include <assert.h>
| #endif
| 
| #undef funlockfile
| 
| /* Override any GCC internal prototype to avoid an error.
|    Use char because int might match the return type of a GCC
|    builtin and then its argument prototype would still apply.  */
| #ifdef __cplusplus
| extern "C"
| #endif
| char funlockfile ();
| /* The GNU C library defines this for functions which it implements
|     to always fail with ENOSYS.  Some functions are actually named
|     something starting with __ and the normal name is an alias.  */
| #if defined __stub_funlockfile || defined __stub___funlockfile
| choke me
| #endif
| 
| int
| main ()
| {
| return funlockfile ();
|   ;
|   return 0;
| }
configure:5271: result: no
configure:5282: checking whether ftrylockfile is declared
configure:5282: sparc-rtems4.10-gcc --pipe -c -mcpu=cypress -msoft-float -O2 -g -Wall -Wimplicit-function-declaration -Wstrict-prototypes -Wnested-externs  conftest.c >&5
conftest.c:49: warning: function declaration isn't a prototype
configure:5282: $? = 0
configure:5282: result: yes
configure:5296: checking for ftrylockfile
configure:5296: sparc-rtems4.10-gcc --pipe -o conftest -mcpu=cypress -msoft-float -O2 -g -Wall -Wimplicit-function-declaration -Wstrict-prototypes -Wnested-externs   conftest.c  >&5
conftest.c:69: warning: function declaration isn't a prototype
conftest.c:79: warning: function declaration isn't a prototype
/opt/rtems-4.10/lib/gcc/sparc-rtems4.10/4.4.7/../../../../sparc-rtems4.10/bin/ld: warning: cannot find entry symbol _start; defaulting to 00010074
/tmp/ccIuaN5N.o: In function `main':
/opt/rtems-4.10/tool/build-rtems/sparc-rtems4.10/c/leon3/cpukit/conftest.c:80: undefined reference to `ftrylockfile'
collect2: ld returned 1 exit status
configure:5296: $? = 1
configure: failed program was:
| /* confdefs.h */
| #define PACKAGE_NAME "rtems-cpukit"
| #define PACKAGE_TARNAME "rtems-cpukit"
| #define PACKAGE_VERSION "4.10.2"
| #define PACKAGE_STRING "rtems-cpukit 4.10.2"
| #define PACKAGE_BUGREPORT "http://www.rtems.org/bugzilla"
| #define PACKAGE_URL ""
| #define RTEMS_NEWLIB 1
| #define HAVE_STRSEP 1
| #define HAVE_STRCASECMP 1
| #define HAVE_SNPRINTF 1
| #define HAVE_STRDUP 1
| #define HAVE_STRNDUP 1
| #define HAVE_STRNCASECMP 1
| #define HAVE_BCOPY 1
| #define HAVE_BCMP 1
| #define HAVE_ISASCII 1
| #define HAVE_FILENO 1
| #define HAVE_SLEEP 1
| #define HAVE_USLEEP 1
| #define HAVE_OPENDIR 1
| #define HAVE_CLOSEDIR 1
| #define HAVE_READDIR 1
| #define HAVE_READDIR_R 1
| #define HAVE_REWINDDIR 1
| #define HAVE_SCANDIR 1
| #define HAVE_SEEKDIR 1
| #define HAVE_TELLDIR 1
| #define HAVE_ISATTY 1
| #define HAVE_CREAT 1
| #define HAVE___ASSERT 1
| #define HAVE_EXECL 1
| #define HAVE_EXECLP 1
| #define HAVE_EXECLE 1
| #define HAVE_EXECV 1
| #define HAVE_EXECVP 1
| #define HAVE_EXECVE 1
| #define HAVE_REGCOMP 1
| #define HAVE_REGEXEC 1
| #define HAVE_REGERROR 1
| #define HAVE_REGFREE 1
| #define HAVE_DECL_FLOCKFILE 1
| #define HAVE_DECL_FUNLOCKFILE 1
| #define HAVE_DECL_FTRYLOCKFILE 1
| /* end confdefs.h.  */
| /* Define ftrylockfile to an innocuous variant, in case <limits.h> declares ftrylockfile.
|    For example, HP-UX 11i <limits.h> declares gettimeofday.  */
| #define ftrylockfile innocuous_ftrylockfile
| 
| /* System header to define __stub macros and hopefully few prototypes,
|     which can conflict with char ftrylockfile (); below.
|     Prefer <limits.h> to <assert.h> if __STDC__ is defined, since
|     <limits.h> exists even on freestanding compilers.  */
| 
| #ifdef __STDC__
| # include <limits.h>
| #else
| # include <assert.h>
| #endif
| 
| #undef ftrylockfile
| 
| /* Override any GCC internal prototype to avoid an error.
|    Use char because int might match the return type of a GCC
|    builtin and then its argument prototype would still apply.  */
| #ifdef __cplusplus
| extern "C"
| #endif
| char ftrylockfile ();
| /* The GNU C library defines this for functions which it implements
|     to always fail with ENOSYS.  Some functions are actually named
|     something starting with __ and the normal name is an alias.  */
| #if defined __stub_ftrylockfile || defined __stub___ftrylockfile
| choke me
| #endif
| 
| int
| main ()
| {
| return ftrylockfile ();
|   ;
|   return 0;
| }
configure:5296: result: no
configure:5312: checking for ttyname
configure:5312: sparc-rtems4.10-gcc --pipe -o conftest -mcpu=cypress -msoft-float -O2 -g -Wall -Wimplicit-function-declaration -Wstrict-prototypes -Wnested-externs   conftest.c  >&5
conftest.c:69: warning: function declaration isn't a prototype
conftest.c:79: warning: function declaration isn't a prototype
/opt/rtems-4.10/lib/gcc/sparc-rtems4.10/4.4.7/../../../../sparc-rtems4.10/bin/ld: warning: cannot find entry symbol _start; defaulting to 00010074
configure:5312: $? = 0
configure:5312: result: yes
configure:5312: checking for getcwd
configure:5312: sparc-rtems4.10-gcc --pipe -o conftest -mcpu=cypress -msoft-float -O2 -g -Wall -Wimplicit-function-declaration -Wstrict-prototypes -Wnested-externs   conftest.c  >&5
conftest.c:70: warning: function declaration isn't a prototype
conftest.c:80: warning: function declaration isn't a prototype
/opt/rtems-4.10/lib/gcc/sparc-rtems4.10/4.4.7/../../../../sparc-rtems4.10/bin/ld: warning: cannot find entry symbol _start; defaulting to 00010074
configure:5312: $? = 0
configure:5312: result: yes
configure:5325: checking for grep that handles long lines and -e
configure:5383: result: /bin/grep
configure:5388: checking for egrep
configure:5450: result: /bin/grep -E
configure:5455: checking for ANSI C header files
configure:5475: sparc-rtems4.10-gcc --pipe -c -mcpu=cypress -msoft-float -O2 -g -Wall -Wimplicit-function-declaration -Wstrict-prototypes -Wnested-externs  conftest.c >&5
conftest.c:55: warning: function declaration isn't a prototype
configure:5475: $? = 0
configure:5559: result: yes
configure:5572: checking for sys/types.h
configure:5572: sparc-rtems4.10-gcc --pipe -c -mcpu=cypress -msoft-float -O2 -g -Wall -Wimplicit-function-declaration -Wstrict-prototypes -Wnested-externs  conftest.c >&5
configure:5572: $? = 0
configure:5572: result: yes
configure:5572: checking for sys/stat.h
configure:5572: sparc-rtems4.10-gcc --pipe -c -mcpu=cypress -msoft-float -O2 -g -Wall -Wimplicit-function-declaration -Wstrict-prototypes -Wnested-externs  conftest.c >&5
configure:5572: $? = 0
configure:5572: result: yes
configure:5572: checking for stdlib.h
configure:5572: sparc-rtems4.10-gcc --pipe -c -mcpu=cypress -msoft-float -O2 -g -Wall -Wimplicit-function-declaration -Wstrict-prototypes -Wnested-externs  conftest.c >&5
configure:5572: $? = 0
configure:5572: result: yes
configure:5572: checking for string.h
configure:5572: sparc-rtems4.10-gcc --pipe -c -mcpu=cypress -msoft-float -O2 -g -Wall -Wimplicit-function-declaration -Wstrict-prototypes -Wnested-externs  conftest.c >&5
configure:5572: $? = 0
configure:5572: result: yes
configure:5572: checking for memory.h
configure:5572: sparc-rtems4.10-gcc --pipe -c -mcpu=cypress -msoft-float -O2 -g -Wall -Wimplicit-function-declaration -Wstrict-prototypes -Wnested-externs  conftest.c >&5
conftest.c:87:20: error: memory.h: No such file or directory
configure:5572: $? = 1
configure: failed program was:
| /* confdefs.h */
| #define PACKAGE_NAME "rtems-cpukit"
| #define PACKAGE_TARNAME "rtems-cpukit"
| #define PACKAGE_VERSION "4.10.2"
| #define PACKAGE_STRING "rtems-cpukit 4.10.2"
| #define PACKAGE_BUGREPORT "http://www.rtems.org/bugzilla"
| #define PACKAGE_URL ""
| #define RTEMS_NEWLIB 1
| #define HAVE_STRSEP 1
| #define HAVE_STRCASECMP 1
| #define HAVE_SNPRINTF 1
| #define HAVE_STRDUP 1
| #define HAVE_STRNDUP 1
| #define HAVE_STRNCASECMP 1
| #define HAVE_BCOPY 1
| #define HAVE_BCMP 1
| #define HAVE_ISASCII 1
| #define HAVE_FILENO 1
| #define HAVE_SLEEP 1
| #define HAVE_USLEEP 1
| #define HAVE_OPENDIR 1
| #define HAVE_CLOSEDIR 1
| #define HAVE_READDIR 1
| #define HAVE_READDIR_R 1
| #define HAVE_REWINDDIR 1
| #define HAVE_SCANDIR 1
| #define HAVE_SEEKDIR 1
| #define HAVE_TELLDIR 1
| #define HAVE_ISATTY 1
| #define HAVE_CREAT 1
| #define HAVE___ASSERT 1
| #define HAVE_EXECL 1
| #define HAVE_EXECLP 1
| #define HAVE_EXECLE 1
| #define HAVE_EXECV 1
| #define HAVE_EXECVP 1
| #define HAVE_EXECVE 1
| #define HAVE_REGCOMP 1
| #define HAVE_REGEXEC 1
| #define HAVE_REGERROR 1
| #define HAVE_REGFREE 1
| #define HAVE_DECL_FLOCKFILE 1
| #define HAVE_DECL_FUNLOCKFILE 1
| #define HAVE_DECL_FTRYLOCKFILE 1
| #define HAVE_TTYNAME 1
| #define HAVE_GETCWD 1
| #define STDC_HEADERS 1
| #define HAVE_SYS_TYPES_H 1
| #define HAVE_SYS_STAT_H 1
| #define HAVE_STDLIB_H 1
| #define HAVE_STRING_H 1
| /* end confdefs.h.  */
| #include <stdio.h>
| #ifdef HAVE_SYS_TYPES_H
| # include <sys/types.h>
| #endif
| #ifdef HAVE_SYS_STAT_H
| # include <sys/stat.h>
| #endif
| #ifdef STDC_HEADERS
| # include <stdlib.h>
| # include <stddef.h>
| #else
| # ifdef HAVE_STDLIB_H
| #  include <stdlib.h>
| # endif
| #endif
| #ifdef HAVE_STRING_H
| # if !defined STDC_HEADERS && defined HAVE_MEMORY_H
| #  include <memory.h>
| # endif
| # include <string.h>
| #endif
| #ifdef HAVE_STRINGS_H
| # include <strings.h>
| #endif
| #ifdef HAVE_INTTYPES_H
| # include <inttypes.h>
| #endif
| #ifdef HAVE_STDINT_H
| # include <stdint.h>
| #endif
| #ifdef HAVE_UNISTD_H
| # include <unistd.h>
| #endif
| 
| #include <memory.h>
configure:5572: result: no
configure:5572: checking for strings.h
configure:5572: sparc-rtems4.10-gcc --pipe -c -mcpu=cypress -msoft-float -O2 -g -Wall -Wimplicit-function-declaration -Wstrict-prototypes -Wnested-externs  conftest.c >&5
configure:5572: $? = 0
configure:5572: result: yes
configure:5572: checking for inttypes.h
configure:5572: sparc-rtems4.10-gcc --pipe -c -mcpu=cypress -msoft-float -O2 -g -Wall -Wimplicit-function-declaration -Wstrict-prototypes -Wnested-externs  conftest.c >&5
configure:5572: $? = 0
configure:5572: result: yes
configure:5572: checking for stdint.h
configure:5572: sparc-rtems4.10-gcc --pipe -c -mcpu=cypress -msoft-float -O2 -g -Wall -Wimplicit-function-declaration -Wstrict-prototypes -Wnested-externs  conftest.c >&5
configure:5572: $? = 0
configure:5572: result: yes
configure:5572: checking for unistd.h
configure:5572: sparc-rtems4.10-gcc --pipe -c -mcpu=cypress -msoft-float -O2 -g -Wall -Wimplicit-function-declaration -Wstrict-prototypes -Wnested-externs  conftest.c >&5
configure:5572: $? = 0
configure:5572: result: yes
configure:5587: checking tar.h usability
configure:5587: sparc-rtems4.10-gcc --pipe -c -mcpu=cypress -msoft-float -O2 -g -Wall -Wimplicit-function-declaration -Wstrict-prototypes -Wnested-externs  conftest.c >&5
configure:5587: $? = 0
configure:5587: result: yes
configure:5587: checking tar.h presence
configure:5587: sparc-rtems4.10-gcc -E  conftest.c
configure:5587: $? = 0
configure:5587: result: yes
configure:5587: checking for tar.h
configure:5587: result: yes
configure:5587: checking errno.h usability
configure:5587: sparc-rtems4.10-gcc --pipe -c -mcpu=cypress -msoft-float -O2 -g -Wall -Wimplicit-function-declaration -Wstrict-prototypes -Wnested-externs  conftest.c >&5
configure:5587: $? = 0
configure:5587: result: yes
configure:5587: checking errno.h presence
configure:5587: sparc-rtems4.10-gcc -E  conftest.c
configure:5587: $? = 0
configure:5587: result: yes
configure:5587: checking for errno.h
configure:5587: result: yes
configure:5587: checking sched.h usability
configure:5587: sparc-rtems4.10-gcc --pipe -c -mcpu=cypress -msoft-float -O2 -g -Wall -Wimplicit-function-declaration -Wstrict-prototypes -Wnested-externs  conftest.c >&5
configure:5587: $? = 0
configure:5587: result: yes
configure:5587: checking sched.h presence
configure:5587: sparc-rtems4.10-gcc -E  conftest.c
configure:5587: $? = 0
configure:5587: result: yes
configure:5587: checking for sched.h
configure:5587: result: yes
configure:5623: checking for stdbool.h that conforms to C99
configure:5690: sparc-rtems4.10-gcc --pipe -c -mcpu=cypress -msoft-float -O2 -g -Wall -Wimplicit-function-declaration -Wstrict-prototypes -Wnested-externs  conftest.c >&5
conftest.c:107: warning: function declaration isn't a prototype
conftest.c: In function 'main':
conftest.c:109: warning: the address of 's' will always evaluate as 'true'
conftest.c:113: warning: the address of 'a' will always evaluate as 'true'
conftest.c:113: warning: the address of 'b' will always evaluate as 'true'
conftest.c:113: warning: the address of 'c' will always evaluate as 'true'
conftest.c:113: warning: the address of 'd' will always evaluate as 'true'
conftest.c:113: warning: the address of 'f' will always evaluate as 'true'
conftest.c:113: warning: the address of 'g' will always evaluate as 'true'
conftest.c:113: warning: the address of 'h' will always evaluate as 'true'
conftest.c:113: warning: the address of 'i' will always evaluate as 'true'
conftest.c:114: warning: the address of 'n' will always evaluate as 'true'
conftest.c:114: warning: the address of 'o' will always evaluate as 'true'
conftest.c:114: warning: the address of 'p' will always evaluate as 'true'
configure:5690: $? = 0
configure:5697: result: yes
configure:5699: checking for _Bool
configure:5699: sparc-rtems4.10-gcc --pipe -c -mcpu=cypress -msoft-float -O2 -g -Wall -Wimplicit-function-declaration -Wstrict-prototypes -Wnested-externs  conftest.c >&5
conftest.c:95: warning: function declaration isn't a prototype
configure:5699: $? = 0
configure:5699: sparc-rtems4.10-gcc --pipe -c -mcpu=cypress -msoft-float -O2 -g -Wall -Wimplicit-function-declaration -Wstrict-prototypes -Wnested-externs  conftest.c >&5
conftest.c:95: warning: function declaration isn't a prototype
conftest.c: In function 'main':
conftest.c:96: error: expected expression before ')' token
configure:5699: $? = 1
configure: failed program was:
| /* confdefs.h */
| #define PACKAGE_NAME "rtems-cpukit"
| #define PACKAGE_TARNAME "rtems-cpukit"
| #define PACKAGE_VERSION "4.10.2"
| #define PACKAGE_STRING "rtems-cpukit 4.10.2"
| #define PACKAGE_BUGREPORT "http://www.rtems.org/bugzilla"
| #define PACKAGE_URL ""
| #define RTEMS_NEWLIB 1
| #define HAVE_STRSEP 1
| #define HAVE_STRCASECMP 1
| #define HAVE_SNPRINTF 1
| #define HAVE_STRDUP 1
| #define HAVE_STRNDUP 1
| #define HAVE_STRNCASECMP 1
| #define HAVE_BCOPY 1
| #define HAVE_BCMP 1
| #define HAVE_ISASCII 1
| #define HAVE_FILENO 1
| #define HAVE_SLEEP 1
| #define HAVE_USLEEP 1
| #define HAVE_OPENDIR 1
| #define HAVE_CLOSEDIR 1
| #define HAVE_READDIR 1
| #define HAVE_READDIR_R 1
| #define HAVE_REWINDDIR 1
| #define HAVE_SCANDIR 1
| #define HAVE_SEEKDIR 1
| #define HAVE_TELLDIR 1
| #define HAVE_ISATTY 1
| #define HAVE_CREAT 1
| #define HAVE___ASSERT 1
| #define HAVE_EXECL 1
| #define HAVE_EXECLP 1
| #define HAVE_EXECLE 1
| #define HAVE_EXECV 1
| #define HAVE_EXECVP 1
| #define HAVE_EXECVE 1
| #define HAVE_REGCOMP 1
| #define HAVE_REGEXEC 1
| #define HAVE_REGERROR 1
| #define HAVE_REGFREE 1
| #define HAVE_DECL_FLOCKFILE 1
| #define HAVE_DECL_FUNLOCKFILE 1
| #define HAVE_DECL_FTRYLOCKFILE 1
| #define HAVE_TTYNAME 1
| #define HAVE_GETCWD 1
| #define STDC_HEADERS 1
| #define HAVE_SYS_TYPES_H 1
| #define HAVE_SYS_STAT_H 1
| #define HAVE_STDLIB_H 1
| #define HAVE_STRING_H 1
| #define HAVE_STRINGS_H 1
| #define HAVE_INTTYPES_H 1
| #define HAVE_STDINT_H 1
| #define HAVE_UNISTD_H 1
| #define HAVE_TAR_H 1
| #define HAVE_ERRNO_H 1
| #define HAVE_SCHED_H 1
| /* end confdefs.h.  */
| #include <stdio.h>
| #ifdef HAVE_SYS_TYPES_H
| # include <sys/types.h>
| #endif
| #ifdef HAVE_SYS_STAT_H
| # include <sys/stat.h>
| #endif
| #ifdef STDC_HEADERS
| # include <stdlib.h>
| # include <stddef.h>
| #else
| # ifdef HAVE_STDLIB_H
| #  include <stdlib.h>
| # endif
| #endif
| #ifdef HAVE_STRING_H
| # if !defined STDC_HEADERS && defined HAVE_MEMORY_H
| #  include <memory.h>
| # endif
| # include <string.h>
| #endif
| #ifdef HAVE_STRINGS_H
| # include <strings.h>
| #endif
| #ifdef HAVE_INTTYPES_H
| # include <inttypes.h>
| #endif
| #ifdef HAVE_STDINT_H
| # include <stdint.h>
| #endif
| #ifdef HAVE_UNISTD_H
| # include <unistd.h>
| #endif
| int
| main ()
| {
| if (sizeof ((_Bool)))
| 	    return 0;
|   ;
|   return 0;
| }
configure:5699: result: yes
configure:5719: checking for uint8_t
configure:5719: sparc-rtems4.10-gcc --pipe -c -mcpu=cypress -msoft-float -O2 -g -Wall -Wimplicit-function-declaration -Wstrict-prototypes -Wnested-externs  conftest.c >&5
conftest.c:97: warning: function declaration isn't a prototype
configure:5719: $? = 0
configure:5719: sparc-rtems4.10-gcc --pipe -c -mcpu=cypress -msoft-float -O2 -g -Wall -Wimplicit-function-declaration -Wstrict-prototypes -Wnested-externs  conftest.c >&5
conftest.c:97: warning: function declaration isn't a prototype
conftest.c: In function 'main':
conftest.c:98: error: expected expression before ')' token
configure:5719: $? = 1
configure: failed program was:
| /* confdefs.h */
| #define PACKAGE_NAME "rtems-cpukit"
| #define PACKAGE_TARNAME "rtems-cpukit"
| #define PACKAGE_VERSION "4.10.2"
| #define PACKAGE_STRING "rtems-cpukit 4.10.2"
| #define PACKAGE_BUGREPORT "http://www.rtems.org/bugzilla"
| #define PACKAGE_URL ""
| #define RTEMS_NEWLIB 1
| #define HAVE_STRSEP 1
| #define HAVE_STRCASECMP 1
| #define HAVE_SNPRINTF 1
| #define HAVE_STRDUP 1
| #define HAVE_STRNDUP 1
| #define HAVE_STRNCASECMP 1
| #define HAVE_BCOPY 1
| #define HAVE_BCMP 1
| #define HAVE_ISASCII 1
| #define HAVE_FILENO 1
| #define HAVE_SLEEP 1
| #define HAVE_USLEEP 1
| #define HAVE_OPENDIR 1
| #define HAVE_CLOSEDIR 1
| #define HAVE_READDIR 1
| #define HAVE_READDIR_R 1
| #define HAVE_REWINDDIR 1
| #define HAVE_SCANDIR 1
| #define HAVE_SEEKDIR 1
| #define HAVE_TELLDIR 1
| #define HAVE_ISATTY 1
| #define HAVE_CREAT 1
| #define HAVE___ASSERT 1
| #define HAVE_EXECL 1
| #define HAVE_EXECLP 1
| #define HAVE_EXECLE 1
| #define HAVE_EXECV 1
| #define HAVE_EXECVP 1
| #define HAVE_EXECVE 1
| #define HAVE_REGCOMP 1
| #define HAVE_REGEXEC 1
| #define HAVE_REGERROR 1
| #define HAVE_REGFREE 1
| #define HAVE_DECL_FLOCKFILE 1
| #define HAVE_DECL_FUNLOCKFILE 1
| #define HAVE_DECL_FTRYLOCKFILE 1
| #define HAVE_TTYNAME 1
| #define HAVE_GETCWD 1
| #define STDC_HEADERS 1
| #define HAVE_SYS_TYPES_H 1
| #define HAVE_SYS_STAT_H 1
| #define HAVE_STDLIB_H 1
| #define HAVE_STRING_H 1
| #define HAVE_STRINGS_H 1
| #define HAVE_INTTYPES_H 1
| #define HAVE_STDINT_H 1
| #define HAVE_UNISTD_H 1
| #define HAVE_TAR_H 1
| #define HAVE_ERRNO_H 1
| #define HAVE_SCHED_H 1
| #define HAVE__BOOL 1
| #define HAVE_STDBOOL_H 1
| /* end confdefs.h.  */
| #include <stdio.h>
| #ifdef HAVE_SYS_TYPES_H
| # include <sys/types.h>
| #endif
| #ifdef HAVE_SYS_STAT_H
| # include <sys/stat.h>
| #endif
| #ifdef STDC_HEADERS
| # include <stdlib.h>
| # include <stddef.h>
| #else
| # ifdef HAVE_STDLIB_H
| #  include <stdlib.h>
| # endif
| #endif
| #ifdef HAVE_STRING_H
| # if !defined STDC_HEADERS && defined HAVE_MEMORY_H
| #  include <memory.h>
| # endif
| # include <string.h>
| #endif
| #ifdef HAVE_STRINGS_H
| # include <strings.h>
| #endif
| #ifdef HAVE_INTTYPES_H
| # include <inttypes.h>
| #endif
| #ifdef HAVE_STDINT_H
| # include <stdint.h>
| #endif
| #ifdef HAVE_UNISTD_H
| # include <unistd.h>
| #endif
| int
| main ()
| {
| if (sizeof ((uint8_t)))
| 	    return 0;
|   ;
|   return 0;
| }
configure:5719: result: yes
configure:5728: checking for int8_t
configure:5728: sparc-rtems4.10-gcc --pipe -c -mcpu=cypress -msoft-float -O2 -g -Wall -Wimplicit-function-declaration -Wstrict-prototypes -Wnested-externs  conftest.c >&5
conftest.c:98: warning: function declaration isn't a prototype
configure:5728: $? = 0
configure:5728: sparc-rtems4.10-gcc --pipe -c -mcpu=cypress -msoft-float -O2 -g -Wall -Wimplicit-function-declaration -Wstrict-prototypes -Wnested-externs  conftest.c >&5
conftest.c:98: warning: function declaration isn't a prototype
conftest.c: In function 'main':
conftest.c:99: error: expected expression before ')' token
configure:5728: $? = 1
configure: failed program was:
| /* confdefs.h */
| #define PACKAGE_NAME "rtems-cpukit"
| #define PACKAGE_TARNAME "rtems-cpukit"
| #define PACKAGE_VERSION "4.10.2"
| #define PACKAGE_STRING "rtems-cpukit 4.10.2"
| #define PACKAGE_BUGREPORT "http://www.rtems.org/bugzilla"
| #define PACKAGE_URL ""
| #define RTEMS_NEWLIB 1
| #define HAVE_STRSEP 1
| #define HAVE_STRCASECMP 1
| #define HAVE_SNPRINTF 1
| #define HAVE_STRDUP 1
| #define HAVE_STRNDUP 1
| #define HAVE_STRNCASECMP 1
| #define HAVE_BCOPY 1
| #define HAVE_BCMP 1
| #define HAVE_ISASCII 1
| #define HAVE_FILENO 1
| #define HAVE_SLEEP 1
| #define HAVE_USLEEP 1
| #define HAVE_OPENDIR 1
| #define HAVE_CLOSEDIR 1
| #define HAVE_READDIR 1
| #define HAVE_READDIR_R 1
| #define HAVE_REWINDDIR 1
| #define HAVE_SCANDIR 1
| #define HAVE_SEEKDIR 1
| #define HAVE_TELLDIR 1
| #define HAVE_ISATTY 1
| #define HAVE_CREAT 1
| #define HAVE___ASSERT 1
| #define HAVE_EXECL 1
| #define HAVE_EXECLP 1
| #define HAVE_EXECLE 1
| #define HAVE_EXECV 1
| #define HAVE_EXECVP 1
| #define HAVE_EXECVE 1
| #define HAVE_REGCOMP 1
| #define HAVE_REGEXEC 1
| #define HAVE_REGERROR 1
| #define HAVE_REGFREE 1
| #define HAVE_DECL_FLOCKFILE 1
| #define HAVE_DECL_FUNLOCKFILE 1
| #define HAVE_DECL_FTRYLOCKFILE 1
| #define HAVE_TTYNAME 1
| #define HAVE_GETCWD 1
| #define STDC_HEADERS 1
| #define HAVE_SYS_TYPES_H 1
| #define HAVE_SYS_STAT_H 1
| #define HAVE_STDLIB_H 1
| #define HAVE_STRING_H 1
| #define HAVE_STRINGS_H 1
| #define HAVE_INTTYPES_H 1
| #define HAVE_STDINT_H 1
| #define HAVE_UNISTD_H 1
| #define HAVE_TAR_H 1
| #define HAVE_ERRNO_H 1
| #define HAVE_SCHED_H 1
| #define HAVE__BOOL 1
| #define HAVE_STDBOOL_H 1
| #define HAVE_UINT8_T 1
| /* end confdefs.h.  */
| #include <stdio.h>
| #ifdef HAVE_SYS_TYPES_H
| # include <sys/types.h>
| #endif
| #ifdef HAVE_SYS_STAT_H
| # include <sys/stat.h>
| #endif
| #ifdef STDC_HEADERS
| # include <stdlib.h>
| # include <stddef.h>
| #else
| # ifdef HAVE_STDLIB_H
| #  include <stdlib.h>
| # endif
| #endif
| #ifdef HAVE_STRING_H
| # if !defined STDC_HEADERS && defined HAVE_MEMORY_H
| #  include <memory.h>
| # endif
| # include <string.h>
| #endif
| #ifdef HAVE_STRINGS_H
| # include <strings.h>
| #endif
| #ifdef HAVE_INTTYPES_H
| # include <inttypes.h>
| #endif
| #ifdef HAVE_STDINT_H
| # include <stdint.h>
| #endif
| #ifdef HAVE_UNISTD_H
| # include <unistd.h>
| #endif
| int
| main ()
| {
| if (sizeof ((int8_t)))
| 	    return 0;
|   ;
|   return 0;
| }
configure:5728: result: yes
configure:5738: checking for uint16_t
configure:5738: sparc-rtems4.10-gcc --pipe -c -mcpu=cypress -msoft-float -O2 -g -Wall -Wimplicit-function-declaration -Wstrict-prototypes -Wnested-externs  conftest.c >&5
conftest.c:99: warning: function declaration isn't a prototype
configure:5738: $? = 0
configure:5738: sparc-rtems4.10-gcc --pipe -c -mcpu=cypress -msoft-float -O2 -g -Wall -Wimplicit-function-declaration -Wstrict-prototypes -Wnested-externs  conftest.c >&5
conftest.c:99: warning: function declaration isn't a prototype
conftest.c: In function 'main':
conftest.c:100: error: expected expression before ')' token
configure:5738: $? = 1
configure: failed program was:
| /* confdefs.h */
| #define PACKAGE_NAME "rtems-cpukit"
| #define PACKAGE_TARNAME "rtems-cpukit"
| #define PACKAGE_VERSION "4.10.2"
| #define PACKAGE_STRING "rtems-cpukit 4.10.2"
| #define PACKAGE_BUGREPORT "http://www.rtems.org/bugzilla"
| #define PACKAGE_URL ""
| #define RTEMS_NEWLIB 1
| #define HAVE_STRSEP 1
| #define HAVE_STRCASECMP 1
| #define HAVE_SNPRINTF 1
| #define HAVE_STRDUP 1
| #define HAVE_STRNDUP 1
| #define HAVE_STRNCASECMP 1
| #define HAVE_BCOPY 1
| #define HAVE_BCMP 1
| #define HAVE_ISASCII 1
| #define HAVE_FILENO 1
| #define HAVE_SLEEP 1
| #define HAVE_USLEEP 1
| #define HAVE_OPENDIR 1
| #define HAVE_CLOSEDIR 1
| #define HAVE_READDIR 1
| #define HAVE_READDIR_R 1
| #define HAVE_REWINDDIR 1
| #define HAVE_SCANDIR 1
| #define HAVE_SEEKDIR 1
| #define HAVE_TELLDIR 1
| #define HAVE_ISATTY 1
| #define HAVE_CREAT 1
| #define HAVE___ASSERT 1
| #define HAVE_EXECL 1
| #define HAVE_EXECLP 1
| #define HAVE_EXECLE 1
| #define HAVE_EXECV 1
| #define HAVE_EXECVP 1
| #define HAVE_EXECVE 1
| #define HAVE_REGCOMP 1
| #define HAVE_REGEXEC 1
| #define HAVE_REGERROR 1
| #define HAVE_REGFREE 1
| #define HAVE_DECL_FLOCKFILE 1
| #define HAVE_DECL_FUNLOCKFILE 1
| #define HAVE_DECL_FTRYLOCKFILE 1
| #define HAVE_TTYNAME 1
| #define HAVE_GETCWD 1
| #define STDC_HEADERS 1
| #define HAVE_SYS_TYPES_H 1
| #define HAVE_SYS_STAT_H 1
| #define HAVE_STDLIB_H 1
| #define HAVE_STRING_H 1
| #define HAVE_STRINGS_H 1
| #define HAVE_INTTYPES_H 1
| #define HAVE_STDINT_H 1
| #define HAVE_UNISTD_H 1
| #define HAVE_TAR_H 1
| #define HAVE_ERRNO_H 1
| #define HAVE_SCHED_H 1
| #define HAVE__BOOL 1
| #define HAVE_STDBOOL_H 1
| #define HAVE_UINT8_T 1
| #define HAVE_INT8_T 1
| /* end confdefs.h.  */
| #include <stdio.h>
| #ifdef HAVE_SYS_TYPES_H
| # include <sys/types.h>
| #endif
| #ifdef HAVE_SYS_STAT_H
| # include <sys/stat.h>
| #endif
| #ifdef STDC_HEADERS
| # include <stdlib.h>
| # include <stddef.h>
| #else
| # ifdef HAVE_STDLIB_H
| #  include <stdlib.h>
| # endif
| #endif
| #ifdef HAVE_STRING_H
| # if !defined STDC_HEADERS && defined HAVE_MEMORY_H
| #  include <memory.h>
| # endif
| # include <string.h>
| #endif
| #ifdef HAVE_STRINGS_H
| # include <strings.h>
| #endif
| #ifdef HAVE_INTTYPES_H
| # include <inttypes.h>
| #endif
| #ifdef HAVE_STDINT_H
| # include <stdint.h>
| #endif
| #ifdef HAVE_UNISTD_H
| # include <unistd.h>
| #endif
| int
| main ()
| {
| if (sizeof ((uint16_t)))
| 	    return 0;
|   ;
|   return 0;
| }
configure:5738: result: yes
configure:5747: checking for int16_t
configure:5747: sparc-rtems4.10-gcc --pipe -c -mcpu=cypress -msoft-float -O2 -g -Wall -Wimplicit-function-declaration -Wstrict-prototypes -Wnested-externs  conftest.c >&5
conftest.c:100: warning: function declaration isn't a prototype
configure:5747: $? = 0
configure:5747: sparc-rtems4.10-gcc --pipe -c -mcpu=cypress -msoft-float -O2 -g -Wall -Wimplicit-function-declaration -Wstrict-prototypes -Wnested-externs  conftest.c >&5
conftest.c:100: warning: function declaration isn't a prototype
conftest.c: In function 'main':
conftest.c:101: error: expected expression before ')' token
configure:5747: $? = 1
configure: failed program was:
| /* confdefs.h */
| #define PACKAGE_NAME "rtems-cpukit"
| #define PACKAGE_TARNAME "rtems-cpukit"
| #define PACKAGE_VERSION "4.10.2"
| #define PACKAGE_STRING "rtems-cpukit 4.10.2"
| #define PACKAGE_BUGREPORT "http://www.rtems.org/bugzilla"
| #define PACKAGE_URL ""
| #define RTEMS_NEWLIB 1
| #define HAVE_STRSEP 1
| #define HAVE_STRCASECMP 1
| #define HAVE_SNPRINTF 1
| #define HAVE_STRDUP 1
| #define HAVE_STRNDUP 1
| #define HAVE_STRNCASECMP 1
| #define HAVE_BCOPY 1
| #define HAVE_BCMP 1
| #define HAVE_ISASCII 1
| #define HAVE_FILENO 1
| #define HAVE_SLEEP 1
| #define HAVE_USLEEP 1
| #define HAVE_OPENDIR 1
| #define HAVE_CLOSEDIR 1
| #define HAVE_READDIR 1
| #define HAVE_READDIR_R 1
| #define HAVE_REWINDDIR 1
| #define HAVE_SCANDIR 1
| #define HAVE_SEEKDIR 1
| #define HAVE_TELLDIR 1
| #define HAVE_ISATTY 1
| #define HAVE_CREAT 1
| #define HAVE___ASSERT 1
| #define HAVE_EXECL 1
| #define HAVE_EXECLP 1
| #define HAVE_EXECLE 1
| #define HAVE_EXECV 1
| #define HAVE_EXECVP 1
| #define HAVE_EXECVE 1
| #define HAVE_REGCOMP 1
| #define HAVE_REGEXEC 1
| #define HAVE_REGERROR 1
| #define HAVE_REGFREE 1
| #define HAVE_DECL_FLOCKFILE 1
| #define HAVE_DECL_FUNLOCKFILE 1
| #define HAVE_DECL_FTRYLOCKFILE 1
| #define HAVE_TTYNAME 1
| #define HAVE_GETCWD 1
| #define STDC_HEADERS 1
| #define HAVE_SYS_TYPES_H 1
| #define HAVE_SYS_STAT_H 1
| #define HAVE_STDLIB_H 1
| #define HAVE_STRING_H 1
| #define HAVE_STRINGS_H 1
| #define HAVE_INTTYPES_H 1
| #define HAVE_STDINT_H 1
| #define HAVE_UNISTD_H 1
| #define HAVE_TAR_H 1
| #define HAVE_ERRNO_H 1
| #define HAVE_SCHED_H 1
| #define HAVE__BOOL 1
| #define HAVE_STDBOOL_H 1
| #define HAVE_UINT8_T 1
| #define HAVE_INT8_T 1
| #define HAVE_UINT16_T 1
| /* end confdefs.h.  */
| #include <stdio.h>
| #ifdef HAVE_SYS_TYPES_H
| # include <sys/types.h>
| #endif
| #ifdef HAVE_SYS_STAT_H
| # include <sys/stat.h>
| #endif
| #ifdef STDC_HEADERS
| # include <stdlib.h>
| # include <stddef.h>
| #else
| # ifdef HAVE_STDLIB_H
| #  include <stdlib.h>
| # endif
| #endif
| #ifdef HAVE_STRING_H
| # if !defined STDC_HEADERS && defined HAVE_MEMORY_H
| #  include <memory.h>
| # endif
| # include <string.h>
| #endif
| #ifdef HAVE_STRINGS_H
| # include <strings.h>
| #endif
| #ifdef HAVE_INTTYPES_H
| # include <inttypes.h>
| #endif
| #ifdef HAVE_STDINT_H
| # include <stdint.h>
| #endif
| #ifdef HAVE_UNISTD_H
| # include <unistd.h>
| #endif
| int
| main ()
| {
| if (sizeof ((int16_t)))
| 	    return 0;
|   ;
|   return 0;
| }
configure:5747: result: yes
configure:5757: checking for uint32_t
configure:5757: sparc-rtems4.10-gcc --pipe -c -mcpu=cypress -msoft-float -O2 -g -Wall -Wimplicit-function-declaration -Wstrict-prototypes -Wnested-externs  conftest.c >&5
conftest.c:101: warning: function declaration isn't a prototype
configure:5757: $? = 0
configure:5757: sparc-rtems4.10-gcc --pipe -c -mcpu=cypress -msoft-float -O2 -g -Wall -Wimplicit-function-declaration -Wstrict-prototypes -Wnested-externs  conftest.c >&5
conftest.c:101: warning: function declaration isn't a prototype
conftest.c: In function 'main':
conftest.c:102: error: expected expression before ')' token
configure:5757: $? = 1
configure: failed program was:
| /* confdefs.h */
| #define PACKAGE_NAME "rtems-cpukit"
| #define PACKAGE_TARNAME "rtems-cpukit"
| #define PACKAGE_VERSION "4.10.2"
| #define PACKAGE_STRING "rtems-cpukit 4.10.2"
| #define PACKAGE_BUGREPORT "http://www.rtems.org/bugzilla"
| #define PACKAGE_URL ""
| #define RTEMS_NEWLIB 1
| #define HAVE_STRSEP 1
| #define HAVE_STRCASECMP 1
| #define HAVE_SNPRINTF 1
| #define HAVE_STRDUP 1
| #define HAVE_STRNDUP 1
| #define HAVE_STRNCASECMP 1
| #define HAVE_BCOPY 1
| #define HAVE_BCMP 1
| #define HAVE_ISASCII 1
| #define HAVE_FILENO 1
| #define HAVE_SLEEP 1
| #define HAVE_USLEEP 1
| #define HAVE_OPENDIR 1
| #define HAVE_CLOSEDIR 1
| #define HAVE_READDIR 1
| #define HAVE_READDIR_R 1
| #define HAVE_REWINDDIR 1
| #define HAVE_SCANDIR 1
| #define HAVE_SEEKDIR 1
| #define HAVE_TELLDIR 1
| #define HAVE_ISATTY 1
| #define HAVE_CREAT 1
| #define HAVE___ASSERT 1
| #define HAVE_EXECL 1
| #define HAVE_EXECLP 1
| #define HAVE_EXECLE 1
| #define HAVE_EXECV 1
| #define HAVE_EXECVP 1
| #define HAVE_EXECVE 1
| #define HAVE_REGCOMP 1
| #define HAVE_REGEXEC 1
| #define HAVE_REGERROR 1
| #define HAVE_REGFREE 1
| #define HAVE_DECL_FLOCKFILE 1
| #define HAVE_DECL_FUNLOCKFILE 1
| #define HAVE_DECL_FTRYLOCKFILE 1
| #define HAVE_TTYNAME 1
| #define HAVE_GETCWD 1
| #define STDC_HEADERS 1
| #define HAVE_SYS_TYPES_H 1
| #define HAVE_SYS_STAT_H 1
| #define HAVE_STDLIB_H 1
| #define HAVE_STRING_H 1
| #define HAVE_STRINGS_H 1
| #define HAVE_INTTYPES_H 1
| #define HAVE_STDINT_H 1
| #define HAVE_UNISTD_H 1
| #define HAVE_TAR_H 1
| #define HAVE_ERRNO_H 1
| #define HAVE_SCHED_H 1
| #define HAVE__BOOL 1
| #define HAVE_STDBOOL_H 1
| #define HAVE_UINT8_T 1
| #define HAVE_INT8_T 1
| #define HAVE_UINT16_T 1
| #define HAVE_INT16_T 1
| /* end confdefs.h.  */
| #include <stdio.h>
| #ifdef HAVE_SYS_TYPES_H
| # include <sys/types.h>
| #endif
| #ifdef HAVE_SYS_STAT_H
| # include <sys/stat.h>
| #endif
| #ifdef STDC_HEADERS
| # include <stdlib.h>
| # include <stddef.h>
| #else
| # ifdef HAVE_STDLIB_H
| #  include <stdlib.h>
| # endif
| #endif
| #ifdef HAVE_STRING_H
| # if !defined STDC_HEADERS && defined HAVE_MEMORY_H
| #  include <memory.h>
| # endif
| # include <string.h>
| #endif
| #ifdef HAVE_STRINGS_H
| # include <strings.h>
| #endif
| #ifdef HAVE_INTTYPES_H
| # include <inttypes.h>
| #endif
| #ifdef HAVE_STDINT_H
| # include <stdint.h>
| #endif
| #ifdef HAVE_UNISTD_H
| # include <unistd.h>
| #endif
| int
| main ()
| {
| if (sizeof ((uint32_t)))
| 	    return 0;
|   ;
|   return 0;
| }
configure:5757: result: yes
configure:5766: checking for int32_t
configure:5766: sparc-rtems4.10-gcc --pipe -c -mcpu=cypress -msoft-float -O2 -g -Wall -Wimplicit-function-declaration -Wstrict-prototypes -Wnested-externs  conftest.c >&5
conftest.c:102: warning: function declaration isn't a prototype
configure:5766: $? = 0
configure:5766: sparc-rtems4.10-gcc --pipe -c -mcpu=cypress -msoft-float -O2 -g -Wall -Wimplicit-function-declaration -Wstrict-prototypes -Wnested-externs  conftest.c >&5
conftest.c:102: warning: function declaration isn't a prototype
conftest.c: In function 'main':
conftest.c:103: error: expected expression before ')' token
configure:5766: $? = 1
configure: failed program was:
| /* confdefs.h */
| #define PACKAGE_NAME "rtems-cpukit"
| #define PACKAGE_TARNAME "rtems-cpukit"
| #define PACKAGE_VERSION "4.10.2"
| #define PACKAGE_STRING "rtems-cpukit 4.10.2"
| #define PACKAGE_BUGREPORT "http://www.rtems.org/bugzilla"
| #define PACKAGE_URL ""
| #define RTEMS_NEWLIB 1
| #define HAVE_STRSEP 1
| #define HAVE_STRCASECMP 1
| #define HAVE_SNPRINTF 1
| #define HAVE_STRDUP 1
| #define HAVE_STRNDUP 1
| #define HAVE_STRNCASECMP 1
| #define HAVE_BCOPY 1
| #define HAVE_BCMP 1
| #define HAVE_ISASCII 1
| #define HAVE_FILENO 1
| #define HAVE_SLEEP 1
| #define HAVE_USLEEP 1
| #define HAVE_OPENDIR 1
| #define HAVE_CLOSEDIR 1
| #define HAVE_READDIR 1
| #define HAVE_READDIR_R 1
| #define HAVE_REWINDDIR 1
| #define HAVE_SCANDIR 1
| #define HAVE_SEEKDIR 1
| #define HAVE_TELLDIR 1
| #define HAVE_ISATTY 1
| #define HAVE_CREAT 1
| #define HAVE___ASSERT 1
| #define HAVE_EXECL 1
| #define HAVE_EXECLP 1
| #define HAVE_EXECLE 1
| #define HAVE_EXECV 1
| #define HAVE_EXECVP 1
| #define HAVE_EXECVE 1
| #define HAVE_REGCOMP 1
| #define HAVE_REGEXEC 1
| #define HAVE_REGERROR 1
| #define HAVE_REGFREE 1
| #define HAVE_DECL_FLOCKFILE 1
| #define HAVE_DECL_FUNLOCKFILE 1
| #define HAVE_DECL_FTRYLOCKFILE 1
| #define HAVE_TTYNAME 1
| #define HAVE_GETCWD 1
| #define STDC_HEADERS 1
| #define HAVE_SYS_TYPES_H 1
| #define HAVE_SYS_STAT_H 1
| #define HAVE_STDLIB_H 1
| #define HAVE_STRING_H 1
| #define HAVE_STRINGS_H 1
| #define HAVE_INTTYPES_H 1
| #define HAVE_STDINT_H 1
| #define HAVE_UNISTD_H 1
| #define HAVE_TAR_H 1
| #define HAVE_ERRNO_H 1
| #define HAVE_SCHED_H 1
| #define HAVE__BOOL 1
| #define HAVE_STDBOOL_H 1
| #define HAVE_UINT8_T 1
| #define HAVE_INT8_T 1
| #define HAVE_UINT16_T 1
| #define HAVE_INT16_T 1
| #define HAVE_UINT32_T 1
| /* end confdefs.h.  */
| #include <stdio.h>
| #ifdef HAVE_SYS_TYPES_H
| # include <sys/types.h>
| #endif
| #ifdef HAVE_SYS_STAT_H
| # include <sys/stat.h>
| #endif
| #ifdef STDC_HEADERS
| # include <stdlib.h>
| # include <stddef.h>
| #else
| # ifdef HAVE_STDLIB_H
| #  include <stdlib.h>
| # endif
| #endif
| #ifdef HAVE_STRING_H
| # if !defined STDC_HEADERS && defined HAVE_MEMORY_H
| #  include <memory.h>
| # endif
| # include <string.h>
| #endif
| #ifdef HAVE_STRINGS_H
| # include <strings.h>
| #endif
| #ifdef HAVE_INTTYPES_H
| # include <inttypes.h>
| #endif
| #ifdef HAVE_STDINT_H
| # include <stdint.h>
| #endif
| #ifdef HAVE_UNISTD_H
| # include <unistd.h>
| #endif
| int
| main ()
| {
| if (sizeof ((int32_t)))
| 	    return 0;
|   ;
|   return 0;
| }
configure:5766: result: yes
configure:5776: checking for uint64_t
configure:5776: sparc-rtems4.10-gcc --pipe -c -mcpu=cypress -msoft-float -O2 -g -Wall -Wimplicit-function-declaration -Wstrict-prototypes -Wnested-externs  conftest.c >&5
conftest.c:103: warning: function declaration isn't a prototype
configure:5776: $? = 0
configure:5776: sparc-rtems4.10-gcc --pipe -c -mcpu=cypress -msoft-float -O2 -g -Wall -Wimplicit-function-declaration -Wstrict-prototypes -Wnested-externs  conftest.c >&5
conftest.c:103: warning: function declaration isn't a prototype
conftest.c: In function 'main':
conftest.c:104: error: expected expression before ')' token
configure:5776: $? = 1
configure: failed program was:
| /* confdefs.h */
| #define PACKAGE_NAME "rtems-cpukit"
| #define PACKAGE_TARNAME "rtems-cpukit"
| #define PACKAGE_VERSION "4.10.2"
| #define PACKAGE_STRING "rtems-cpukit 4.10.2"
| #define PACKAGE_BUGREPORT "http://www.rtems.org/bugzilla"
| #define PACKAGE_URL ""
| #define RTEMS_NEWLIB 1
| #define HAVE_STRSEP 1
| #define HAVE_STRCASECMP 1
| #define HAVE_SNPRINTF 1
| #define HAVE_STRDUP 1
| #define HAVE_STRNDUP 1
| #define HAVE_STRNCASECMP 1
| #define HAVE_BCOPY 1
| #define HAVE_BCMP 1
| #define HAVE_ISASCII 1
| #define HAVE_FILENO 1
| #define HAVE_SLEEP 1
| #define HAVE_USLEEP 1
| #define HAVE_OPENDIR 1
| #define HAVE_CLOSEDIR 1
| #define HAVE_READDIR 1
| #define HAVE_READDIR_R 1
| #define HAVE_REWINDDIR 1
| #define HAVE_SCANDIR 1
| #define HAVE_SEEKDIR 1
| #define HAVE_TELLDIR 1
| #define HAVE_ISATTY 1
| #define HAVE_CREAT 1
| #define HAVE___ASSERT 1
| #define HAVE_EXECL 1
| #define HAVE_EXECLP 1
| #define HAVE_EXECLE 1
| #define HAVE_EXECV 1
| #define HAVE_EXECVP 1
| #define HAVE_EXECVE 1
| #define HAVE_REGCOMP 1
| #define HAVE_REGEXEC 1
| #define HAVE_REGERROR 1
| #define HAVE_REGFREE 1
| #define HAVE_DECL_FLOCKFILE 1
| #define HAVE_DECL_FUNLOCKFILE 1
| #define HAVE_DECL_FTRYLOCKFILE 1
| #define HAVE_TTYNAME 1
| #define HAVE_GETCWD 1
| #define STDC_HEADERS 1
| #define HAVE_SYS_TYPES_H 1
| #define HAVE_SYS_STAT_H 1
| #define HAVE_STDLIB_H 1
| #define HAVE_STRING_H 1
| #define HAVE_STRINGS_H 1
| #define HAVE_INTTYPES_H 1
| #define HAVE_STDINT_H 1
| #define HAVE_UNISTD_H 1
| #define HAVE_TAR_H 1
| #define HAVE_ERRNO_H 1
| #define HAVE_SCHED_H 1
| #define HAVE__BOOL 1
| #define HAVE_STDBOOL_H 1
| #define HAVE_UINT8_T 1
| #define HAVE_INT8_T 1
| #define HAVE_UINT16_T 1
| #define HAVE_INT16_T 1
| #define HAVE_UINT32_T 1
| #define HAVE_INT32_T 1
| /* end confdefs.h.  */
| #include <stdio.h>
| #ifdef HAVE_SYS_TYPES_H
| # include <sys/types.h>
| #endif
| #ifdef HAVE_SYS_STAT_H
| # include <sys/stat.h>
| #endif
| #ifdef STDC_HEADERS
| # include <stdlib.h>
| # include <stddef.h>
| #else
| # ifdef HAVE_STDLIB_H
| #  include <stdlib.h>
| # endif
| #endif
| #ifdef HAVE_STRING_H
| # if !defined STDC_HEADERS && defined HAVE_MEMORY_H
| #  include <memory.h>
| # endif
| # include <string.h>
| #endif
| #ifdef HAVE_STRINGS_H
| # include <strings.h>
| #endif
| #ifdef HAVE_INTTYPES_H
| # include <inttypes.h>
| #endif
| #ifdef HAVE_STDINT_H
| # include <stdint.h>
| #endif
| #ifdef HAVE_UNISTD_H
| # include <unistd.h>
| #endif
| int
| main ()
| {
| if (sizeof ((uint64_t)))
| 	    return 0;
|   ;
|   return 0;
| }
configure:5776: result: yes
configure:5785: checking for int64_t
configure:5785: sparc-rtems4.10-gcc --pipe -c -mcpu=cypress -msoft-float -O2 -g -Wall -Wimplicit-function-declaration -Wstrict-prototypes -Wnested-externs  conftest.c >&5
conftest.c:104: warning: function declaration isn't a prototype
configure:5785: $? = 0
configure:5785: sparc-rtems4.10-gcc --pipe -c -mcpu=cypress -msoft-float -O2 -g -Wall -Wimplicit-function-declaration -Wstrict-prototypes -Wnested-externs  conftest.c >&5
conftest.c:104: warning: function declaration isn't a prototype
conftest.c: In function 'main':
conftest.c:105: error: expected expression before ')' token
configure:5785: $? = 1
configure: failed program was:
| /* confdefs.h */
| #define PACKAGE_NAME "rtems-cpukit"
| #define PACKAGE_TARNAME "rtems-cpukit"
| #define PACKAGE_VERSION "4.10.2"
| #define PACKAGE_STRING "rtems-cpukit 4.10.2"
| #define PACKAGE_BUGREPORT "http://www.rtems.org/bugzilla"
| #define PACKAGE_URL ""
| #define RTEMS_NEWLIB 1
| #define HAVE_STRSEP 1
| #define HAVE_STRCASECMP 1
| #define HAVE_SNPRINTF 1
| #define HAVE_STRDUP 1
| #define HAVE_STRNDUP 1
| #define HAVE_STRNCASECMP 1
| #define HAVE_BCOPY 1
| #define HAVE_BCMP 1
| #define HAVE_ISASCII 1
| #define HAVE_FILENO 1
| #define HAVE_SLEEP 1
| #define HAVE_USLEEP 1
| #define HAVE_OPENDIR 1
| #define HAVE_CLOSEDIR 1
| #define HAVE_READDIR 1
| #define HAVE_READDIR_R 1
| #define HAVE_REWINDDIR 1
| #define HAVE_SCANDIR 1
| #define HAVE_SEEKDIR 1
| #define HAVE_TELLDIR 1
| #define HAVE_ISATTY 1
| #define HAVE_CREAT 1
| #define HAVE___ASSERT 1
| #define HAVE_EXECL 1
| #define HAVE_EXECLP 1
| #define HAVE_EXECLE 1
| #define HAVE_EXECV 1
| #define HAVE_EXECVP 1
| #define HAVE_EXECVE 1
| #define HAVE_REGCOMP 1
| #define HAVE_REGEXEC 1
| #define HAVE_REGERROR 1
| #define HAVE_REGFREE 1
| #define HAVE_DECL_FLOCKFILE 1
| #define HAVE_DECL_FUNLOCKFILE 1
| #define HAVE_DECL_FTRYLOCKFILE 1
| #define HAVE_TTYNAME 1
| #define HAVE_GETCWD 1
| #define STDC_HEADERS 1
| #define HAVE_SYS_TYPES_H 1
| #define HAVE_SYS_STAT_H 1
| #define HAVE_STDLIB_H 1
| #define HAVE_STRING_H 1
| #define HAVE_STRINGS_H 1
| #define HAVE_INTTYPES_H 1
| #define HAVE_STDINT_H 1
| #define HAVE_UNISTD_H 1
| #define HAVE_TAR_H 1
| #define HAVE_ERRNO_H 1
| #define HAVE_SCHED_H 1
| #define HAVE__BOOL 1
| #define HAVE_STDBOOL_H 1
| #define HAVE_UINT8_T 1
| #define HAVE_INT8_T 1
| #define HAVE_UINT16_T 1
| #define HAVE_INT16_T 1
| #define HAVE_UINT32_T 1
| #define HAVE_INT32_T 1
| #define HAVE_UINT64_T 1
| /* end confdefs.h.  */
| #include <stdio.h>
| #ifdef HAVE_SYS_TYPES_H
| # include <sys/types.h>
| #endif
| #ifdef HAVE_SYS_STAT_H
| # include <sys/stat.h>
| #endif
| #ifdef STDC_HEADERS
| # include <stdlib.h>
| # include <stddef.h>
| #else
| # ifdef HAVE_STDLIB_H
| #  include <stdlib.h>
| # endif
| #endif
| #ifdef HAVE_STRING_H
| # if !defined STDC_HEADERS && defined HAVE_MEMORY_H
| #  include <memory.h>
| # endif
| # include <string.h>
| #endif
| #ifdef HAVE_STRINGS_H
| # include <strings.h>
| #endif
| #ifdef HAVE_INTTYPES_H
| # include <inttypes.h>
| #endif
| #ifdef HAVE_STDINT_H
| # include <stdint.h>
| #endif
| #ifdef HAVE_UNISTD_H
| # include <unistd.h>
| #endif
| int
| main ()
| {
| if (sizeof ((int64_t)))
| 	    return 0;
|   ;
|   return 0;
| }
configure:5785: result: yes
configure:5795: checking for uintmax_t
configure:5795: sparc-rtems4.10-gcc --pipe -c -mcpu=cypress -msoft-float -O2 -g -Wall -Wimplicit-function-declaration -Wstrict-prototypes -Wnested-externs  conftest.c >&5
conftest.c:105: warning: function declaration isn't a prototype
configure:5795: $? = 0
configure:5795: sparc-rtems4.10-gcc --pipe -c -mcpu=cypress -msoft-float -O2 -g -Wall -Wimplicit-function-declaration -Wstrict-prototypes -Wnested-externs  conftest.c >&5
conftest.c:105: warning: function declaration isn't a prototype
conftest.c: In function 'main':
conftest.c:106: error: expected expression before ')' token
configure:5795: $? = 1
configure: failed program was:
| /* confdefs.h */
| #define PACKAGE_NAME "rtems-cpukit"
| #define PACKAGE_TARNAME "rtems-cpukit"
| #define PACKAGE_VERSION "4.10.2"
| #define PACKAGE_STRING "rtems-cpukit 4.10.2"
| #define PACKAGE_BUGREPORT "http://www.rtems.org/bugzilla"
| #define PACKAGE_URL ""
| #define RTEMS_NEWLIB 1
| #define HAVE_STRSEP 1
| #define HAVE_STRCASECMP 1
| #define HAVE_SNPRINTF 1
| #define HAVE_STRDUP 1
| #define HAVE_STRNDUP 1
| #define HAVE_STRNCASECMP 1
| #define HAVE_BCOPY 1
| #define HAVE_BCMP 1
| #define HAVE_ISASCII 1
| #define HAVE_FILENO 1
| #define HAVE_SLEEP 1
| #define HAVE_USLEEP 1
| #define HAVE_OPENDIR 1
| #define HAVE_CLOSEDIR 1
| #define HAVE_READDIR 1
| #define HAVE_READDIR_R 1
| #define HAVE_REWINDDIR 1
| #define HAVE_SCANDIR 1
| #define HAVE_SEEKDIR 1
| #define HAVE_TELLDIR 1
| #define HAVE_ISATTY 1
| #define HAVE_CREAT 1
| #define HAVE___ASSERT 1
| #define HAVE_EXECL 1
| #define HAVE_EXECLP 1
| #define HAVE_EXECLE 1
| #define HAVE_EXECV 1
| #define HAVE_EXECVP 1
| #define HAVE_EXECVE 1
| #define HAVE_REGCOMP 1
| #define HAVE_REGEXEC 1
| #define HAVE_REGERROR 1
| #define HAVE_REGFREE 1
| #define HAVE_DECL_FLOCKFILE 1
| #define HAVE_DECL_FUNLOCKFILE 1
| #define HAVE_DECL_FTRYLOCKFILE 1
| #define HAVE_TTYNAME 1
| #define HAVE_GETCWD 1
| #define STDC_HEADERS 1
| #define HAVE_SYS_TYPES_H 1
| #define HAVE_SYS_STAT_H 1
| #define HAVE_STDLIB_H 1
| #define HAVE_STRING_H 1
| #define HAVE_STRINGS_H 1
| #define HAVE_INTTYPES_H 1
| #define HAVE_STDINT_H 1
| #define HAVE_UNISTD_H 1
| #define HAVE_TAR_H 1
| #define HAVE_ERRNO_H 1
| #define HAVE_SCHED_H 1
| #define HAVE__BOOL 1
| #define HAVE_STDBOOL_H 1
| #define HAVE_UINT8_T 1
| #define HAVE_INT8_T 1
| #define HAVE_UINT16_T 1
| #define HAVE_INT16_T 1
| #define HAVE_UINT32_T 1
| #define HAVE_INT32_T 1
| #define HAVE_UINT64_T 1
| #define HAVE_INT64_T 1
| /* end confdefs.h.  */
| #include <stdio.h>
| #ifdef HAVE_SYS_TYPES_H
| # include <sys/types.h>
| #endif
| #ifdef HAVE_SYS_STAT_H
| # include <sys/stat.h>
| #endif
| #ifdef STDC_HEADERS
| # include <stdlib.h>
| # include <stddef.h>
| #else
| # ifdef HAVE_STDLIB_H
| #  include <stdlib.h>
| # endif
| #endif
| #ifdef HAVE_STRING_H
| # if !defined STDC_HEADERS && defined HAVE_MEMORY_H
| #  include <memory.h>
| # endif
| # include <string.h>
| #endif
| #ifdef HAVE_STRINGS_H
| # include <strings.h>
| #endif
| #ifdef HAVE_INTTYPES_H
| # include <inttypes.h>
| #endif
| #ifdef HAVE_STDINT_H
| # include <stdint.h>
| #endif
| #ifdef HAVE_UNISTD_H
| # include <unistd.h>
| #endif
| int
| main ()
| {
| if (sizeof ((uintmax_t)))
| 	    return 0;
|   ;
|   return 0;
| }
configure:5795: result: yes
configure:5804: checking for intmax_t
configure:5804: sparc-rtems4.10-gcc --pipe -c -mcpu=cypress -msoft-float -O2 -g -Wall -Wimplicit-function-declaration -Wstrict-prototypes -Wnested-externs  conftest.c >&5
conftest.c:106: warning: function declaration isn't a prototype
configure:5804: $? = 0
configure:5804: sparc-rtems4.10-gcc --pipe -c -mcpu=cypress -msoft-float -O2 -g -Wall -Wimplicit-function-declaration -Wstrict-prototypes -Wnested-externs  conftest.c >&5
conftest.c:106: warning: function declaration isn't a prototype
conftest.c: In function 'main':
conftest.c:107: error: expected expression before ')' token
configure:5804: $? = 1
configure: failed program was:
| /* confdefs.h */
| #define PACKAGE_NAME "rtems-cpukit"
| #define PACKAGE_TARNAME "rtems-cpukit"
| #define PACKAGE_VERSION "4.10.2"
| #define PACKAGE_STRING "rtems-cpukit 4.10.2"
| #define PACKAGE_BUGREPORT "http://www.rtems.org/bugzilla"
| #define PACKAGE_URL ""
| #define RTEMS_NEWLIB 1
| #define HAVE_STRSEP 1
| #define HAVE_STRCASECMP 1
| #define HAVE_SNPRINTF 1
| #define HAVE_STRDUP 1
| #define HAVE_STRNDUP 1
| #define HAVE_STRNCASECMP 1
| #define HAVE_BCOPY 1
| #define HAVE_BCMP 1
| #define HAVE_ISASCII 1
| #define HAVE_FILENO 1
| #define HAVE_SLEEP 1
| #define HAVE_USLEEP 1
| #define HAVE_OPENDIR 1
| #define HAVE_CLOSEDIR 1
| #define HAVE_READDIR 1
| #define HAVE_READDIR_R 1
| #define HAVE_REWINDDIR 1
| #define HAVE_SCANDIR 1
| #define HAVE_SEEKDIR 1
| #define HAVE_TELLDIR 1
| #define HAVE_ISATTY 1
| #define HAVE_CREAT 1
| #define HAVE___ASSERT 1
| #define HAVE_EXECL 1
| #define HAVE_EXECLP 1
| #define HAVE_EXECLE 1
| #define HAVE_EXECV 1
| #define HAVE_EXECVP 1
| #define HAVE_EXECVE 1
| #define HAVE_REGCOMP 1
| #define HAVE_REGEXEC 1
| #define HAVE_REGERROR 1
| #define HAVE_REGFREE 1
| #define HAVE_DECL_FLOCKFILE 1
| #define HAVE_DECL_FUNLOCKFILE 1
| #define HAVE_DECL_FTRYLOCKFILE 1
| #define HAVE_TTYNAME 1
| #define HAVE_GETCWD 1
| #define STDC_HEADERS 1
| #define HAVE_SYS_TYPES_H 1
| #define HAVE_SYS_STAT_H 1
| #define HAVE_STDLIB_H 1
| #define HAVE_STRING_H 1
| #define HAVE_STRINGS_H 1
| #define HAVE_INTTYPES_H 1
| #define HAVE_STDINT_H 1
| #define HAVE_UNISTD_H 1
| #define HAVE_TAR_H 1
| #define HAVE_ERRNO_H 1
| #define HAVE_SCHED_H 1
| #define HAVE__BOOL 1
| #define HAVE_STDBOOL_H 1
| #define HAVE_UINT8_T 1
| #define HAVE_INT8_T 1
| #define HAVE_UINT16_T 1
| #define HAVE_INT16_T 1
| #define HAVE_UINT32_T 1
| #define HAVE_INT32_T 1
| #define HAVE_UINT64_T 1
| #define HAVE_INT64_T 1
| #define HAVE_UINTMAX_T 1
| /* end confdefs.h.  */
| #include <stdio.h>
| #ifdef HAVE_SYS_TYPES_H
| # include <sys/types.h>
| #endif
| #ifdef HAVE_SYS_STAT_H
| # include <sys/stat.h>
| #endif
| #ifdef STDC_HEADERS
| # include <stdlib.h>
| # include <stddef.h>
| #else
| # ifdef HAVE_STDLIB_H
| #  include <stdlib.h>
| # endif
| #endif
| #ifdef HAVE_STRING_H
| # if !defined STDC_HEADERS && defined HAVE_MEMORY_H
| #  include <memory.h>
| # endif
| # include <string.h>
| #endif
| #ifdef HAVE_STRINGS_H
| # include <strings.h>
| #endif
| #ifdef HAVE_INTTYPES_H
| # include <inttypes.h>
| #endif
| #ifdef HAVE_STDINT_H
| # include <stdint.h>
| #endif
| #ifdef HAVE_UNISTD_H
| # include <unistd.h>
| #endif
| int
| main ()
| {
| if (sizeof ((intmax_t)))
| 	    return 0;
|   ;
|   return 0;
| }
configure:5804: result: yes
configure:5814: checking for uintptr_t
configure:5814: sparc-rtems4.10-gcc --pipe -c -mcpu=cypress -msoft-float -O2 -g -Wall -Wimplicit-function-declaration -Wstrict-prototypes -Wnested-externs  conftest.c >&5
conftest.c:107: warning: function declaration isn't a prototype
configure:5814: $? = 0
configure:5814: sparc-rtems4.10-gcc --pipe -c -mcpu=cypress -msoft-float -O2 -g -Wall -Wimplicit-function-declaration -Wstrict-prototypes -Wnested-externs  conftest.c >&5
conftest.c:107: warning: function declaration isn't a prototype
conftest.c: In function 'main':
conftest.c:108: error: expected expression before ')' token
configure:5814: $? = 1
configure: failed program was:
| /* confdefs.h */
| #define PACKAGE_NAME "rtems-cpukit"
| #define PACKAGE_TARNAME "rtems-cpukit"
| #define PACKAGE_VERSION "4.10.2"
| #define PACKAGE_STRING "rtems-cpukit 4.10.2"
| #define PACKAGE_BUGREPORT "http://www.rtems.org/bugzilla"
| #define PACKAGE_URL ""
| #define RTEMS_NEWLIB 1
| #define HAVE_STRSEP 1
| #define HAVE_STRCASECMP 1
| #define HAVE_SNPRINTF 1
| #define HAVE_STRDUP 1
| #define HAVE_STRNDUP 1
| #define HAVE_STRNCASECMP 1
| #define HAVE_BCOPY 1
| #define HAVE_BCMP 1
| #define HAVE_ISASCII 1
| #define HAVE_FILENO 1
| #define HAVE_SLEEP 1
| #define HAVE_USLEEP 1
| #define HAVE_OPENDIR 1
| #define HAVE_CLOSEDIR 1
| #define HAVE_READDIR 1
| #define HAVE_READDIR_R 1
| #define HAVE_REWINDDIR 1
| #define HAVE_SCANDIR 1
| #define HAVE_SEEKDIR 1
| #define HAVE_TELLDIR 1
| #define HAVE_ISATTY 1
| #define HAVE_CREAT 1
| #define HAVE___ASSERT 1
| #define HAVE_EXECL 1
| #define HAVE_EXECLP 1
| #define HAVE_EXECLE 1
| #define HAVE_EXECV 1
| #define HAVE_EXECVP 1
| #define HAVE_EXECVE 1
| #define HAVE_REGCOMP 1
| #define HAVE_REGEXEC 1
| #define HAVE_REGERROR 1
| #define HAVE_REGFREE 1
| #define HAVE_DECL_FLOCKFILE 1
| #define HAVE_DECL_FUNLOCKFILE 1
| #define HAVE_DECL_FTRYLOCKFILE 1
| #define HAVE_TTYNAME 1
| #define HAVE_GETCWD 1
| #define STDC_HEADERS 1
| #define HAVE_SYS_TYPES_H 1
| #define HAVE_SYS_STAT_H 1
| #define HAVE_STDLIB_H 1
| #define HAVE_STRING_H 1
| #define HAVE_STRINGS_H 1
| #define HAVE_INTTYPES_H 1
| #define HAVE_STDINT_H 1
| #define HAVE_UNISTD_H 1
| #define HAVE_TAR_H 1
| #define HAVE_ERRNO_H 1
| #define HAVE_SCHED_H 1
| #define HAVE__BOOL 1
| #define HAVE_STDBOOL_H 1
| #define HAVE_UINT8_T 1
| #define HAVE_INT8_T 1
| #define HAVE_UINT16_T 1
| #define HAVE_INT16_T 1
| #define HAVE_UINT32_T 1
| #define HAVE_INT32_T 1
| #define HAVE_UINT64_T 1
| #define HAVE_INT64_T 1
| #define HAVE_UINTMAX_T 1
| #define HAVE_INTMAX_T 1
| /* end confdefs.h.  */
| #include <stdio.h>
| #ifdef HAVE_SYS_TYPES_H
| # include <sys/types.h>
| #endif
| #ifdef HAVE_SYS_STAT_H
| # include <sys/stat.h>
| #endif
| #ifdef STDC_HEADERS
| # include <stdlib.h>
| # include <stddef.h>
| #else
| # ifdef HAVE_STDLIB_H
| #  include <stdlib.h>
| # endif
| #endif
| #ifdef HAVE_STRING_H
| # if !defined STDC_HEADERS && defined HAVE_MEMORY_H
| #  include <memory.h>
| # endif
| # include <string.h>
| #endif
| #ifdef HAVE_STRINGS_H
| # include <strings.h>
| #endif
| #ifdef HAVE_INTTYPES_H
| # include <inttypes.h>
| #endif
| #ifdef HAVE_STDINT_H
| # include <stdint.h>
| #endif
| #ifdef HAVE_UNISTD_H
| # include <unistd.h>
| #endif
| int
| main ()
| {
| if (sizeof ((uintptr_t)))
| 	    return 0;
|   ;
|   return 0;
| }
configure:5814: result: yes
configure:5823: checking for intptr_t
configure:5823: sparc-rtems4.10-gcc --pipe -c -mcpu=cypress -msoft-float -O2 -g -Wall -Wimplicit-function-declaration -Wstrict-prototypes -Wnested-externs  conftest.c >&5
conftest.c:108: warning: function declaration isn't a prototype
configure:5823: $? = 0
configure:5823: sparc-rtems4.10-gcc --pipe -c -mcpu=cypress -msoft-float -O2 -g -Wall -Wimplicit-function-declaration -Wstrict-prototypes -Wnested-externs  conftest.c >&5
conftest.c:108: warning: function declaration isn't a prototype
conftest.c: In function 'main':
conftest.c:109: error: expected expression before ')' token
configure:5823: $? = 1
configure: failed program was:
| /* confdefs.h */
| #define PACKAGE_NAME "rtems-cpukit"
| #define PACKAGE_TARNAME "rtems-cpukit"
| #define PACKAGE_VERSION "4.10.2"
| #define PACKAGE_STRING "rtems-cpukit 4.10.2"
| #define PACKAGE_BUGREPORT "http://www.rtems.org/bugzilla"
| #define PACKAGE_URL ""
| #define RTEMS_NEWLIB 1
| #define HAVE_STRSEP 1
| #define HAVE_STRCASECMP 1
| #define HAVE_SNPRINTF 1
| #define HAVE_STRDUP 1
| #define HAVE_STRNDUP 1
| #define HAVE_STRNCASECMP 1
| #define HAVE_BCOPY 1
| #define HAVE_BCMP 1
| #define HAVE_ISASCII 1
| #define HAVE_FILENO 1
| #define HAVE_SLEEP 1
| #define HAVE_USLEEP 1
| #define HAVE_OPENDIR 1
| #define HAVE_CLOSEDIR 1
| #define HAVE_READDIR 1
| #define HAVE_READDIR_R 1
| #define HAVE_REWINDDIR 1
| #define HAVE_SCANDIR 1
| #define HAVE_SEEKDIR 1
| #define HAVE_TELLDIR 1
| #define HAVE_ISATTY 1
| #define HAVE_CREAT 1
| #define HAVE___ASSERT 1
| #define HAVE_EXECL 1
| #define HAVE_EXECLP 1
| #define HAVE_EXECLE 1
| #define HAVE_EXECV 1
| #define HAVE_EXECVP 1
| #define HAVE_EXECVE 1
| #define HAVE_REGCOMP 1
| #define HAVE_REGEXEC 1
| #define HAVE_REGERROR 1
| #define HAVE_REGFREE 1
| #define HAVE_DECL_FLOCKFILE 1
| #define HAVE_DECL_FUNLOCKFILE 1
| #define HAVE_DECL_FTRYLOCKFILE 1
| #define HAVE_TTYNAME 1
| #define HAVE_GETCWD 1
| #define STDC_HEADERS 1
| #define HAVE_SYS_TYPES_H 1
| #define HAVE_SYS_STAT_H 1
| #define HAVE_STDLIB_H 1
| #define HAVE_STRING_H 1
| #define HAVE_STRINGS_H 1
| #define HAVE_INTTYPES_H 1
| #define HAVE_STDINT_H 1
| #define HAVE_UNISTD_H 1
| #define HAVE_TAR_H 1
| #define HAVE_ERRNO_H 1
| #define HAVE_SCHED_H 1
| #define HAVE__BOOL 1
| #define HAVE_STDBOOL_H 1
| #define HAVE_UINT8_T 1
| #define HAVE_INT8_T 1
| #define HAVE_UINT16_T 1
| #define HAVE_INT16_T 1
| #define HAVE_UINT32_T 1
| #define HAVE_INT32_T 1
| #define HAVE_UINT64_T 1
| #define HAVE_INT64_T 1
| #define HAVE_UINTMAX_T 1
| #define HAVE_INTMAX_T 1
| #define HAVE_UINTPTR_T 1
| /* end confdefs.h.  */
| #include <stdio.h>
| #ifdef HAVE_SYS_TYPES_H
| # include <sys/types.h>
| #endif
| #ifdef HAVE_SYS_STAT_H
| # include <sys/stat.h>
| #endif
| #ifdef STDC_HEADERS
| # include <stdlib.h>
| # include <stddef.h>
| #else
| # ifdef HAVE_STDLIB_H
| #  include <stdlib.h>
| # endif
| #endif
| #ifdef HAVE_STRING_H
| # if !defined STDC_HEADERS && defined HAVE_MEMORY_H
| #  include <memory.h>
| # endif
| # include <string.h>
| #endif
| #ifdef HAVE_STRINGS_H
| # include <strings.h>
| #endif
| #ifdef HAVE_INTTYPES_H
| # include <inttypes.h>
| #endif
| #ifdef HAVE_STDINT_H
| # include <stdint.h>
| #endif
| #ifdef HAVE_UNISTD_H
| # include <unistd.h>
| #endif
| int
| main ()
| {
| if (sizeof ((intptr_t)))
| 	    return 0;
|   ;
|   return 0;
| }
configure:5823: result: yes
configure:5838: checking if printf("%" PRIxPTR, uintptr_t) works
configure:5868: sparc-rtems4.10-gcc --pipe -c -Wall -Werror  conftest.c >&5
configure:5868: $? = 0
configure:5881: result: yes
configure:5887: checking if printf("%" PRIuPTR, uintptr_t) works
configure:5917: sparc-rtems4.10-gcc --pipe -c -Wall -Werror  conftest.c >&5
configure:5917: $? = 0
configure:5930: result: yes
configure:5936: checking if printf("%" PRIdPTR, intptr_t) works
configure:5966: sparc-rtems4.10-gcc --pipe -c -Wall -Werror  conftest.c >&5
configure:5966: $? = 0
configure:5979: result: yes
configure:5985: checking if printf("%zu", size_t) works
configure:6015: sparc-rtems4.10-gcc --pipe -c -Wall -Werror  conftest.c >&5
configure:6015: $? = 0
configure:6028: result: yes
configure:6034: checking if printf("%zd", ssize_t) works
configure:6064: sparc-rtems4.10-gcc --pipe -c -Wall -Werror  conftest.c >&5
configure:6064: $? = 0
configure:6077: result: yes
configure:6083: checking if printf("%ld", off_t) works
configure:6113: sparc-rtems4.10-gcc --pipe -c -Wall -Werror  conftest.c >&5
cc1: warnings being treated as errors
conftest.c: In function 'main':
conftest.c:84: error: format '%ld' expects type 'long int', but argument 2 has type 'off_t'
conftest.c:84: error: format '%ld' expects type 'long int', but argument 2 has type 'off_t'
configure:6113: $? = 1
configure: failed program was:
| /* confdefs.h */
| #define PACKAGE_NAME "rtems-cpukit"
| #define PACKAGE_TARNAME "rtems-cpukit"
| #define PACKAGE_VERSION "4.10.2"
| #define PACKAGE_STRING "rtems-cpukit 4.10.2"
| #define PACKAGE_BUGREPORT "http://www.rtems.org/bugzilla"
| #define PACKAGE_URL ""
| #define RTEMS_NEWLIB 1
| #define HAVE_STRSEP 1
| #define HAVE_STRCASECMP 1
| #define HAVE_SNPRINTF 1
| #define HAVE_STRDUP 1
| #define HAVE_STRNDUP 1
| #define HAVE_STRNCASECMP 1
| #define HAVE_BCOPY 1
| #define HAVE_BCMP 1
| #define HAVE_ISASCII 1
| #define HAVE_FILENO 1
| #define HAVE_SLEEP 1
| #define HAVE_USLEEP 1
| #define HAVE_OPENDIR 1
| #define HAVE_CLOSEDIR 1
| #define HAVE_READDIR 1
| #define HAVE_READDIR_R 1
| #define HAVE_REWINDDIR 1
| #define HAVE_SCANDIR 1
| #define HAVE_SEEKDIR 1
| #define HAVE_TELLDIR 1
| #define HAVE_ISATTY 1
| #define HAVE_CREAT 1
| #define HAVE___ASSERT 1
| #define HAVE_EXECL 1
| #define HAVE_EXECLP 1
| #define HAVE_EXECLE 1
| #define HAVE_EXECV 1
| #define HAVE_EXECVP 1
| #define HAVE_EXECVE 1
| #define HAVE_REGCOMP 1
| #define HAVE_REGEXEC 1
| #define HAVE_REGERROR 1
| #define HAVE_REGFREE 1
| #define HAVE_DECL_FLOCKFILE 1
| #define HAVE_DECL_FUNLOCKFILE 1
| #define HAVE_DECL_FTRYLOCKFILE 1
| #define HAVE_TTYNAME 1
| #define HAVE_GETCWD 1
| #define STDC_HEADERS 1
| #define HAVE_SYS_TYPES_H 1
| #define HAVE_SYS_STAT_H 1
| #define HAVE_STDLIB_H 1
| #define HAVE_STRING_H 1
| #define HAVE_STRINGS_H 1
| #define HAVE_INTTYPES_H 1
| #define HAVE_STDINT_H 1
| #define HAVE_UNISTD_H 1
| #define HAVE_TAR_H 1
| #define HAVE_ERRNO_H 1
| #define HAVE_SCHED_H 1
| #define HAVE__BOOL 1
| #define HAVE_STDBOOL_H 1
| #define HAVE_UINT8_T 1
| #define HAVE_INT8_T 1
| #define HAVE_UINT16_T 1
| #define HAVE_INT16_T 1
| #define HAVE_UINT32_T 1
| #define HAVE_INT32_T 1
| #define HAVE_UINT64_T 1
| #define HAVE_INT64_T 1
| #define HAVE_UINTMAX_T 1
| #define HAVE_INTMAX_T 1
| #define HAVE_UINTPTR_T 1
| #define HAVE_INTPTR_T 1
| /* end confdefs.h.  */
| 
| 
|        #include <sys/types.h>
|        #include <stdio.h>
| 
| int
| main ()
| {
| 
|       off_t off = 1;
|       printf("%ld\n", off);
| 
|   ;
|   return 0;
| }
configure:6126: result: no
configure:6132: checking if printf("%lld", off_t) works
configure:6162: sparc-rtems4.10-gcc --pipe -c -Wall -Werror  conftest.c >&5
configure:6162: $? = 0
configure:6175: result: yes
configure:6184: checking pthread.h usability
configure:6184: sparc-rtems4.10-gcc --pipe -c -mcpu=cypress -msoft-float -O2 -g -Wall -Wimplicit-function-declaration -Wstrict-prototypes -Wnested-externs  conftest.c >&5
configure:6184: $? = 0
configure:6184: result: yes
configure:6184: checking pthread.h presence
configure:6184: sparc-rtems4.10-gcc -E  conftest.c
configure:6184: $? = 0
configure:6184: result: yes
configure:6184: checking for pthread.h
configure:6184: result: yes
configure:6187: checking for pthread_rwlock_t
configure:6187: sparc-rtems4.10-gcc --pipe -c -mcpu=cypress -msoft-float -O2 -g -Wall -Wimplicit-function-declaration -Wstrict-prototypes -Wnested-externs  conftest.c >&5
conftest.c:109: warning: function declaration isn't a prototype
configure:6187: $? = 0
configure:6187: sparc-rtems4.10-gcc --pipe -c -mcpu=cypress -msoft-float -O2 -g -Wall -Wimplicit-function-declaration -Wstrict-prototypes -Wnested-externs  conftest.c >&5
conftest.c:109: warning: function declaration isn't a prototype
conftest.c: In function 'main':
conftest.c:110: error: expected expression before ')' token
configure:6187: $? = 1
configure: failed program was:
| /* confdefs.h */
| #define PACKAGE_NAME "rtems-cpukit"
| #define PACKAGE_TARNAME "rtems-cpukit"
| #define PACKAGE_VERSION "4.10.2"
| #define PACKAGE_STRING "rtems-cpukit 4.10.2"
| #define PACKAGE_BUGREPORT "http://www.rtems.org/bugzilla"
| #define PACKAGE_URL ""
| #define RTEMS_NEWLIB 1
| #define HAVE_STRSEP 1
| #define HAVE_STRCASECMP 1
| #define HAVE_SNPRINTF 1
| #define HAVE_STRDUP 1
| #define HAVE_STRNDUP 1
| #define HAVE_STRNCASECMP 1
| #define HAVE_BCOPY 1
| #define HAVE_BCMP 1
| #define HAVE_ISASCII 1
| #define HAVE_FILENO 1
| #define HAVE_SLEEP 1
| #define HAVE_USLEEP 1
| #define HAVE_OPENDIR 1
| #define HAVE_CLOSEDIR 1
| #define HAVE_READDIR 1
| #define HAVE_READDIR_R 1
| #define HAVE_REWINDDIR 1
| #define HAVE_SCANDIR 1
| #define HAVE_SEEKDIR 1
| #define HAVE_TELLDIR 1
| #define HAVE_ISATTY 1
| #define HAVE_CREAT 1
| #define HAVE___ASSERT 1
| #define HAVE_EXECL 1
| #define HAVE_EXECLP 1
| #define HAVE_EXECLE 1
| #define HAVE_EXECV 1
| #define HAVE_EXECVP 1
| #define HAVE_EXECVE 1
| #define HAVE_REGCOMP 1
| #define HAVE_REGEXEC 1
| #define HAVE_REGERROR 1
| #define HAVE_REGFREE 1
| #define HAVE_DECL_FLOCKFILE 1
| #define HAVE_DECL_FUNLOCKFILE 1
| #define HAVE_DECL_FTRYLOCKFILE 1
| #define HAVE_TTYNAME 1
| #define HAVE_GETCWD 1
| #define STDC_HEADERS 1
| #define HAVE_SYS_TYPES_H 1
| #define HAVE_SYS_STAT_H 1
| #define HAVE_STDLIB_H 1
| #define HAVE_STRING_H 1
| #define HAVE_STRINGS_H 1
| #define HAVE_INTTYPES_H 1
| #define HAVE_STDINT_H 1
| #define HAVE_UNISTD_H 1
| #define HAVE_TAR_H 1
| #define HAVE_ERRNO_H 1
| #define HAVE_SCHED_H 1
| #define HAVE__BOOL 1
| #define HAVE_STDBOOL_H 1
| #define HAVE_UINT8_T 1
| #define HAVE_INT8_T 1
| #define HAVE_UINT16_T 1
| #define HAVE_INT16_T 1
| #define HAVE_UINT32_T 1
| #define HAVE_INT32_T 1
| #define HAVE_UINT64_T 1
| #define HAVE_INT64_T 1
| #define HAVE_UINTMAX_T 1
| #define HAVE_INTMAX_T 1
| #define HAVE_UINTPTR_T 1
| #define HAVE_INTPTR_T 1
| /* end confdefs.h.  */
| #include <stdio.h>
| #ifdef HAVE_SYS_TYPES_H
| # include <sys/types.h>
| #endif
| #ifdef HAVE_SYS_STAT_H
| # include <sys/stat.h>
| #endif
| #ifdef STDC_HEADERS
| # include <stdlib.h>
| # include <stddef.h>
| #else
| # ifdef HAVE_STDLIB_H
| #  include <stdlib.h>
| # endif
| #endif
| #ifdef HAVE_STRING_H
| # if !defined STDC_HEADERS && defined HAVE_MEMORY_H
| #  include <memory.h>
| # endif
| # include <string.h>
| #endif
| #ifdef HAVE_STRINGS_H
| # include <strings.h>
| #endif
| #ifdef HAVE_INTTYPES_H
| # include <inttypes.h>
| #endif
| #ifdef HAVE_STDINT_H
| # include <stdint.h>
| #endif
| #ifdef HAVE_UNISTD_H
| # include <unistd.h>
| #endif
| int
| main ()
| {
| if (sizeof ((pthread_rwlock_t)))
| 	    return 0;
|   ;
|   return 0;
| }
configure:6187: result: yes
configure:6197: checking for pthread_barrier_t
configure:6197: sparc-rtems4.10-gcc --pipe -c -mcpu=cypress -msoft-float -O2 -g -Wall -Wimplicit-function-declaration -Wstrict-prototypes -Wnested-externs  conftest.c >&5
conftest.c:110: warning: function declaration isn't a prototype
configure:6197: $? = 0
configure:6197: sparc-rtems4.10-gcc --pipe -c -mcpu=cypress -msoft-float -O2 -g -Wall -Wimplicit-function-declaration -Wstrict-prototypes -Wnested-externs  conftest.c >&5
conftest.c:110: warning: function declaration isn't a prototype
conftest.c: In function 'main':
conftest.c:111: error: expected expression before ')' token
configure:6197: $? = 1
configure: failed program was:
| /* confdefs.h */
| #define PACKAGE_NAME "rtems-cpukit"
| #define PACKAGE_TARNAME "rtems-cpukit"
| #define PACKAGE_VERSION "4.10.2"
| #define PACKAGE_STRING "rtems-cpukit 4.10.2"
| #define PACKAGE_BUGREPORT "http://www.rtems.org/bugzilla"
| #define PACKAGE_URL ""
| #define RTEMS_NEWLIB 1
| #define HAVE_STRSEP 1
| #define HAVE_STRCASECMP 1
| #define HAVE_SNPRINTF 1
| #define HAVE_STRDUP 1
| #define HAVE_STRNDUP 1
| #define HAVE_STRNCASECMP 1
| #define HAVE_BCOPY 1
| #define HAVE_BCMP 1
| #define HAVE_ISASCII 1
| #define HAVE_FILENO 1
| #define HAVE_SLEEP 1
| #define HAVE_USLEEP 1
| #define HAVE_OPENDIR 1
| #define HAVE_CLOSEDIR 1
| #define HAVE_READDIR 1
| #define HAVE_READDIR_R 1
| #define HAVE_REWINDDIR 1
| #define HAVE_SCANDIR 1
| #define HAVE_SEEKDIR 1
| #define HAVE_TELLDIR 1
| #define HAVE_ISATTY 1
| #define HAVE_CREAT 1
| #define HAVE___ASSERT 1
| #define HAVE_EXECL 1
| #define HAVE_EXECLP 1
| #define HAVE_EXECLE 1
| #define HAVE_EXECV 1
| #define HAVE_EXECVP 1
| #define HAVE_EXECVE 1
| #define HAVE_REGCOMP 1
| #define HAVE_REGEXEC 1
| #define HAVE_REGERROR 1
| #define HAVE_REGFREE 1
| #define HAVE_DECL_FLOCKFILE 1
| #define HAVE_DECL_FUNLOCKFILE 1
| #define HAVE_DECL_FTRYLOCKFILE 1
| #define HAVE_TTYNAME 1
| #define HAVE_GETCWD 1
| #define STDC_HEADERS 1
| #define HAVE_SYS_TYPES_H 1
| #define HAVE_SYS_STAT_H 1
| #define HAVE_STDLIB_H 1
| #define HAVE_STRING_H 1
| #define HAVE_STRINGS_H 1
| #define HAVE_INTTYPES_H 1
| #define HAVE_STDINT_H 1
| #define HAVE_UNISTD_H 1
| #define HAVE_TAR_H 1
| #define HAVE_ERRNO_H 1
| #define HAVE_SCHED_H 1
| #define HAVE__BOOL 1
| #define HAVE_STDBOOL_H 1
| #define HAVE_UINT8_T 1
| #define HAVE_INT8_T 1
| #define HAVE_UINT16_T 1
| #define HAVE_INT16_T 1
| #define HAVE_UINT32_T 1
| #define HAVE_INT32_T 1
| #define HAVE_UINT64_T 1
| #define HAVE_INT64_T 1
| #define HAVE_UINTMAX_T 1
| #define HAVE_INTMAX_T 1
| #define HAVE_UINTPTR_T 1
| #define HAVE_INTPTR_T 1
| #define HAVE_PTHREAD_RWLOCK_T 1
| /* end confdefs.h.  */
| #include <stdio.h>
| #ifdef HAVE_SYS_TYPES_H
| # include <sys/types.h>
| #endif
| #ifdef HAVE_SYS_STAT_H
| # include <sys/stat.h>
| #endif
| #ifdef STDC_HEADERS
| # include <stdlib.h>
| # include <stddef.h>
| #else
| # ifdef HAVE_STDLIB_H
| #  include <stdlib.h>
| # endif
| #endif
| #ifdef HAVE_STRING_H
| # if !defined STDC_HEADERS && defined HAVE_MEMORY_H
| #  include <memory.h>
| # endif
| # include <string.h>
| #endif
| #ifdef HAVE_STRINGS_H
| # include <strings.h>
| #endif
| #ifdef HAVE_INTTYPES_H
| # include <inttypes.h>
| #endif
| #ifdef HAVE_STDINT_H
| # include <stdint.h>
| #endif
| #ifdef HAVE_UNISTD_H
| # include <unistd.h>
| #endif
| int
| main ()
| {
| if (sizeof ((pthread_barrier_t)))
| 	    return 0;
|   ;
|   return 0;
| }
configure:6197: result: yes
configure:6207: checking for pthread_spinlock_t
configure:6207: sparc-rtems4.10-gcc --pipe -c -mcpu=cypress -msoft-float -O2 -g -Wall -Wimplicit-function-declaration -Wstrict-prototypes -Wnested-externs  conftest.c >&5
conftest.c:111: warning: function declaration isn't a prototype
configure:6207: $? = 0
configure:6207: sparc-rtems4.10-gcc --pipe -c -mcpu=cypress -msoft-float -O2 -g -Wall -Wimplicit-function-declaration -Wstrict-prototypes -Wnested-externs  conftest.c >&5
conftest.c:111: warning: function declaration isn't a prototype
conftest.c: In function 'main':
conftest.c:112: error: expected expression before ')' token
configure:6207: $? = 1
configure: failed program was:
| /* confdefs.h */
| #define PACKAGE_NAME "rtems-cpukit"
| #define PACKAGE_TARNAME "rtems-cpukit"
| #define PACKAGE_VERSION "4.10.2"
| #define PACKAGE_STRING "rtems-cpukit 4.10.2"
| #define PACKAGE_BUGREPORT "http://www.rtems.org/bugzilla"
| #define PACKAGE_URL ""
| #define RTEMS_NEWLIB 1
| #define HAVE_STRSEP 1
| #define HAVE_STRCASECMP 1
| #define HAVE_SNPRINTF 1
| #define HAVE_STRDUP 1
| #define HAVE_STRNDUP 1
| #define HAVE_STRNCASECMP 1
| #define HAVE_BCOPY 1
| #define HAVE_BCMP 1
| #define HAVE_ISASCII 1
| #define HAVE_FILENO 1
| #define HAVE_SLEEP 1
| #define HAVE_USLEEP 1
| #define HAVE_OPENDIR 1
| #define HAVE_CLOSEDIR 1
| #define HAVE_READDIR 1
| #define HAVE_READDIR_R 1
| #define HAVE_REWINDDIR 1
| #define HAVE_SCANDIR 1
| #define HAVE_SEEKDIR 1
| #define HAVE_TELLDIR 1
| #define HAVE_ISATTY 1
| #define HAVE_CREAT 1
| #define HAVE___ASSERT 1
| #define HAVE_EXECL 1
| #define HAVE_EXECLP 1
| #define HAVE_EXECLE 1
| #define HAVE_EXECV 1
| #define HAVE_EXECVP 1
| #define HAVE_EXECVE 1
| #define HAVE_REGCOMP 1
| #define HAVE_REGEXEC 1
| #define HAVE_REGERROR 1
| #define HAVE_REGFREE 1
| #define HAVE_DECL_FLOCKFILE 1
| #define HAVE_DECL_FUNLOCKFILE 1
| #define HAVE_DECL_FTRYLOCKFILE 1
| #define HAVE_TTYNAME 1
| #define HAVE_GETCWD 1
| #define STDC_HEADERS 1
| #define HAVE_SYS_TYPES_H 1
| #define HAVE_SYS_STAT_H 1
| #define HAVE_STDLIB_H 1
| #define HAVE_STRING_H 1
| #define HAVE_STRINGS_H 1
| #define HAVE_INTTYPES_H 1
| #define HAVE_STDINT_H 1
| #define HAVE_UNISTD_H 1
| #define HAVE_TAR_H 1
| #define HAVE_ERRNO_H 1
| #define HAVE_SCHED_H 1
| #define HAVE__BOOL 1
| #define HAVE_STDBOOL_H 1
| #define HAVE_UINT8_T 1
| #define HAVE_INT8_T 1
| #define HAVE_UINT16_T 1
| #define HAVE_INT16_T 1
| #define HAVE_UINT32_T 1
| #define HAVE_INT32_T 1
| #define HAVE_UINT64_T 1
| #define HAVE_INT64_T 1
| #define HAVE_UINTMAX_T 1
| #define HAVE_INTMAX_T 1
| #define HAVE_UINTPTR_T 1
| #define HAVE_INTPTR_T 1
| #define HAVE_PTHREAD_RWLOCK_T 1
| #define HAVE_PTHREAD_BARRIER_T 1
| /* end confdefs.h.  */
| #include <stdio.h>
| #ifdef HAVE_SYS_TYPES_H
| # include <sys/types.h>
| #endif
| #ifdef HAVE_SYS_STAT_H
| # include <sys/stat.h>
| #endif
| #ifdef STDC_HEADERS
| # include <stdlib.h>
| # include <stddef.h>
| #else
| # ifdef HAVE_STDLIB_H
| #  include <stdlib.h>
| # endif
| #endif
| #ifdef HAVE_STRING_H
| # if !defined STDC_HEADERS && defined HAVE_MEMORY_H
| #  include <memory.h>
| # endif
| # include <string.h>
| #endif
| #ifdef HAVE_STRINGS_H
| # include <strings.h>
| #endif
| #ifdef HAVE_INTTYPES_H
| # include <inttypes.h>
| #endif
| #ifdef HAVE_STDINT_H
| # include <stdint.h>
| #endif
| #ifdef HAVE_UNISTD_H
| # include <unistd.h>
| #endif
| int
| main ()
| {
| if (sizeof ((pthread_spinlock_t)))
| 	    return 0;
|   ;
|   return 0;
| }
configure:6207: result: yes
configure:6224: checking whether CPU supports libposix
configure:6239: result: yes
configure:6243: checking whether CPU supports libitron
configure:6267: result: disabled
configure:6271: checking whether CPU supports networking
configure:6303: result: yes
configure:6831: creating score/include/rtems/score/cpuopts.h
configure:6883: checking for assignable stdio
configure:6896: sparc-rtems4.10-gcc --pipe -c -mcpu=cypress -msoft-float -O2 -g -Wall -Wimplicit-function-declaration -Wstrict-prototypes -Wnested-externs  conftest.c >&5
conftest.c:89: warning: function declaration isn't a prototype
configure:6896: $? = 0
configure:6902: result: yes
configure:6907: checking whether sparc-rtems4.10-gcc --pipe supports function __attribute__((weak))
configure:6932: sparc-rtems4.10-gcc --pipe -c -Werror  conftest.c >&5
configure:6932: $? = 0
configure:6945: result: yes
configure:6951: checking sys/cdefs.h usability
configure:6951: sparc-rtems4.10-gcc --pipe -c -mcpu=cypress -msoft-float -O2 -g -Wall -Wimplicit-function-declaration -Wstrict-prototypes -Wnested-externs  conftest.c >&5
configure:6951: $? = 0
configure:6951: result: yes
configure:6951: checking sys/cdefs.h presence
configure:6951: sparc-rtems4.10-gcc -E  conftest.c
configure:6951: $? = 0
configure:6951: result: yes
configure:6951: checking for sys/cdefs.h
configure:6951: result: yes
configure:6965: checking sys/queue.h usability
configure:6965: sparc-rtems4.10-gcc --pipe -c -mcpu=cypress -msoft-float -O2 -g -Wall -Wimplicit-function-declaration -Wstrict-prototypes -Wnested-externs  conftest.c >&5
configure:6965: $? = 0
configure:6965: result: yes
configure:6965: checking sys/queue.h presence
configure:6965: sparc-rtems4.10-gcc -E  conftest.c
configure:6965: $? = 0
configure:6965: result: yes
configure:6965: checking for sys/queue.h
configure:6965: result: yes
configure:6980: checking whether _POSIX_LOGIN_NAME_MAX is declared
configure:6980: sparc-rtems4.10-gcc --pipe -c -mcpu=cypress -msoft-float -O2 -g -Wall -Wimplicit-function-declaration -Wstrict-prototypes -Wnested-externs  conftest.c >&5
conftest.c:92: warning: function declaration isn't a prototype
configure:6980: $? = 0
configure:6980: result: yes
configure:6992: checking whether CHAR_BIT is declared
configure:6992: sparc-rtems4.10-gcc --pipe -c -mcpu=cypress -msoft-float -O2 -g -Wall -Wimplicit-function-declaration -Wstrict-prototypes -Wnested-externs  conftest.c >&5
conftest.c:93: warning: function declaration isn't a prototype
configure:6992: $? = 0
configure:6992: result: yes
configure:7011: checking size of mode_t
configure:7016: sparc-rtems4.10-gcc --pipe -c -mcpu=cypress -msoft-float -O2 -g -Wall -Wimplicit-function-declaration -Wstrict-prototypes -Wnested-externs  conftest.c >&5
conftest.c:125: warning: function declaration isn't a prototype
configure:7016: $? = 0
configure:7016: sparc-rtems4.10-gcc --pipe -c -mcpu=cypress -msoft-float -O2 -g -Wall -Wimplicit-function-declaration -Wstrict-prototypes -Wnested-externs  conftest.c >&5
conftest.c:125: warning: function declaration isn't a prototype
conftest.c: In function 'main':
conftest.c:126: error: size of array 'test_array' is negative
configure:7016: $? = 1
configure: failed program was:
| /* confdefs.h */
| #define PACKAGE_NAME "rtems-cpukit"
| #define PACKAGE_TARNAME "rtems-cpukit"
| #define PACKAGE_VERSION "4.10.2"
| #define PACKAGE_STRING "rtems-cpukit 4.10.2"
| #define PACKAGE_BUGREPORT "http://www.rtems.org/bugzilla"
| #define PACKAGE_URL ""
| #define RTEMS_NEWLIB 1
| #define HAVE_STRSEP 1
| #define HAVE_STRCASECMP 1
| #define HAVE_SNPRINTF 1
| #define HAVE_STRDUP 1
| #define HAVE_STRNDUP 1
| #define HAVE_STRNCASECMP 1
| #define HAVE_BCOPY 1
| #define HAVE_BCMP 1
| #define HAVE_ISASCII 1
| #define HAVE_FILENO 1
| #define HAVE_SLEEP 1
| #define HAVE_USLEEP 1
| #define HAVE_OPENDIR 1
| #define HAVE_CLOSEDIR 1
| #define HAVE_READDIR 1
| #define HAVE_READDIR_R 1
| #define HAVE_REWINDDIR 1
| #define HAVE_SCANDIR 1
| #define HAVE_SEEKDIR 1
| #define HAVE_TELLDIR 1
| #define HAVE_ISATTY 1
| #define HAVE_CREAT 1
| #define HAVE___ASSERT 1
| #define HAVE_EXECL 1
| #define HAVE_EXECLP 1
| #define HAVE_EXECLE 1
| #define HAVE_EXECV 1
| #define HAVE_EXECVP 1
| #define HAVE_EXECVE 1
| #define HAVE_REGCOMP 1
| #define HAVE_REGEXEC 1
| #define HAVE_REGERROR 1
| #define HAVE_REGFREE 1
| #define HAVE_DECL_FLOCKFILE 1
| #define HAVE_DECL_FUNLOCKFILE 1
| #define HAVE_DECL_FTRYLOCKFILE 1
| #define HAVE_TTYNAME 1
| #define HAVE_GETCWD 1
| #define STDC_HEADERS 1
| #define HAVE_SYS_TYPES_H 1
| #define HAVE_SYS_STAT_H 1
| #define HAVE_STDLIB_H 1
| #define HAVE_STRING_H 1
| #define HAVE_STRINGS_H 1
| #define HAVE_INTTYPES_H 1
| #define HAVE_STDINT_H 1
| #define HAVE_UNISTD_H 1
| #define HAVE_TAR_H 1
| #define HAVE_ERRNO_H 1
| #define HAVE_SCHED_H 1
| #define HAVE__BOOL 1
| #define HAVE_STDBOOL_H 1
| #define HAVE_UINT8_T 1
| #define HAVE_INT8_T 1
| #define HAVE_UINT16_T 1
| #define HAVE_INT16_T 1
| #define HAVE_UINT32_T 1
| #define HAVE_INT32_T 1
| #define HAVE_UINT64_T 1
| #define HAVE_INT64_T 1
| #define HAVE_UINTMAX_T 1
| #define HAVE_INTMAX_T 1
| #define HAVE_UINTPTR_T 1
| #define HAVE_INTPTR_T 1
| #define HAVE_PTHREAD_RWLOCK_T 1
| #define HAVE_PTHREAD_BARRIER_T 1
| #define HAVE_PTHREAD_SPINLOCK_T 1
| #define RTEMS_MULTIPROCESSING 1
| #define RTEMS_NEWLIB 1
| #define RTEMS_POSIX_API 1
| #define RTEMS_NETWORKING 1
| #define RTEMS_DRVMGR_STARTUP 1
| #define RTEMS_VERSION "4.10.2"
| #define __RTEMS_MAJOR__ 4
| #define __RTEMS_MINOR__ 10
| #define __RTEMS_REVISION__ 2
| #define HAVE_SYS_CDEFS_H 1
| #define HAVE_SYS_QUEUE_H 1
| #define HAVE_DECL__POSIX_LOGIN_NAME_MAX 1
| #define HAVE_DECL_CHAR_BIT 1
| /* end confdefs.h.  */
| #include <stdio.h>
| #ifdef HAVE_SYS_TYPES_H
| # include <sys/types.h>
| #endif
| #ifdef HAVE_SYS_STAT_H
| # include <sys/stat.h>
| #endif
| #ifdef STDC_HEADERS
| # include <stdlib.h>
| # include <stddef.h>
| #else
| # ifdef HAVE_STDLIB_H
| #  include <stdlib.h>
| # endif
| #endif
| #ifdef HAVE_STRING_H
| # if !defined STDC_HEADERS && defined HAVE_MEMORY_H
| #  include <memory.h>
| # endif
| # include <string.h>
| #endif
| #ifdef HAVE_STRINGS_H
| # include <strings.h>
| #endif
| #ifdef HAVE_INTTYPES_H
| # include <inttypes.h>
| #endif
| #ifdef HAVE_STDINT_H
| # include <stdint.h>
| #endif
| #ifdef HAVE_UNISTD_H
| # include <unistd.h>
| #endif
| int
| main ()
| {
| static int test_array [1 - 2 * !(((long int) (sizeof (mode_t))) <= 0)];
| test_array [0] = 0
| 
|   ;
|   return 0;
| }
configure:7016: sparc-rtems4.10-gcc --pipe -c -mcpu=cypress -msoft-float -O2 -g -Wall -Wimplicit-function-declaration -Wstrict-prototypes -Wnested-externs  conftest.c >&5
conftest.c:125: warning: function declaration isn't a prototype
conftest.c: In function 'main':
conftest.c:126: error: size of array 'test_array' is negative
configure:7016: $? = 1
configure: failed program was:
| /* confdefs.h */
| #define PACKAGE_NAME "rtems-cpukit"
| #define PACKAGE_TARNAME "rtems-cpukit"
| #define PACKAGE_VERSION "4.10.2"
| #define PACKAGE_STRING "rtems-cpukit 4.10.2"
| #define PACKAGE_BUGREPORT "http://www.rtems.org/bugzilla"
| #define PACKAGE_URL ""
| #define RTEMS_NEWLIB 1
| #define HAVE_STRSEP 1
| #define HAVE_STRCASECMP 1
| #define HAVE_SNPRINTF 1
| #define HAVE_STRDUP 1
| #define HAVE_STRNDUP 1
| #define HAVE_STRNCASECMP 1
| #define HAVE_BCOPY 1
| #define HAVE_BCMP 1
| #define HAVE_ISASCII 1
| #define HAVE_FILENO 1
| #define HAVE_SLEEP 1
| #define HAVE_USLEEP 1
| #define HAVE_OPENDIR 1
| #define HAVE_CLOSEDIR 1
| #define HAVE_READDIR 1
| #define HAVE_READDIR_R 1
| #define HAVE_REWINDDIR 1
| #define HAVE_SCANDIR 1
| #define HAVE_SEEKDIR 1
| #define HAVE_TELLDIR 1
| #define HAVE_ISATTY 1
| #define HAVE_CREAT 1
| #define HAVE___ASSERT 1
| #define HAVE_EXECL 1
| #define HAVE_EXECLP 1
| #define HAVE_EXECLE 1
| #define HAVE_EXECV 1
| #define HAVE_EXECVP 1
| #define HAVE_EXECVE 1
| #define HAVE_REGCOMP 1
| #define HAVE_REGEXEC 1
| #define HAVE_REGERROR 1
| #define HAVE_REGFREE 1
| #define HAVE_DECL_FLOCKFILE 1
| #define HAVE_DECL_FUNLOCKFILE 1
| #define HAVE_DECL_FTRYLOCKFILE 1
| #define HAVE_TTYNAME 1
| #define HAVE_GETCWD 1
| #define STDC_HEADERS 1
| #define HAVE_SYS_TYPES_H 1
| #define HAVE_SYS_STAT_H 1
| #define HAVE_STDLIB_H 1
| #define HAVE_STRING_H 1
| #define HAVE_STRINGS_H 1
| #define HAVE_INTTYPES_H 1
| #define HAVE_STDINT_H 1
| #define HAVE_UNISTD_H 1
| #define HAVE_TAR_H 1
| #define HAVE_ERRNO_H 1
| #define HAVE_SCHED_H 1
| #define HAVE__BOOL 1
| #define HAVE_STDBOOL_H 1
| #define HAVE_UINT8_T 1
| #define HAVE_INT8_T 1
| #define HAVE_UINT16_T 1
| #define HAVE_INT16_T 1
| #define HAVE_UINT32_T 1
| #define HAVE_INT32_T 1
| #define HAVE_UINT64_T 1
| #define HAVE_INT64_T 1
| #define HAVE_UINTMAX_T 1
| #define HAVE_INTMAX_T 1
| #define HAVE_UINTPTR_T 1
| #define HAVE_INTPTR_T 1
| #define HAVE_PTHREAD_RWLOCK_T 1
| #define HAVE_PTHREAD_BARRIER_T 1
| #define HAVE_PTHREAD_SPINLOCK_T 1
| #define RTEMS_MULTIPROCESSING 1
| #define RTEMS_NEWLIB 1
| #define RTEMS_POSIX_API 1
| #define RTEMS_NETWORKING 1
| #define RTEMS_DRVMGR_STARTUP 1
| #define RTEMS_VERSION "4.10.2"
| #define __RTEMS_MAJOR__ 4
| #define __RTEMS_MINOR__ 10
| #define __RTEMS_REVISION__ 2
| #define HAVE_SYS_CDEFS_H 1
| #define HAVE_SYS_QUEUE_H 1
| #define HAVE_DECL__POSIX_LOGIN_NAME_MAX 1
| #define HAVE_DECL_CHAR_BIT 1
| /* end confdefs.h.  */
| #include <stdio.h>
| #ifdef HAVE_SYS_TYPES_H
| # include <sys/types.h>
| #endif
| #ifdef HAVE_SYS_STAT_H
| # include <sys/stat.h>
| #endif
| #ifdef STDC_HEADERS
| # include <stdlib.h>
| # include <stddef.h>
| #else
| # ifdef HAVE_STDLIB_H
| #  include <stdlib.h>
| # endif
| #endif
| #ifdef HAVE_STRING_H
| # if !defined STDC_HEADERS && defined HAVE_MEMORY_H
| #  include <memory.h>
| # endif
| # include <string.h>
| #endif
| #ifdef HAVE_STRINGS_H
| # include <strings.h>
| #endif
| #ifdef HAVE_INTTYPES_H
| # include <inttypes.h>
| #endif
| #ifdef HAVE_STDINT_H
| # include <stdint.h>
| #endif
| #ifdef HAVE_UNISTD_H
| # include <unistd.h>
| #endif
| int
| main ()
| {
| static int test_array [1 - 2 * !(((long int) (sizeof (mode_t))) <= 1)];
| test_array [0] = 0
| 
|   ;
|   return 0;
| }
configure:7016: sparc-rtems4.10-gcc --pipe -c -mcpu=cypress -msoft-float -O2 -g -Wall -Wimplicit-function-declaration -Wstrict-prototypes -Wnested-externs  conftest.c >&5
conftest.c:125: warning: function declaration isn't a prototype
conftest.c: In function 'main':
conftest.c:126: error: size of array 'test_array' is negative
configure:7016: $? = 1
configure: failed program was:
| /* confdefs.h */
| #define PACKAGE_NAME "rtems-cpukit"
| #define PACKAGE_TARNAME "rtems-cpukit"
| #define PACKAGE_VERSION "4.10.2"
| #define PACKAGE_STRING "rtems-cpukit 4.10.2"
| #define PACKAGE_BUGREPORT "http://www.rtems.org/bugzilla"
| #define PACKAGE_URL ""
| #define RTEMS_NEWLIB 1
| #define HAVE_STRSEP 1
| #define HAVE_STRCASECMP 1
| #define HAVE_SNPRINTF 1
| #define HAVE_STRDUP 1
| #define HAVE_STRNDUP 1
| #define HAVE_STRNCASECMP 1
| #define HAVE_BCOPY 1
| #define HAVE_BCMP 1
| #define HAVE_ISASCII 1
| #define HAVE_FILENO 1
| #define HAVE_SLEEP 1
| #define HAVE_USLEEP 1
| #define HAVE_OPENDIR 1
| #define HAVE_CLOSEDIR 1
| #define HAVE_READDIR 1
| #define HAVE_READDIR_R 1
| #define HAVE_REWINDDIR 1
| #define HAVE_SCANDIR 1
| #define HAVE_SEEKDIR 1
| #define HAVE_TELLDIR 1
| #define HAVE_ISATTY 1
| #define HAVE_CREAT 1
| #define HAVE___ASSERT 1
| #define HAVE_EXECL 1
| #define HAVE_EXECLP 1
| #define HAVE_EXECLE 1
| #define HAVE_EXECV 1
| #define HAVE_EXECVP 1
| #define HAVE_EXECVE 1
| #define HAVE_REGCOMP 1
| #define HAVE_REGEXEC 1
| #define HAVE_REGERROR 1
| #define HAVE_REGFREE 1
| #define HAVE_DECL_FLOCKFILE 1
| #define HAVE_DECL_FUNLOCKFILE 1
| #define HAVE_DECL_FTRYLOCKFILE 1
| #define HAVE_TTYNAME 1
| #define HAVE_GETCWD 1
| #define STDC_HEADERS 1
| #define HAVE_SYS_TYPES_H 1
| #define HAVE_SYS_STAT_H 1
| #define HAVE_STDLIB_H 1
| #define HAVE_STRING_H 1
| #define HAVE_STRINGS_H 1
| #define HAVE_INTTYPES_H 1
| #define HAVE_STDINT_H 1
| #define HAVE_UNISTD_H 1
| #define HAVE_TAR_H 1
| #define HAVE_ERRNO_H 1
| #define HAVE_SCHED_H 1
| #define HAVE__BOOL 1
| #define HAVE_STDBOOL_H 1
| #define HAVE_UINT8_T 1
| #define HAVE_INT8_T 1
| #define HAVE_UINT16_T 1
| #define HAVE_INT16_T 1
| #define HAVE_UINT32_T 1
| #define HAVE_INT32_T 1
| #define HAVE_UINT64_T 1
| #define HAVE_INT64_T 1
| #define HAVE_UINTMAX_T 1
| #define HAVE_INTMAX_T 1
| #define HAVE_UINTPTR_T 1
| #define HAVE_INTPTR_T 1
| #define HAVE_PTHREAD_RWLOCK_T 1
| #define HAVE_PTHREAD_BARRIER_T 1
| #define HAVE_PTHREAD_SPINLOCK_T 1
| #define RTEMS_MULTIPROCESSING 1
| #define RTEMS_NEWLIB 1
| #define RTEMS_POSIX_API 1
| #define RTEMS_NETWORKING 1
| #define RTEMS_DRVMGR_STARTUP 1
| #define RTEMS_VERSION "4.10.2"
| #define __RTEMS_MAJOR__ 4
| #define __RTEMS_MINOR__ 10
| #define __RTEMS_REVISION__ 2
| #define HAVE_SYS_CDEFS_H 1
| #define HAVE_SYS_QUEUE_H 1
| #define HAVE_DECL__POSIX_LOGIN_NAME_MAX 1
| #define HAVE_DECL_CHAR_BIT 1
| /* end confdefs.h.  */
| #include <stdio.h>
| #ifdef HAVE_SYS_TYPES_H
| # include <sys/types.h>
| #endif
| #ifdef HAVE_SYS_STAT_H
| # include <sys/stat.h>
| #endif
| #ifdef STDC_HEADERS
| # include <stdlib.h>
| # include <stddef.h>
| #else
| # ifdef HAVE_STDLIB_H
| #  include <stdlib.h>
| # endif
| #endif
| #ifdef HAVE_STRING_H
| # if !defined STDC_HEADERS && defined HAVE_MEMORY_H
| #  include <memory.h>
| # endif
| # include <string.h>
| #endif
| #ifdef HAVE_STRINGS_H
| # include <strings.h>
| #endif
| #ifdef HAVE_INTTYPES_H
| # include <inttypes.h>
| #endif
| #ifdef HAVE_STDINT_H
| # include <stdint.h>
| #endif
| #ifdef HAVE_UNISTD_H
| # include <unistd.h>
| #endif
| int
| main ()
| {
| static int test_array [1 - 2 * !(((long int) (sizeof (mode_t))) <= 3)];
| test_array [0] = 0
| 
|   ;
|   return 0;
| }
configure:7016: sparc-rtems4.10-gcc --pipe -c -mcpu=cypress -msoft-float -O2 -g -Wall -Wimplicit-function-declaration -Wstrict-prototypes -Wnested-externs  conftest.c >&5
conftest.c:125: warning: function declaration isn't a prototype
configure:7016: $? = 0
configure:7016: sparc-rtems4.10-gcc --pipe -c -mcpu=cypress -msoft-float -O2 -g -Wall -Wimplicit-function-declaration -Wstrict-prototypes -Wnested-externs  conftest.c >&5
conftest.c:125: warning: function declaration isn't a prototype
configure:7016: $? = 0
configure:7016: sparc-rtems4.10-gcc --pipe -c -mcpu=cypress -msoft-float -O2 -g -Wall -Wimplicit-function-declaration -Wstrict-prototypes -Wnested-externs  conftest.c >&5
conftest.c:125: warning: function declaration isn't a prototype
configure:7016: $? = 0
configure:7030: result: 4
configure:7044: checking size of off_t
configure:7049: sparc-rtems4.10-gcc --pipe -c -mcpu=cypress -msoft-float -O2 -g -Wall -Wimplicit-function-declaration -Wstrict-prototypes -Wnested-externs  conftest.c >&5
conftest.c:126: warning: function declaration isn't a prototype
configure:7049: $? = 0
configure:7049: sparc-rtems4.10-gcc --pipe -c -mcpu=cypress -msoft-float -O2 -g -Wall -Wimplicit-function-declaration -Wstrict-prototypes -Wnested-externs  conftest.c >&5
conftest.c:126: warning: function declaration isn't a prototype
conftest.c: In function 'main':
conftest.c:127: error: size of array 'test_array' is negative
configure:7049: $? = 1
configure: failed program was:
| /* confdefs.h */
| #define PACKAGE_NAME "rtems-cpukit"
| #define PACKAGE_TARNAME "rtems-cpukit"
| #define PACKAGE_VERSION "4.10.2"
| #define PACKAGE_STRING "rtems-cpukit 4.10.2"
| #define PACKAGE_BUGREPORT "http://www.rtems.org/bugzilla"
| #define PACKAGE_URL ""
| #define RTEMS_NEWLIB 1
| #define HAVE_STRSEP 1
| #define HAVE_STRCASECMP 1
| #define HAVE_SNPRINTF 1
| #define HAVE_STRDUP 1
| #define HAVE_STRNDUP 1
| #define HAVE_STRNCASECMP 1
| #define HAVE_BCOPY 1
| #define HAVE_BCMP 1
| #define HAVE_ISASCII 1
| #define HAVE_FILENO 1
| #define HAVE_SLEEP 1
| #define HAVE_USLEEP 1
| #define HAVE_OPENDIR 1
| #define HAVE_CLOSEDIR 1
| #define HAVE_READDIR 1
| #define HAVE_READDIR_R 1
| #define HAVE_REWINDDIR 1
| #define HAVE_SCANDIR 1
| #define HAVE_SEEKDIR 1
| #define HAVE_TELLDIR 1
| #define HAVE_ISATTY 1
| #define HAVE_CREAT 1
| #define HAVE___ASSERT 1
| #define HAVE_EXECL 1
| #define HAVE_EXECLP 1
| #define HAVE_EXECLE 1
| #define HAVE_EXECV 1
| #define HAVE_EXECVP 1
| #define HAVE_EXECVE 1
| #define HAVE_REGCOMP 1
| #define HAVE_REGEXEC 1
| #define HAVE_REGERROR 1
| #define HAVE_REGFREE 1
| #define HAVE_DECL_FLOCKFILE 1
| #define HAVE_DECL_FUNLOCKFILE 1
| #define HAVE_DECL_FTRYLOCKFILE 1
| #define HAVE_TTYNAME 1
| #define HAVE_GETCWD 1
| #define STDC_HEADERS 1
| #define HAVE_SYS_TYPES_H 1
| #define HAVE_SYS_STAT_H 1
| #define HAVE_STDLIB_H 1
| #define HAVE_STRING_H 1
| #define HAVE_STRINGS_H 1
| #define HAVE_INTTYPES_H 1
| #define HAVE_STDINT_H 1
| #define HAVE_UNISTD_H 1
| #define HAVE_TAR_H 1
| #define HAVE_ERRNO_H 1
| #define HAVE_SCHED_H 1
| #define HAVE__BOOL 1
| #define HAVE_STDBOOL_H 1
| #define HAVE_UINT8_T 1
| #define HAVE_INT8_T 1
| #define HAVE_UINT16_T 1
| #define HAVE_INT16_T 1
| #define HAVE_UINT32_T 1
| #define HAVE_INT32_T 1
| #define HAVE_UINT64_T 1
| #define HAVE_INT64_T 1
| #define HAVE_UINTMAX_T 1
| #define HAVE_INTMAX_T 1
| #define HAVE_UINTPTR_T 1
| #define HAVE_INTPTR_T 1
| #define HAVE_PTHREAD_RWLOCK_T 1
| #define HAVE_PTHREAD_BARRIER_T 1
| #define HAVE_PTHREAD_SPINLOCK_T 1
| #define RTEMS_MULTIPROCESSING 1
| #define RTEMS_NEWLIB 1
| #define RTEMS_POSIX_API 1
| #define RTEMS_NETWORKING 1
| #define RTEMS_DRVMGR_STARTUP 1
| #define RTEMS_VERSION "4.10.2"
| #define __RTEMS_MAJOR__ 4
| #define __RTEMS_MINOR__ 10
| #define __RTEMS_REVISION__ 2
| #define HAVE_SYS_CDEFS_H 1
| #define HAVE_SYS_QUEUE_H 1
| #define HAVE_DECL__POSIX_LOGIN_NAME_MAX 1
| #define HAVE_DECL_CHAR_BIT 1
| #define SIZEOF_MODE_T 4
| /* end confdefs.h.  */
| #include <stdio.h>
| #ifdef HAVE_SYS_TYPES_H
| # include <sys/types.h>
| #endif
| #ifdef HAVE_SYS_STAT_H
| # include <sys/stat.h>
| #endif
| #ifdef STDC_HEADERS
| # include <stdlib.h>
| # include <stddef.h>
| #else
| # ifdef HAVE_STDLIB_H
| #  include <stdlib.h>
| # endif
| #endif
| #ifdef HAVE_STRING_H
| # if !defined STDC_HEADERS && defined HAVE_MEMORY_H
| #  include <memory.h>
| # endif
| # include <string.h>
| #endif
| #ifdef HAVE_STRINGS_H
| # include <strings.h>
| #endif
| #ifdef HAVE_INTTYPES_H
| # include <inttypes.h>
| #endif
| #ifdef HAVE_STDINT_H
| # include <stdint.h>
| #endif
| #ifdef HAVE_UNISTD_H
| # include <unistd.h>
| #endif
| int
| main ()
| {
| static int test_array [1 - 2 * !(((long int) (sizeof (off_t))) <= 0)];
| test_array [0] = 0
| 
|   ;
|   return 0;
| }
configure:7049: sparc-rtems4.10-gcc --pipe -c -mcpu=cypress -msoft-float -O2 -g -Wall -Wimplicit-function-declaration -Wstrict-prototypes -Wnested-externs  conftest.c >&5
conftest.c:126: warning: function declaration isn't a prototype
conftest.c: In function 'main':
conftest.c:127: error: size of array 'test_array' is negative
configure:7049: $? = 1
configure: failed program was:
| /* confdefs.h */
| #define PACKAGE_NAME "rtems-cpukit"
| #define PACKAGE_TARNAME "rtems-cpukit"
| #define PACKAGE_VERSION "4.10.2"
| #define PACKAGE_STRING "rtems-cpukit 4.10.2"
| #define PACKAGE_BUGREPORT "http://www.rtems.org/bugzilla"
| #define PACKAGE_URL ""
| #define RTEMS_NEWLIB 1
| #define HAVE_STRSEP 1
| #define HAVE_STRCASECMP 1
| #define HAVE_SNPRINTF 1
| #define HAVE_STRDUP 1
| #define HAVE_STRNDUP 1
| #define HAVE_STRNCASECMP 1
| #define HAVE_BCOPY 1
| #define HAVE_BCMP 1
| #define HAVE_ISASCII 1
| #define HAVE_FILENO 1
| #define HAVE_SLEEP 1
| #define HAVE_USLEEP 1
| #define HAVE_OPENDIR 1
| #define HAVE_CLOSEDIR 1
| #define HAVE_READDIR 1
| #define HAVE_READDIR_R 1
| #define HAVE_REWINDDIR 1
| #define HAVE_SCANDIR 1
| #define HAVE_SEEKDIR 1
| #define HAVE_TELLDIR 1
| #define HAVE_ISATTY 1
| #define HAVE_CREAT 1
| #define HAVE___ASSERT 1
| #define HAVE_EXECL 1
| #define HAVE_EXECLP 1
| #define HAVE_EXECLE 1
| #define HAVE_EXECV 1
| #define HAVE_EXECVP 1
| #define HAVE_EXECVE 1
| #define HAVE_REGCOMP 1
| #define HAVE_REGEXEC 1
| #define HAVE_REGERROR 1
| #define HAVE_REGFREE 1
| #define HAVE_DECL_FLOCKFILE 1
| #define HAVE_DECL_FUNLOCKFILE 1
| #define HAVE_DECL_FTRYLOCKFILE 1
| #define HAVE_TTYNAME 1
| #define HAVE_GETCWD 1
| #define STDC_HEADERS 1
| #define HAVE_SYS_TYPES_H 1
| #define HAVE_SYS_STAT_H 1
| #define HAVE_STDLIB_H 1
| #define HAVE_STRING_H 1
| #define HAVE_STRINGS_H 1
| #define HAVE_INTTYPES_H 1
| #define HAVE_STDINT_H 1
| #define HAVE_UNISTD_H 1
| #define HAVE_TAR_H 1
| #define HAVE_ERRNO_H 1
| #define HAVE_SCHED_H 1
| #define HAVE__BOOL 1
| #define HAVE_STDBOOL_H 1
| #define HAVE_UINT8_T 1
| #define HAVE_INT8_T 1
| #define HAVE_UINT16_T 1
| #define HAVE_INT16_T 1
| #define HAVE_UINT32_T 1
| #define HAVE_INT32_T 1
| #define HAVE_UINT64_T 1
| #define HAVE_INT64_T 1
| #define HAVE_UINTMAX_T 1
| #define HAVE_INTMAX_T 1
| #define HAVE_UINTPTR_T 1
| #define HAVE_INTPTR_T 1
| #define HAVE_PTHREAD_RWLOCK_T 1
| #define HAVE_PTHREAD_BARRIER_T 1
| #define HAVE_PTHREAD_SPINLOCK_T 1
| #define RTEMS_MULTIPROCESSING 1
| #define RTEMS_NEWLIB 1
| #define RTEMS_POSIX_API 1
| #define RTEMS_NETWORKING 1
| #define RTEMS_DRVMGR_STARTUP 1
| #define RTEMS_VERSION "4.10.2"
| #define __RTEMS_MAJOR__ 4
| #define __RTEMS_MINOR__ 10
| #define __RTEMS_REVISION__ 2
| #define HAVE_SYS_CDEFS_H 1
| #define HAVE_SYS_QUEUE_H 1
| #define HAVE_DECL__POSIX_LOGIN_NAME_MAX 1
| #define HAVE_DECL_CHAR_BIT 1
| #define SIZEOF_MODE_T 4
| /* end confdefs.h.  */
| #include <stdio.h>
| #ifdef HAVE_SYS_TYPES_H
| # include <sys/types.h>
| #endif
| #ifdef HAVE_SYS_STAT_H
| # include <sys/stat.h>
| #endif
| #ifdef STDC_HEADERS
| # include <stdlib.h>
| # include <stddef.h>
| #else
| # ifdef HAVE_STDLIB_H
| #  include <stdlib.h>
| # endif
| #endif
| #ifdef HAVE_STRING_H
| # if !defined STDC_HEADERS && defined HAVE_MEMORY_H
| #  include <memory.h>
| # endif
| # include <string.h>
| #endif
| #ifdef HAVE_STRINGS_H
| # include <strings.h>
| #endif
| #ifdef HAVE_INTTYPES_H
| # include <inttypes.h>
| #endif
| #ifdef HAVE_STDINT_H
| # include <stdint.h>
| #endif
| #ifdef HAVE_UNISTD_H
| # include <unistd.h>
| #endif
| int
| main ()
| {
| static int test_array [1 - 2 * !(((long int) (sizeof (off_t))) <= 1)];
| test_array [0] = 0
| 
|   ;
|   return 0;
| }
configure:7049: sparc-rtems4.10-gcc --pipe -c -mcpu=cypress -msoft-float -O2 -g -Wall -Wimplicit-function-declaration -Wstrict-prototypes -Wnested-externs  conftest.c >&5
conftest.c:126: warning: function declaration isn't a prototype
conftest.c: In function 'main':
conftest.c:127: error: size of array 'test_array' is negative
configure:7049: $? = 1
configure: failed program was:
| /* confdefs.h */
| #define PACKAGE_NAME "rtems-cpukit"
| #define PACKAGE_TARNAME "rtems-cpukit"
| #define PACKAGE_VERSION "4.10.2"
| #define PACKAGE_STRING "rtems-cpukit 4.10.2"
| #define PACKAGE_BUGREPORT "http://www.rtems.org/bugzilla"
| #define PACKAGE_URL ""
| #define RTEMS_NEWLIB 1
| #define HAVE_STRSEP 1
| #define HAVE_STRCASECMP 1
| #define HAVE_SNPRINTF 1
| #define HAVE_STRDUP 1
| #define HAVE_STRNDUP 1
| #define HAVE_STRNCASECMP 1
| #define HAVE_BCOPY 1
| #define HAVE_BCMP 1
| #define HAVE_ISASCII 1
| #define HAVE_FILENO 1
| #define HAVE_SLEEP 1
| #define HAVE_USLEEP 1
| #define HAVE_OPENDIR 1
| #define HAVE_CLOSEDIR 1
| #define HAVE_READDIR 1
| #define HAVE_READDIR_R 1
| #define HAVE_REWINDDIR 1
| #define HAVE_SCANDIR 1
| #define HAVE_SEEKDIR 1
| #define HAVE_TELLDIR 1
| #define HAVE_ISATTY 1
| #define HAVE_CREAT 1
| #define HAVE___ASSERT 1
| #define HAVE_EXECL 1
| #define HAVE_EXECLP 1
| #define HAVE_EXECLE 1
| #define HAVE_EXECV 1
| #define HAVE_EXECVP 1
| #define HAVE_EXECVE 1
| #define HAVE_REGCOMP 1
| #define HAVE_REGEXEC 1
| #define HAVE_REGERROR 1
| #define HAVE_REGFREE 1
| #define HAVE_DECL_FLOCKFILE 1
| #define HAVE_DECL_FUNLOCKFILE 1
| #define HAVE_DECL_FTRYLOCKFILE 1
| #define HAVE_TTYNAME 1
| #define HAVE_GETCWD 1
| #define STDC_HEADERS 1
| #define HAVE_SYS_TYPES_H 1
| #define HAVE_SYS_STAT_H 1
| #define HAVE_STDLIB_H 1
| #define HAVE_STRING_H 1
| #define HAVE_STRINGS_H 1
| #define HAVE_INTTYPES_H 1
| #define HAVE_STDINT_H 1
| #define HAVE_UNISTD_H 1
| #define HAVE_TAR_H 1
| #define HAVE_ERRNO_H 1
| #define HAVE_SCHED_H 1
| #define HAVE__BOOL 1
| #define HAVE_STDBOOL_H 1
| #define HAVE_UINT8_T 1
| #define HAVE_INT8_T 1
| #define HAVE_UINT16_T 1
| #define HAVE_INT16_T 1
| #define HAVE_UINT32_T 1
| #define HAVE_INT32_T 1
| #define HAVE_UINT64_T 1
| #define HAVE_INT64_T 1
| #define HAVE_UINTMAX_T 1
| #define HAVE_INTMAX_T 1
| #define HAVE_UINTPTR_T 1
| #define HAVE_INTPTR_T 1
| #define HAVE_PTHREAD_RWLOCK_T 1
| #define HAVE_PTHREAD_BARRIER_T 1
| #define HAVE_PTHREAD_SPINLOCK_T 1
| #define RTEMS_MULTIPROCESSING 1
| #define RTEMS_NEWLIB 1
| #define RTEMS_POSIX_API 1
| #define RTEMS_NETWORKING 1
| #define RTEMS_DRVMGR_STARTUP 1
| #define RTEMS_VERSION "4.10.2"
| #define __RTEMS_MAJOR__ 4
| #define __RTEMS_MINOR__ 10
| #define __RTEMS_REVISION__ 2
| #define HAVE_SYS_CDEFS_H 1
| #define HAVE_SYS_QUEUE_H 1
| #define HAVE_DECL__POSIX_LOGIN_NAME_MAX 1
| #define HAVE_DECL_CHAR_BIT 1
| #define SIZEOF_MODE_T 4
| /* end confdefs.h.  */
| #include <stdio.h>
| #ifdef HAVE_SYS_TYPES_H
| # include <sys/types.h>
| #endif
| #ifdef HAVE_SYS_STAT_H
| # include <sys/stat.h>
| #endif
| #ifdef STDC_HEADERS
| # include <stdlib.h>
| # include <stddef.h>
| #else
| # ifdef HAVE_STDLIB_H
| #  include <stdlib.h>
| # endif
| #endif
| #ifdef HAVE_STRING_H
| # if !defined STDC_HEADERS && defined HAVE_MEMORY_H
| #  include <memory.h>
| # endif
| # include <string.h>
| #endif
| #ifdef HAVE_STRINGS_H
| # include <strings.h>
| #endif
| #ifdef HAVE_INTTYPES_H
| # include <inttypes.h>
| #endif
| #ifdef HAVE_STDINT_H
| # include <stdint.h>
| #endif
| #ifdef HAVE_UNISTD_H
| # include <unistd.h>
| #endif
| int
| main ()
| {
| static int test_array [1 - 2 * !(((long int) (sizeof (off_t))) <= 3)];
| test_array [0] = 0
| 
|   ;
|   return 0;
| }
configure:7049: sparc-rtems4.10-gcc --pipe -c -mcpu=cypress -msoft-float -O2 -g -Wall -Wimplicit-function-declaration -Wstrict-prototypes -Wnested-externs  conftest.c >&5
conftest.c:126: warning: function declaration isn't a prototype
conftest.c: In function 'main':
conftest.c:127: error: size of array 'test_array' is negative
configure:7049: $? = 1
configure: failed program was:
| /* confdefs.h */
| #define PACKAGE_NAME "rtems-cpukit"
| #define PACKAGE_TARNAME "rtems-cpukit"
| #define PACKAGE_VERSION "4.10.2"
| #define PACKAGE_STRING "rtems-cpukit 4.10.2"
| #define PACKAGE_BUGREPORT "http://www.rtems.org/bugzilla"
| #define PACKAGE_URL ""
| #define RTEMS_NEWLIB 1
| #define HAVE_STRSEP 1
| #define HAVE_STRCASECMP 1
| #define HAVE_SNPRINTF 1
| #define HAVE_STRDUP 1
| #define HAVE_STRNDUP 1
| #define HAVE_STRNCASECMP 1
| #define HAVE_BCOPY 1
| #define HAVE_BCMP 1
| #define HAVE_ISASCII 1
| #define HAVE_FILENO 1
| #define HAVE_SLEEP 1
| #define HAVE_USLEEP 1
| #define HAVE_OPENDIR 1
| #define HAVE_CLOSEDIR 1
| #define HAVE_READDIR 1
| #define HAVE_READDIR_R 1
| #define HAVE_REWINDDIR 1
| #define HAVE_SCANDIR 1
| #define HAVE_SEEKDIR 1
| #define HAVE_TELLDIR 1
| #define HAVE_ISATTY 1
| #define HAVE_CREAT 1
| #define HAVE___ASSERT 1
| #define HAVE_EXECL 1
| #define HAVE_EXECLP 1
| #define HAVE_EXECLE 1
| #define HAVE_EXECV 1
| #define HAVE_EXECVP 1
| #define HAVE_EXECVE 1
| #define HAVE_REGCOMP 1
| #define HAVE_REGEXEC 1
| #define HAVE_REGERROR 1
| #define HAVE_REGFREE 1
| #define HAVE_DECL_FLOCKFILE 1
| #define HAVE_DECL_FUNLOCKFILE 1
| #define HAVE_DECL_FTRYLOCKFILE 1
| #define HAVE_TTYNAME 1
| #define HAVE_GETCWD 1
| #define STDC_HEADERS 1
| #define HAVE_SYS_TYPES_H 1
| #define HAVE_SYS_STAT_H 1
| #define HAVE_STDLIB_H 1
| #define HAVE_STRING_H 1
| #define HAVE_STRINGS_H 1
| #define HAVE_INTTYPES_H 1
| #define HAVE_STDINT_H 1
| #define HAVE_UNISTD_H 1
| #define HAVE_TAR_H 1
| #define HAVE_ERRNO_H 1
| #define HAVE_SCHED_H 1
| #define HAVE__BOOL 1
| #define HAVE_STDBOOL_H 1
| #define HAVE_UINT8_T 1
| #define HAVE_INT8_T 1
| #define HAVE_UINT16_T 1
| #define HAVE_INT16_T 1
| #define HAVE_UINT32_T 1
| #define HAVE_INT32_T 1
| #define HAVE_UINT64_T 1
| #define HAVE_INT64_T 1
| #define HAVE_UINTMAX_T 1
| #define HAVE_INTMAX_T 1
| #define HAVE_UINTPTR_T 1
| #define HAVE_INTPTR_T 1
| #define HAVE_PTHREAD_RWLOCK_T 1
| #define HAVE_PTHREAD_BARRIER_T 1
| #define HAVE_PTHREAD_SPINLOCK_T 1
| #define RTEMS_MULTIPROCESSING 1
| #define RTEMS_NEWLIB 1
| #define RTEMS_POSIX_API 1
| #define RTEMS_NETWORKING 1
| #define RTEMS_DRVMGR_STARTUP 1
| #define RTEMS_VERSION "4.10.2"
| #define __RTEMS_MAJOR__ 4
| #define __RTEMS_MINOR__ 10
| #define __RTEMS_REVISION__ 2
| #define HAVE_SYS_CDEFS_H 1
| #define HAVE_SYS_QUEUE_H 1
| #define HAVE_DECL__POSIX_LOGIN_NAME_MAX 1
| #define HAVE_DECL_CHAR_BIT 1
| #define SIZEOF_MODE_T 4
| /* end confdefs.h.  */
| #include <stdio.h>
| #ifdef HAVE_SYS_TYPES_H
| # include <sys/types.h>
| #endif
| #ifdef HAVE_SYS_STAT_H
| # include <sys/stat.h>
| #endif
| #ifdef STDC_HEADERS
| # include <stdlib.h>
| # include <stddef.h>
| #else
| # ifdef HAVE_STDLIB_H
| #  include <stdlib.h>
| # endif
| #endif
| #ifdef HAVE_STRING_H
| # if !defined STDC_HEADERS && defined HAVE_MEMORY_H
| #  include <memory.h>
| # endif
| # include <string.h>
| #endif
| #ifdef HAVE_STRINGS_H
| # include <strings.h>
| #endif
| #ifdef HAVE_INTTYPES_H
| # include <inttypes.h>
| #endif
| #ifdef HAVE_STDINT_H
| # include <stdint.h>
| #endif
| #ifdef HAVE_UNISTD_H
| # include <unistd.h>
| #endif
| int
| main ()
| {
| static int test_array [1 - 2 * !(((long int) (sizeof (off_t))) <= 7)];
| test_array [0] = 0
| 
|   ;
|   return 0;
| }
configure:7049: sparc-rtems4.10-gcc --pipe -c -mcpu=cypress -msoft-float -O2 -g -Wall -Wimplicit-function-declaration -Wstrict-prototypes -Wnested-externs  conftest.c >&5
conftest.c:126: warning: function declaration isn't a prototype
configure:7049: $? = 0
configure:7049: sparc-rtems4.10-gcc --pipe -c -mcpu=cypress -msoft-float -O2 -g -Wall -Wimplicit-function-declaration -Wstrict-prototypes -Wnested-externs  conftest.c >&5
conftest.c:126: warning: function declaration isn't a prototype
configure:7049: $? = 0
configure:7049: sparc-rtems4.10-gcc --pipe -c -mcpu=cypress -msoft-float -O2 -g -Wall -Wimplicit-function-declaration -Wstrict-prototypes -Wnested-externs  conftest.c >&5
conftest.c:126: warning: function declaration isn't a prototype
configure:7049: $? = 0
configure:7049: sparc-rtems4.10-gcc --pipe -c -mcpu=cypress -msoft-float -O2 -g -Wall -Wimplicit-function-declaration -Wstrict-prototypes -Wnested-externs  conftest.c >&5
conftest.c:126: warning: function declaration isn't a prototype
configure:7049: $? = 0
configure:7063: result: 8
configure:7076: checking whether WORD_BIT is declared
configure:7076: sparc-rtems4.10-gcc --pipe -c -mcpu=cypress -msoft-float -O2 -g -Wall -Wimplicit-function-declaration -Wstrict-prototypes -Wnested-externs  conftest.c >&5
conftest.c:96: warning: function declaration isn't a prototype
conftest.c: In function 'main':
conftest.c:101: error: 'WORD_BIT' undeclared (first use in this function)
conftest.c:101: error: (Each undeclared identifier is reported only once
conftest.c:101: error: for each function it appears in.)
configure:7076: $? = 1
configure: failed program was:
| /* confdefs.h */
| #define PACKAGE_NAME "rtems-cpukit"
| #define PACKAGE_TARNAME "rtems-cpukit"
| #define PACKAGE_VERSION "4.10.2"
| #define PACKAGE_STRING "rtems-cpukit 4.10.2"
| #define PACKAGE_BUGREPORT "http://www.rtems.org/bugzilla"
| #define PACKAGE_URL ""
| #define RTEMS_NEWLIB 1
| #define HAVE_STRSEP 1
| #define HAVE_STRCASECMP 1
| #define HAVE_SNPRINTF 1
| #define HAVE_STRDUP 1
| #define HAVE_STRNDUP 1
| #define HAVE_STRNCASECMP 1
| #define HAVE_BCOPY 1
| #define HAVE_BCMP 1
| #define HAVE_ISASCII 1
| #define HAVE_FILENO 1
| #define HAVE_SLEEP 1
| #define HAVE_USLEEP 1
| #define HAVE_OPENDIR 1
| #define HAVE_CLOSEDIR 1
| #define HAVE_READDIR 1
| #define HAVE_READDIR_R 1
| #define HAVE_REWINDDIR 1
| #define HAVE_SCANDIR 1
| #define HAVE_SEEKDIR 1
| #define HAVE_TELLDIR 1
| #define HAVE_ISATTY 1
| #define HAVE_CREAT 1
| #define HAVE___ASSERT 1
| #define HAVE_EXECL 1
| #define HAVE_EXECLP 1
| #define HAVE_EXECLE 1
| #define HAVE_EXECV 1
| #define HAVE_EXECVP 1
| #define HAVE_EXECVE 1
| #define HAVE_REGCOMP 1
| #define HAVE_REGEXEC 1
| #define HAVE_REGERROR 1
| #define HAVE_REGFREE 1
| #define HAVE_DECL_FLOCKFILE 1
| #define HAVE_DECL_FUNLOCKFILE 1
| #define HAVE_DECL_FTRYLOCKFILE 1
| #define HAVE_TTYNAME 1
| #define HAVE_GETCWD 1
| #define STDC_HEADERS 1
| #define HAVE_SYS_TYPES_H 1
| #define HAVE_SYS_STAT_H 1
| #define HAVE_STDLIB_H 1
| #define HAVE_STRING_H 1
| #define HAVE_STRINGS_H 1
| #define HAVE_INTTYPES_H 1
| #define HAVE_STDINT_H 1
| #define HAVE_UNISTD_H 1
| #define HAVE_TAR_H 1
| #define HAVE_ERRNO_H 1
| #define HAVE_SCHED_H 1
| #define HAVE__BOOL 1
| #define HAVE_STDBOOL_H 1
| #define HAVE_UINT8_T 1
| #define HAVE_INT8_T 1
| #define HAVE_UINT16_T 1
| #define HAVE_INT16_T 1
| #define HAVE_UINT32_T 1
| #define HAVE_INT32_T 1
| #define HAVE_UINT64_T 1
| #define HAVE_INT64_T 1
| #define HAVE_UINTMAX_T 1
| #define HAVE_INTMAX_T 1
| #define HAVE_UINTPTR_T 1
| #define HAVE_INTPTR_T 1
| #define HAVE_PTHREAD_RWLOCK_T 1
| #define HAVE_PTHREAD_BARRIER_T 1
| #define HAVE_PTHREAD_SPINLOCK_T 1
| #define RTEMS_MULTIPROCESSING 1
| #define RTEMS_NEWLIB 1
| #define RTEMS_POSIX_API 1
| #define RTEMS_NETWORKING 1
| #define RTEMS_DRVMGR_STARTUP 1
| #define RTEMS_VERSION "4.10.2"
| #define __RTEMS_MAJOR__ 4
| #define __RTEMS_MINOR__ 10
| #define __RTEMS_REVISION__ 2
| #define HAVE_SYS_CDEFS_H 1
| #define HAVE_SYS_QUEUE_H 1
| #define HAVE_DECL__POSIX_LOGIN_NAME_MAX 1
| #define HAVE_DECL_CHAR_BIT 1
| #define SIZEOF_MODE_T 4
| #define SIZEOF_OFF_T 8
| /* end confdefs.h.  */
| #include <limits.h>
| 
| int
| main ()
| {
| #ifndef WORD_BIT
| #ifdef __cplusplus
|   (void) WORD_BIT;
| #else
|   (void) WORD_BIT;
| #endif
| #endif
| 
|   ;
|   return 0;
| }
configure:7076: result: no
configure:7088: checking whether LONG_BIT is declared
configure:7088: sparc-rtems4.10-gcc --pipe -c -mcpu=cypress -msoft-float -O2 -g -Wall -Wimplicit-function-declaration -Wstrict-prototypes -Wnested-externs  conftest.c >&5
conftest.c:97: warning: function declaration isn't a prototype
conftest.c: In function 'main':
conftest.c:102: error: 'LONG_BIT' undeclared (first use in this function)
conftest.c:102: error: (Each undeclared identifier is reported only once
conftest.c:102: error: for each function it appears in.)
configure:7088: $? = 1
configure: failed program was:
| /* confdefs.h */
| #define PACKAGE_NAME "rtems-cpukit"
| #define PACKAGE_TARNAME "rtems-cpukit"
| #define PACKAGE_VERSION "4.10.2"
| #define PACKAGE_STRING "rtems-cpukit 4.10.2"
| #define PACKAGE_BUGREPORT "http://www.rtems.org/bugzilla"
| #define PACKAGE_URL ""
| #define RTEMS_NEWLIB 1
| #define HAVE_STRSEP 1
| #define HAVE_STRCASECMP 1
| #define HAVE_SNPRINTF 1
| #define HAVE_STRDUP 1
| #define HAVE_STRNDUP 1
| #define HAVE_STRNCASECMP 1
| #define HAVE_BCOPY 1
| #define HAVE_BCMP 1
| #define HAVE_ISASCII 1
| #define HAVE_FILENO 1
| #define HAVE_SLEEP 1
| #define HAVE_USLEEP 1
| #define HAVE_OPENDIR 1
| #define HAVE_CLOSEDIR 1
| #define HAVE_READDIR 1
| #define HAVE_READDIR_R 1
| #define HAVE_REWINDDIR 1
| #define HAVE_SCANDIR 1
| #define HAVE_SEEKDIR 1
| #define HAVE_TELLDIR 1
| #define HAVE_ISATTY 1
| #define HAVE_CREAT 1
| #define HAVE___ASSERT 1
| #define HAVE_EXECL 1
| #define HAVE_EXECLP 1
| #define HAVE_EXECLE 1
| #define HAVE_EXECV 1
| #define HAVE_EXECVP 1
| #define HAVE_EXECVE 1
| #define HAVE_REGCOMP 1
| #define HAVE_REGEXEC 1
| #define HAVE_REGERROR 1
| #define HAVE_REGFREE 1
| #define HAVE_DECL_FLOCKFILE 1
| #define HAVE_DECL_FUNLOCKFILE 1
| #define HAVE_DECL_FTRYLOCKFILE 1
| #define HAVE_TTYNAME 1
| #define HAVE_GETCWD 1
| #define STDC_HEADERS 1
| #define HAVE_SYS_TYPES_H 1
| #define HAVE_SYS_STAT_H 1
| #define HAVE_STDLIB_H 1
| #define HAVE_STRING_H 1
| #define HAVE_STRINGS_H 1
| #define HAVE_INTTYPES_H 1
| #define HAVE_STDINT_H 1
| #define HAVE_UNISTD_H 1
| #define HAVE_TAR_H 1
| #define HAVE_ERRNO_H 1
| #define HAVE_SCHED_H 1
| #define HAVE__BOOL 1
| #define HAVE_STDBOOL_H 1
| #define HAVE_UINT8_T 1
| #define HAVE_INT8_T 1
| #define HAVE_UINT16_T 1
| #define HAVE_INT16_T 1
| #define HAVE_UINT32_T 1
| #define HAVE_INT32_T 1
| #define HAVE_UINT64_T 1
| #define HAVE_INT64_T 1
| #define HAVE_UINTMAX_T 1
| #define HAVE_INTMAX_T 1
| #define HAVE_UINTPTR_T 1
| #define HAVE_INTPTR_T 1
| #define HAVE_PTHREAD_RWLOCK_T 1
| #define HAVE_PTHREAD_BARRIER_T 1
| #define HAVE_PTHREAD_SPINLOCK_T 1
| #define RTEMS_MULTIPROCESSING 1
| #define RTEMS_NEWLIB 1
| #define RTEMS_POSIX_API 1
| #define RTEMS_NETWORKING 1
| #define RTEMS_DRVMGR_STARTUP 1
| #define RTEMS_VERSION "4.10.2"
| #define __RTEMS_MAJOR__ 4
| #define __RTEMS_MINOR__ 10
| #define __RTEMS_REVISION__ 2
| #define HAVE_SYS_CDEFS_H 1
| #define HAVE_SYS_QUEUE_H 1
| #define HAVE_DECL__POSIX_LOGIN_NAME_MAX 1
| #define HAVE_DECL_CHAR_BIT 1
| #define SIZEOF_MODE_T 4
| #define SIZEOF_OFF_T 8
| #define HAVE_DECL_WORD_BIT 0
| /* end confdefs.h.  */
| #include <limits.h>
| 
| int
| main ()
| {
| #ifndef LONG_BIT
| #ifdef __cplusplus
|   (void) LONG_BIT;
| #else
|   (void) LONG_BIT;
| #endif
| #endif
| 
|   ;
|   return 0;
| }
configure:7088: result: no
configure:7102: checking whether sbrk is declared
configure:7102: sparc-rtems4.10-gcc --pipe -c -mcpu=cypress -msoft-float -O2 -g -Wall -Wimplicit-function-declaration -Wstrict-prototypes -Wnested-externs  conftest.c >&5
conftest.c:98: warning: function declaration isn't a prototype
configure:7102: $? = 0
configure:7102: result: yes
configure:7119: checking for strlcpy
configure:7119: sparc-rtems4.10-gcc --pipe -o conftest -mcpu=cypress -msoft-float -O2 -g -Wall -Wimplicit-function-declaration -Wstrict-prototypes -Wnested-externs   conftest.c  >&5
conftest.c:118: warning: function declaration isn't a prototype
conftest.c:128: warning: function declaration isn't a prototype
/opt/rtems-4.10/lib/gcc/sparc-rtems4.10/4.4.7/../../../../sparc-rtems4.10/bin/ld: warning: cannot find entry symbol _start; defaulting to 00010074
configure:7119: $? = 0
configure:7119: result: yes
configure:7119: checking for strlcat
configure:7119: sparc-rtems4.10-gcc --pipe -o conftest -mcpu=cypress -msoft-float -O2 -g -Wall -Wimplicit-function-declaration -Wstrict-prototypes -Wnested-externs   conftest.c  >&5
conftest.c:119: warning: function declaration isn't a prototype
conftest.c:129: warning: function declaration isn't a prototype
/opt/rtems-4.10/lib/gcc/sparc-rtems4.10/4.4.7/../../../../sparc-rtems4.10/bin/ld: warning: cannot find entry symbol _start; defaulting to 00010074
configure:7119: $? = 0
configure:7119: result: yes
configure:7259: checking for rpcgen
configure:7275: found /usr/bin/rpcgen
configure:7286: result: rpcgen
configure:7309: checking for perl
configure:7327: found /usr/bin/perl
configure:7339: result: /usr/bin/perl
configure:7581: creating ./config.status

## ---------------------- ##
## Running config.status. ##
## ---------------------- ##

This file was extended by rtems-cpukit config.status 4.10.2, which was
generated by GNU Autoconf 2.68.  Invocation command line was

  CONFIG_FILES    = 
  CONFIG_HEADERS  = 
  CONFIG_LINKS    = 
  CONFIG_COMMANDS = 
  $ ./config.status 

on ubuntu

config.status:1063: creating Doxyfile
config.status:1063: creating Makefile
config.status:1063: creating rtems/Makefile
config.status:1063: creating sapi/Makefile
config.status:1063: creating score/Makefile
config.status:1063: creating score/cpu/Makefile
config.status:1063: creating score/cpu/arm/Makefile
config.status:1063: creating score/cpu/bfin/Makefile
config.status:1063: creating score/cpu/avr/Makefile
config.status:1063: creating score/cpu/h8300/Makefile
config.status:1063: creating score/cpu/i386/Makefile
config.status:1063: creating score/cpu/lm32/Makefile
config.status:1063: creating score/cpu/m68k/Makefile
config.status:1063: creating score/cpu/m32c/Makefile
config.status:1063: creating score/cpu/m32r/Makefile
config.status:1063: creating score/cpu/mips/Makefile
config.status:1063: creating score/cpu/powerpc/Makefile
config.status:1063: creating score/cpu/sh/Makefile
config.status:1063: creating score/cpu/sparc/Makefile
config.status:1063: creating score/cpu/no_cpu/Makefile
config.status:1063: creating posix/Makefile
config.status:1063: creating itron/Makefile
config.status:1063: creating libblock/Makefile
config.status:1063: creating libdrvmgr/Makefile
config.status:1063: creating libfs/Makefile
config.status:1063: creating libfs/src/nfsclient/Makefile
config.status:1063: creating libgnat/Makefile
config.status:1063: creating libcsupport/Makefile
config.status:1063: creating libnetworking/Makefile
config.status:1063: creating libpci/Makefile
config.status:1063: creating librpc/Makefile
config.status:1063: creating libmisc/Makefile
config.status:1063: creating libi2c/Makefile
config.status:1063: creating libmd/Makefile
config.status:1063: creating zlib/Makefile
config.status:1063: creating httpd/Makefile
config.status:1063: creating ftpd/Makefile
config.status:1063: creating telnetd/Makefile
config.status:1063: creating pppd/Makefile
config.status:1063: creating shttpd/Makefile
config.status:1063: creating mghttpd/Makefile
config.status:1063: creating wrapup/Makefile
config.status:1063: creating config.h
config.status:1277: executing depfiles commands
config.status:1277: executing default-1 commands
config.status:1277: executing preinstall-stamp commands

## ---------------- ##
## Cache variables. ##
## ---------------- ##

ac_cv_build=i686-pc-linux-gnu
ac_cv_c_compiler_gnu=yes
ac_cv_env_CCASFLAGS_set=
ac_cv_env_CCASFLAGS_value=
ac_cv_env_CCAS_set=
ac_cv_env_CCAS_value=
ac_cv_env_CC_set=
ac_cv_env_CC_value=
ac_cv_env_CFLAGS_set=set
ac_cv_env_CFLAGS_value='-mcpu=cypress -msoft-float -O2 -g -Wall -Wimplicit-function-declaration -Wstrict-prototypes -Wnested-externs'
ac_cv_env_CPPFLAGS_set=
ac_cv_env_CPPFLAGS_value=
ac_cv_env_CPP_set=
ac_cv_env_CPP_value=
ac_cv_env_LDFLAGS_set=
ac_cv_env_LDFLAGS_value=
ac_cv_env_LIBS_set=
ac_cv_env_LIBS_value=
ac_cv_env_build_alias_set=set
ac_cv_env_build_alias_value=i686-pc-linux-gnu
ac_cv_env_host_alias_set=set
ac_cv_env_host_alias_value=sparc-rtems4.10
ac_cv_env_target_alias_set=set
ac_cv_env_target_alias_value=sparc-rtems4.10
ac_cv_func___assert=yes
ac_cv_func_bcmp=yes
ac_cv_func_bcopy=yes
ac_cv_func_closedir=yes
ac_cv_func_creat=yes
ac_cv_func_execl=yes
ac_cv_func_execle=yes
ac_cv_func_execlp=yes
ac_cv_func_execv=yes
ac_cv_func_execve=yes
ac_cv_func_execvp=yes
ac_cv_func_fileno=yes
ac_cv_func_flockfile=no
ac_cv_func_ftrylockfile=no
ac_cv_func_funlockfile=no
ac_cv_func_getcwd=yes
ac_cv_func_isascii=yes
ac_cv_func_isatty=yes
ac_cv_func_opendir=yes
ac_cv_func_readdir=yes
ac_cv_func_readdir_r=yes
ac_cv_func_regcomp=yes
ac_cv_func_regerror=yes
ac_cv_func_regexec=yes
ac_cv_func_regfree=yes
ac_cv_func_rewinddir=yes
ac_cv_func_scandir=yes
ac_cv_func_seekdir=yes
ac_cv_func_sleep=yes
ac_cv_func_snprintf=yes
ac_cv_func_strcasecmp=yes
ac_cv_func_strdup=yes
ac_cv_func_strlcat=yes
ac_cv_func_strlcpy=yes
ac_cv_func_strncasecmp=yes
ac_cv_func_strndup=yes
ac_cv_func_strsep=yes
ac_cv_func_telldir=yes
ac_cv_func_ttyname=yes
ac_cv_func_usleep=yes
ac_cv_have_decl_CHAR_BIT=yes
ac_cv_have_decl_LONG_BIT=no
ac_cv_have_decl_WORD_BIT=no
ac_cv_have_decl__POSIX_LOGIN_NAME_MAX=yes
ac_cv_have_decl_flockfile=yes
ac_cv_have_decl_ftrylockfile=yes
ac_cv_have_decl_funlockfile=yes
ac_cv_have_decl_sbrk=yes
ac_cv_header_errno_h=yes
ac_cv_header_inttypes_h=yes
ac_cv_header_memory_h=no
ac_cv_header_pthread_h=yes
ac_cv_header_sched_h=yes
ac_cv_header_stdbool_h=yes
ac_cv_header_stdc=yes
ac_cv_header_stdint_h=yes
ac_cv_header_stdlib_h=yes
ac_cv_header_string_h=yes
ac_cv_header_strings_h=yes
ac_cv_header_sys_cdefs_h=yes
ac_cv_header_sys_queue_h=yes
ac_cv_header_sys_stat_h=yes
ac_cv_header_sys_types_h=yes
ac_cv_header_tar_h=yes
ac_cv_header_unistd_h=yes
ac_cv_host=sparc-unknown-rtems4.10
ac_cv_objext=o
ac_cv_path_EGREP='/bin/grep -E'
ac_cv_path_GREP=/bin/grep
ac_cv_path_PERL=/usr/bin/perl
ac_cv_path_install='/usr/bin/install -c'
ac_cv_path_mkdir=/bin/mkdir
ac_cv_prog_AR=sparc-rtems4.10-ar
ac_cv_prog_AWK=mawk
ac_cv_prog_CC=sparc-rtems4.10-gcc
ac_cv_prog_CPP='sparc-rtems4.10-gcc -E'
ac_cv_prog_MAKE=make
ac_cv_prog_RANLIB=sparc-rtems4.10-ranlib
ac_cv_prog_RPCGEN=rpcgen
ac_cv_prog_STRIP=sparc-rtems4.10-strip
ac_cv_prog_cc_c89=
ac_cv_prog_cc_g=yes
ac_cv_prog_cc_sparc_rtems4_10_gcc_c_o=yes
ac_cv_prog_make_make_set=yes
ac_cv_sizeof_mode_t=4
ac_cv_sizeof_off_t=8
ac_cv_type__Bool=yes
ac_cv_type_int16_t=yes
ac_cv_type_int32_t=yes
ac_cv_type_int64_t=yes
ac_cv_type_int8_t=yes
ac_cv_type_intmax_t=yes
ac_cv_type_intptr_t=yes
ac_cv_type_pthread_barrier_t=yes
ac_cv_type_pthread_rwlock_t=yes
ac_cv_type_pthread_spinlock_t=yes
ac_cv_type_uint16_t=yes
ac_cv_type_uint32_t=yes
ac_cv_type_uint64_t=yes
ac_cv_type_uint8_t=yes
ac_cv_type_uintmax_t=yes
ac_cv_type_uintptr_t=yes
am_cv_CCAS_dependencies_compiler_type=gcc3
am_cv_CC_dependencies_compiler_type=gcc3
rtems_cv_CFLAGS_set=set
rtems_cv_HAS_ITRON_API=disabled
rtems_cv_HAS_NETWORKING=yes
rtems_cv_HAS_POSIX_API=yes
rtems_cv_PRINTF_LD_OFF_T=no
rtems_cv_PRINTF_LLD_OFF_T=yes
rtems_cv_PRINTF_ZD_SSIZE_T=yes
rtems_cv_PRINTF_ZU_SIZE_T=yes
rtems_cv_PRIdPTR=yes
rtems_cv_PRIuPTR=yes
rtems_cv_PRIxPTR=yes
rtems_cv_cc_attribute_weak=yes
rtems_cv_gcc_pipe=yes
rtems_cv_use_newlib=yes

## ----------------- ##
## Output variables. ##
## ----------------- ##

ACLOCAL='${SHELL} /opt/rtems-4.10/tool/rtems-4.10/missing --run aclocal-1.11'
AMDEPBACKSLASH='\'
AMDEP_FALSE='#'
AMDEP_TRUE=''
AMPOLISH3='$(PERL) /opt/rtems-4.10/tool/rtems-4.10/ampolish3'
AMPOLISH3_FALSE=''
AMPOLISH3_TRUE='#'
AMTAR='${SHELL} /opt/rtems-4.10/tool/rtems-4.10/missing --run tar'
AR='sparc-rtems4.10-ar'
AUTOCONF='${SHELL} /opt/rtems-4.10/tool/rtems-4.10/missing --run autoconf'
AUTOHEADER='${SHELL} /opt/rtems-4.10/tool/rtems-4.10/missing --run autoheader'
AUTOMAKE='${SHELL} /opt/rtems-4.10/tool/rtems-4.10/missing --run automake-1.11'
AWK='mawk'
CC='sparc-rtems4.10-gcc --pipe'
CCAS='sparc-rtems4.10-gcc --pipe'
CCASDEPMODE='depmode=gcc3'
CCASFLAGS='-mcpu=cypress -msoft-float -O2 -g -Wall -Wimplicit-function-declaration -Wstrict-prototypes -Wnested-externs'
CCDEPMODE='depmode=gcc3'
CFLAGS='-mcpu=cypress -msoft-float -O2 -g -Wall -Wimplicit-function-declaration -Wstrict-prototypes -Wnested-externs'
CPP='sparc-rtems4.10-gcc -E'
CPPFLAGS=''
CYGPATH_W='echo'
DEFS='-DHAVE_CONFIG_H'
DEPDIR='.deps'
ECHO_C=''
ECHO_N='-n'
ECHO_T=''
EGREP='/bin/grep -E'
EXEEXT=''
GREP='/bin/grep'
HAS_MP_FALSE='#'
HAS_MP_TRUE=''
HAS_PTHREADS_FALSE='#'
HAS_PTHREADS_TRUE=''
INSTALL_DATA='${INSTALL} -m 644'
INSTALL_PROGRAM='${INSTALL}'
INSTALL_SCRIPT='${INSTALL}'
INSTALL_STRIP_PROGRAM='$(install_sh) -c -s'
LDFLAGS=''
LIBDOSFS_FALSE='#'
LIBDOSFS_TRUE=''
LIBGNAT_FALSE=''
LIBGNAT_TRUE='#'
LIBHTTPD_FALSE=''
LIBHTTPD_TRUE='#'
LIBITRON_FALSE=''
LIBITRON_TRUE='#'
LIBNETWORKING_FALSE='#'
LIBNETWORKING_TRUE=''
LIBOBJS=''
LIBRPC_FALSE='#'
LIBRPC_TRUE=''
LIBS=''
LIBSERDBG_FALSE='#'
LIBSERDBG_TRUE=''
LIBSHELL_FALSE='#'
LIBSHELL_TRUE=''
LIBSHTTPD_FALSE=''
LIBSHTTPD_TRUE='#'
LTLIBOBJS=''
MAINT='#'
MAINTAINER_MODE_FALSE=''
MAINTAINER_MODE_TRUE='#'
MAKE='make'
MAKEINFO='${SHELL} /opt/rtems-4.10/tool/rtems-4.10/missing --run makeinfo'
MKDIR_P='/bin/mkdir -p'
MULTIBUILDTOP=''
MULTILIB_FALSE=''
MULTILIB_TRUE='#'
MULTISUBDIR=''
NEED_SYS_CDEFS_H_FALSE=''
NEED_SYS_CDEFS_H_TRUE='#'
NEED_SYS_QUEUE_H_FALSE=''
NEED_SYS_QUEUE_H_TRUE='#'
NEWLIB_FALSE='#'
NEWLIB_TRUE=''
OBJEXT='o'
PACKAGE='rtems-cpukit'
PACKAGE_BUGREPORT='http://www.rtems.org/bugzilla'
PACKAGE_NAME='rtems-cpukit'
PACKAGE_STRING='rtems-cpukit 4.10.2'
PACKAGE_TARNAME='rtems-cpukit'
PACKAGE_URL=''
PACKAGE_VERSION='4.10.2'
PATH_SEPARATOR=':'
PERL='/usr/bin/perl'
PROJECT_INCLUDE='$(top_builddir)/../$(MULTIBUILDTOP)cpukit/../../../leon3/lib/include'
PROJECT_LIB='$(top_builddir)/../$(MULTIBUILDTOP)cpukit/../../../leon3/lib$(MULTISUBDIR)'
RANLIB='sparc-rtems4.10-ranlib'
RPCGEN='rpcgen'
RPCTOOLS_FALSE=''
RPCTOOLS_TRUE='#'
RTEMS_CCASFLAGS='-DASM $(CFLAGS)'
RTEMS_CPPFLAGS='-I$(top_builddir) -I$(PROJECT_INCLUDE)'
RTEMS_CPU='sparc'
RTEMS_HAS_POSIX_API='yes'
RTEMS_RELLDFLAGS='-qnolinkcmds -nostdlib -r'
RTEMS_TOPdir='..'
RTEMS_USE_NEWLIB='yes'
SET_MAKE=''
SHELL='/bin/bash'
STRIP='sparc-rtems4.10-strip'
VERSION='4.10.2'
ac_ct_CC=''
am__EXEEXT_FALSE=''
am__EXEEXT_TRUE='#'
am__fastdepCCAS_FALSE='#'
am__fastdepCCAS_TRUE=''
am__fastdepCC_FALSE='#'
am__fastdepCC_TRUE=''
am__include='include'
am__isrc=' -I$(srcdir)'
am__leading_dot='.'
am__quote=''
am__tar='${AMTAR} chof - "$$tardir"'
am__untar='${AMTAR} xf -'
bindir='${exec_prefix}/bin'
build='i686-pc-linux-gnu'
build_alias='i686-pc-linux-gnu'
build_cpu='i686'
build_os='linux-gnu'
build_vendor='pc'
datadir='${datarootdir}'
datarootdir='${prefix}/share'
dirstamp='${am__leading_dot}dirstamp'
docdir='${datarootdir}/doc/${PACKAGE_TARNAME}'
dvidir='${docdir}'
exec_prefix='/opt/rtems-4.10/sparc-rtems4.10'
host='sparc-unknown-rtems4.10'
host_alias='sparc-rtems4.10'
host_cpu='sparc'
host_os='rtems4.10'
host_vendor='unknown'
htmldir='${docdir}'
includedir='/opt/rtems-4.10/sparc-rtems4.10/leon3/lib/include'
infodir='${datarootdir}/info'
install_sh='${SHELL} /opt/rtems-4.10/tool/rtems-4.10/install-sh'
libdir='/opt/rtems-4.10/sparc-rtems4.10/leon3/lib$(MULTISUBDIR)'
libexecdir='${exec_prefix}/libexec'
localedir='${datarootdir}/locale'
localstatedir='${prefix}/var'
mandir='${datarootdir}/man'
mkdir_p='/bin/mkdir -p'
multilib_basedir='../../../../../rtems-4.10/c/src/../../cpukit/..'
oldincludedir='/usr/include'
pdfdir='${docdir}'
prefix='/opt/rtems-4.10'
program_transform_name='s,x,x,'
project_includedir='$(includedir)'
project_libdir='$(libdir)'
psdir='${docdir}'
sbindir='${exec_prefix}/sbin'
sharedstatedir='${prefix}/com'
sysconfdir='${prefix}/etc'
target_alias='sparc-rtems4.10'

## ----------- ##
## confdefs.h. ##
## ----------- ##

/* confdefs.h */
#define PACKAGE_NAME "rtems-cpukit"
#define PACKAGE_TARNAME "rtems-cpukit"
#define PACKAGE_VERSION "4.10.2"
#define PACKAGE_STRING "rtems-cpukit 4.10.2"
#define PACKAGE_BUGREPORT "http://www.rtems.org/bugzilla"
#define PACKAGE_URL ""
#define RTEMS_NEWLIB 1
#define HAVE_STRSEP 1
#define HAVE_STRCASECMP 1
#define HAVE_SNPRINTF 1
#define HAVE_STRDUP 1
#define HAVE_STRNDUP 1
#define HAVE_STRNCASECMP 1
#define HAVE_BCOPY 1
#define HAVE_BCMP 1
#define HAVE_ISASCII 1
#define HAVE_FILENO 1
#define HAVE_SLEEP 1
#define HAVE_USLEEP 1
#define HAVE_OPENDIR 1
#define HAVE_CLOSEDIR 1
#define HAVE_READDIR 1
#define HAVE_READDIR_R 1
#define HAVE_REWINDDIR 1
#define HAVE_SCANDIR 1
#define HAVE_SEEKDIR 1
#define HAVE_TELLDIR 1
#define HAVE_ISATTY 1
#define HAVE_CREAT 1
#define HAVE___ASSERT 1
#define HAVE_EXECL 1
#define HAVE_EXECLP 1
#define HAVE_EXECLE 1
#define HAVE_EXECV 1
#define HAVE_EXECVP 1
#define HAVE_EXECVE 1
#define HAVE_REGCOMP 1
#define HAVE_REGEXEC 1
#define HAVE_REGERROR 1
#define HAVE_REGFREE 1
#define HAVE_DECL_FLOCKFILE 1
#define HAVE_DECL_FUNLOCKFILE 1
#define HAVE_DECL_FTRYLOCKFILE 1
#define HAVE_TTYNAME 1
#define HAVE_GETCWD 1
#define STDC_HEADERS 1
#define HAVE_SYS_TYPES_H 1
#define HAVE_SYS_STAT_H 1
#define HAVE_STDLIB_H 1
#define HAVE_STRING_H 1
#define HAVE_STRINGS_H 1
#define HAVE_INTTYPES_H 1
#define HAVE_STDINT_H 1
#define HAVE_UNISTD_H 1
#define HAVE_TAR_H 1
#define HAVE_ERRNO_H 1
#define HAVE_SCHED_H 1
#define HAVE__BOOL 1
#define HAVE_STDBOOL_H 1
#define HAVE_UINT8_T 1
#define HAVE_INT8_T 1
#define HAVE_UINT16_T 1
#define HAVE_INT16_T 1
#define HAVE_UINT32_T 1
#define HAVE_INT32_T 1
#define HAVE_UINT64_T 1
#define HAVE_INT64_T 1
#define HAVE_UINTMAX_T 1
#define HAVE_INTMAX_T 1
#define HAVE_UINTPTR_T 1
#define HAVE_INTPTR_T 1
#define HAVE_PTHREAD_RWLOCK_T 1
#define HAVE_PTHREAD_BARRIER_T 1
#define HAVE_PTHREAD_SPINLOCK_T 1
#define RTEMS_MULTIPROCESSING 1
#define RTEMS_NEWLIB 1
#define RTEMS_POSIX_API 1
#define RTEMS_NETWORKING 1
#define RTEMS_DRVMGR_STARTUP 1
#define RTEMS_VERSION "4.10.2"
#define __RTEMS_MAJOR__ 4
#define __RTEMS_MINOR__ 10
#define __RTEMS_REVISION__ 2
#define HAVE_SYS_CDEFS_H 1
#define HAVE_SYS_QUEUE_H 1
#define HAVE_DECL__POSIX_LOGIN_NAME_MAX 1
#define HAVE_DECL_CHAR_BIT 1
#define SIZEOF_MODE_T 4
#define SIZEOF_OFF_T 8
#define HAVE_DECL_WORD_BIT 0
#define HAVE_DECL_LONG_BIT 0
#define HAVE_DECL_SBRK 1
#define HAVE_STRLCPY 1
#define HAVE_STRLCAT 1

configure: exit 0
